19292: 22:12:59.066 - ---
19292: 22:12:59.066 - Service: "Photon Socket Server" starting
19292: 22:12:59.066 - Config File: C:\Users\duong\Desktop\XuSoMuonThu\ServerXuSoMuonThu\deploy\bin_Win64\PhotonServer.config
19292: 22:12:59.069 - Will produce at most: 10 crash dumps
19292: 22:12:59.069 - Service shutting down
19292: 22:12:59.069 - Service shut down complete
28948: 23:33:54.603 - ---
28948: 23:33:54.603 - Service: "Photon Socket Server" starting
28948: 23:33:54.603 - Config File: C:\Users\duong\Desktop\XuSoMuonThu\ServerXuSoMuonThu\deploy\bin_Win64\PhotonServer.config
28948: 23:33:54.604 - Will produce at most: 10 crash dumps
28948: 23:33:54.604 - Service shutting down
28948: 23:33:54.605 - Service shut down complete
29716: 23:35:11.382 - ---
29716: 23:35:11.382 - Service: "Photon Socket Server" starting
29716: 23:35:11.382 - Config File: C:\Users\duong\Desktop\XuSoMuonThu\ServerXuSoMuonThu\deploy\bin_Win64\PhotonServer.config
29716: 23:35:11.385 - Will produce at most: 10 crash dumps
29716: 23:35:11.385 - Service shutting down
29716: 23:35:11.387 - Service shut down complete
28500: 23:38:20.438 - ---
28500: 23:38:20.438 - Service: "Photon Socket Server" starting
28500: 23:38:20.438 - Config File: C:\Users\duong\Desktop\XuSoMuonThu\ServerXuSoMuonThu\deploy\bin_Win64\PhotonServer.config
28500: 23:38:20.440 - Will produce at most: 10 crash dumps
28500: 23:38:20.440 - Service shutting down
28500: 23:38:20.440 - Service shut down complete
27916: 23:40:50.815 - ---
27916: 23:40:50.815 - Service: "Photon Socket Server" starting
27916: 23:40:50.815 - Config File: C:\Users\duong\Desktop\XuSoMuonThu\ServerXuSoMuonThu\deploy\bin_Win64\PhotonServer.config
27916: 23:40:50.817 - Will produce at most: 10 crash dumps
27916: 23:40:50.817 - Service shutting down
27916: 23:40:50.818 - Service shut down complete
3224: 23:43:41.213 - ---
3224: 23:43:41.213 - Service: "Photon Socket Server" starting
3224: 23:43:41.213 - Config File: C:\Users\duong\Desktop\XuSoMuonThu\ServerXuSoMuonThu\deploy\bin_Win64\PhotonServer.config
3224: 23:43:41.215 - Will produce at most: 10 crash dumps
3224: 23:43:41.215 - Service shutting down
3224: 23:43:41.216 - Service shut down complete
27700: 23:45:54.262 - ---
27700: 23:45:54.262 - Service: "Photon Socket Server" starting
27700: 23:45:54.262 - Config File: C:\Users\duong\Desktop\XuSoMuonThu\ServerXuSoMuonThu\deploy\bin_Win64\PhotonServer.config
27700: 23:45:54.264 - Will produce at most: 10 crash dumps
27700: 23:45:54.264 - Service shutting down
27700: 23:45:54.265 - Service shut down complete
22372: 23:47:35.086 - ---
22372: 23:47:35.086 - Service: "Photon Socket Server" starting
22372: 23:47:35.086 - Config File: C:\Users\duong\Desktop\XuSoMuonThu\ServerXuSoMuonThu\deploy\bin_Win64\PhotonServer.config
22372: 23:47:35.088 - Will produce at most: 10 crash dumps
22372: 23:47:35.088 - Service shutting down
22372: 23:47:35.089 - Service shut down complete
