17000: 20:50:10.231 - ---
17000: 20:50:10.231 - Service: "Photon Socket Server" starting
17000: 20:50:10.231 - Config File: C:\Users\duong\Desktop\XuSoMuonThu\ServerXuSoMuonThu\deploy\bin_Win64\PhotonServer.config
17000: 20:50:10.233 - Will produce at most: 10 crash dumps
17000: 20:50:10.233 - Service shutting down
17000: 20:50:10.233 - Service shut down complete
13484: 22:44:19.367 - ---
13484: 22:44:19.367 - Service: "Photon Socket Server" starting
13484: 22:44:19.367 - Config File: C:\Users\duong\Desktop\XuSoMuonThu\ServerXuSoMuonThu\deploy\bin_Win64\PhotonServer.config
13484: 22:44:19.368 - Will produce at most: 10 crash dumps
13484: 22:44:19.369 - Service shutting down
13484: 22:44:19.370 - Service shut down complete
11396: 22:56:34.724 - ---
11396: 22:56:34.724 - Service: "Photon Socket Server" starting
11396: 22:56:34.724 - Config File: C:\Users\duong\Desktop\XuSoMuonThu\ServerXuSoMuonThu\deploy\bin_Win64\PhotonServer.config
11396: 22:56:34.726 - Will produce at most: 10 crash dumps
11396: 22:56:34.726 - Service shutting down
11396: 22:56:34.726 - Service shut down complete
5544: 23:13:10.469 - ---
5544: 23:13:10.469 - Service: "Photon Socket Server" starting
5544: 23:13:10.470 - Config File: C:\Users\duong\Desktop\XuSoMuonThu\ServerXuSoMuonThu\deploy\bin_Win64\PhotonServer.config
5544: 23:13:10.472 - Will produce at most: 10 crash dumps
5544: 23:13:10.472 - Service shutting down
5544: 23:13:10.473 - Service shut down complete
23112: 23:52:00.344 - ---
23112: 23:52:00.344 - Service: "Photon Socket Server" starting
23112: 23:52:00.344 - Config File: C:\Users\duong\Desktop\XuSoMuonThu\ServerXuSoMuonThu\deploy\bin_Win64\PhotonServer.config
23112: 23:52:00.346 - Will produce at most: 10 crash dumps
23112: 23:52:00.347 - Service shutting down
23112: 23:52:00.348 - Service shut down complete
