15300: 20:12:30.540 - ---
15300: 20:12:30.540 - Service: "Photon Socket Server" starting
15300: 20:12:30.541 - Config File: C:\Users\duong\Desktop\XuSoMuonThu\ServerXuSoMuonThu\deploy\bin_Win64\PhotonServer.config
15300: 20:12:30.542 - Will produce at most: 10 crash dumps
15300: 20:12:30.542 - Service shutting down
15300: 20:12:30.543 - Service shut down complete
6908: 20:13:12.959 - ---
6908: 20:13:12.959 - Service: "Photon Socket Server" starting
6908: 20:13:12.959 - Config File: C:\Users\duong\Desktop\XuSoMuonThu\ServerXuSoMuonThu\deploy\bin_Win64\PhotonServer.config
6908: 20:13:12.960 - Will produce at most: 10 crash dumps
6908: 20:13:12.961 - Service shutting down
6908: 20:13:12.961 - Service shut down complete
4664: 20:15:13.358 - ---
4664: 20:15:13.358 - Service: "Photon Socket Server" starting
4664: 20:15:13.358 - Config File: C:\Users\duong\Desktop\XuSoMuonThu\ServerXuSoMuonThu\deploy\bin_Win64\PhotonServer.config
4664: 20:15:13.360 - Will produce at most: 10 crash dumps
4664: 20:15:13.360 - Service shutting down
4664: 20:15:13.361 - Service shut down complete
15516: 20:15:54.710 - ---
15516: 20:15:54.710 - Service: "Photon Socket Server" starting
15516: 20:15:54.710 - Config File: C:\Users\duong\Desktop\XuSoMuonThu\ServerXuSoMuonThu\deploy\bin_Win64\PhotonServer.config
15516: 20:15:54.712 - Will produce at most: 10 crash dumps
15516: 20:15:54.712 - Service shutting down
15516: 20:15:54.713 - Service shut down complete
15204: 20:16:17.125 - ---
15204: 20:16:17.125 - Service: "Photon Socket Server" starting
15204: 20:16:17.125 - Config File: C:\Users\duong\Desktop\XuSoMuonThu\ServerXuSoMuonThu\deploy\bin_Win64\PhotonServer.config
15204: 20:16:17.127 - Will produce at most: 10 crash dumps
15204: 20:16:17.127 - Service shutting down
15204: 20:16:17.128 - Service shut down complete
16072: 20:17:52.466 - ---
16072: 20:17:52.466 - Service: "Photon Socket Server" starting
16072: 20:17:52.466 - Config File: C:\Users\duong\Desktop\XuSoMuonThu\ServerXuSoMuonThu\deploy\bin_Win64\PhotonServer.config
16072: 20:17:52.468 - Will produce at most: 10 crash dumps
16072: 20:17:52.468 - Service shutting down
16072: 20:17:52.469 - Service shut down complete
7920: 20:18:32.503 - ---
7920: 20:18:32.503 - Service: "Photon Socket Server" starting
7920: 20:18:32.503 - Config File: C:\Users\duong\Desktop\XuSoMuonThu\ServerXuSoMuonThu\deploy\bin_Win64\PhotonServer.config
7920: 20:18:32.505 - Will produce at most: 10 crash dumps
7920: 20:18:32.505 - Service shutting down
7920: 20:18:32.506 - Service shut down complete
8996: 20:19:48.962 - ---
8996: 20:19:48.962 - Service: "Photon Socket Server" starting
8996: 20:19:48.962 - Config File: C:\Users\duong\Desktop\XuSoMuonThu\ServerXuSoMuonThu\deploy\bin_Win64\PhotonServer.config
8996: 20:19:48.964 - Will produce at most: 10 crash dumps
8996: 20:19:48.964 - Service shutting down
8996: 20:19:48.965 - Service shut down complete
16296: 20:20:17.407 - ---
16296: 20:20:17.407 - Service: "Photon Socket Server" starting
16296: 20:20:17.408 - Config File: C:\Users\duong\Desktop\XuSoMuonThu\ServerXuSoMuonThu\deploy\bin_Win64\PhotonServer.config
16296: 20:20:17.409 - Will produce at most: 10 crash dumps
16296: 20:20:17.409 - Service shutting down
16296: 20:20:17.410 - Service shut down complete
9804: 20:22:19.930 - ---
9804: 20:22:19.930 - Service: "Photon Socket Server" starting
9804: 20:22:19.930 - Config File: C:\Users\duong\Desktop\XuSoMuonThu\ServerXuSoMuonThu\deploy\bin_Win64\PhotonServer.config
9804: 20:22:19.932 - Will produce at most: 10 crash dumps
9804: 20:22:19.932 - Service shutting down
9804: 20:22:19.933 - Service shut down complete
4980: 20:26:56.151 - ---
4980: 20:26:56.151 - Service: "Photon Socket Server" starting
4980: 20:26:56.151 - Config File: C:\Users\duong\Desktop\XuSoMuonThu\ServerXuSoMuonThu\deploy\bin_Win64\PhotonServer.config
4980: 20:26:56.153 - Will produce at most: 10 crash dumps
4980: 20:26:56.153 - Service shutting down
4980: 20:26:56.154 - Service shut down complete
8096: 20:27:25.269 - ---
8096: 20:27:25.269 - Service: "Photon Socket Server" starting
8096: 20:27:25.269 - Config File: C:\Users\duong\Desktop\XuSoMuonThu\ServerXuSoMuonThu\deploy\bin_Win64\PhotonServer.config
8096: 20:27:25.271 - Will produce at most: 10 crash dumps
8096: 20:27:25.271 - Service shutting down
8096: 20:27:25.272 - Service shut down complete
7160: 20:28:14.043 - ---
7160: 20:28:14.043 - Service: "Photon Socket Server" starting
7160: 20:28:14.043 - Config File: C:\Users\duong\Desktop\XuSoMuonThu\ServerXuSoMuonThu\deploy\bin_Win64\PhotonServer.config
7160: 20:28:14.045 - Will produce at most: 10 crash dumps
7160: 20:28:14.045 - Service shutting down
7160: 20:28:14.046 - Service shut down complete
15552: 21:00:14.719 - ---
15552: 21:00:14.719 - Service: "Photon Socket Server" starting
15552: 21:00:14.719 - Config File: C:\Users\duong\Desktop\XuSoMuonThu\ServerXuSoMuonThu\deploy\bin_Win64\PhotonServer.config
15552: 21:00:14.720 - Will produce at most: 10 crash dumps
15552: 21:00:14.721 - Service shutting down
15552: 21:00:14.721 - Service shut down complete
2472: 21:45:35.541 - ---
2472: 21:45:35.541 - Service: "Photon Socket Server" starting
2472: 21:45:35.542 - Config File: C:\Users\duong\Desktop\XuSoMuonThu\ServerXuSoMuonThu\deploy\bin_Win64\PhotonServer.config
2472: 21:45:35.543 - Will produce at most: 10 crash dumps
2472: 21:45:35.543 - Service shutting down
2472: 21:45:35.544 - Service shut down complete
23204: 23:25:25.269 - ---
23204: 23:25:25.269 - Service: "Photon Socket Server" starting
23204: 23:25:25.269 - Config File: C:\Users\duong\Desktop\XuSoMuonThu\ServerXuSoMuonThu\deploy\bin_Win64\PhotonServer.config
23204: 23:25:25.270 - Will produce at most: 10 crash dumps
23204: 23:25:25.271 - Service shutting down
23204: 23:25:25.271 - Service shut down complete
13972: 23:40:52.042 - ---
13972: 23:40:52.043 - Service: "Photon Socket Server" starting
13972: 23:40:52.043 - Config File: C:\Users\duong\Desktop\XuSoMuonThu\ServerXuSoMuonThu\deploy\bin_Win64\PhotonServer.config
13972: 23:40:52.057 - Will produce at most: 10 crash dumps
13972: 23:40:52.058 - Service shutting down
13972: 23:40:52.067 - Service shut down complete
