11952: 09:30:09.049 - ---
11952: 09:30:09.049 - Service: "Photon Socket Server" starting
11952: 09:30:09.049 - Config File: C:\Users\duong\Desktop\XuSoMuonThu\ServerXuSoMuonThu\deploy\bin_Win64\PhotonServer.config
11952: 09:30:09.050 - Will produce at most: 10 crash dumps
11952: 09:30:09.051 - Service shutting down
11952: 09:30:09.052 - Service shut down complete
11892: 09:38:50.388 - ---
11892: 09:38:50.388 - Service: "Photon Socket Server" starting
11892: 09:38:50.388 - Config File: C:\Users\duong\Desktop\XuSoMuonThu\ServerXuSoMuonThu\deploy\bin_Win64\PhotonServer.config
11892: 09:38:50.389 - Will produce at most: 10 crash dumps
11892: 09:38:50.389 - Service shutting down
11892: 09:38:50.390 - Service shut down complete
8600: 09:47:17.430 - ---
8600: 09:47:17.430 - Service: "Photon Socket Server" starting
8600: 09:47:17.430 - Config File: C:\Users\duong\Desktop\XuSoMuonThu\ServerXuSoMuonThu\deploy\bin_Win64\PhotonServer.config
8600: 09:47:17.432 - Will produce at most: 10 crash dumps
8600: 09:47:17.432 - Service shutting down
8600: 09:47:17.434 - Service shut down complete
6316: 22:40:56.191 - ---
6316: 22:40:56.191 - Service: "Photon Socket Server" starting
6316: 22:40:56.191 - Config File: C:\Users\duong\Desktop\XuSoMuonThu\ServerXuSoMuonThu\deploy\bin_Win64\PhotonServer.config
6316: 22:40:56.193 - Will produce at most: 10 crash dumps
6316: 22:40:56.193 - Service shutting down
6316: 22:40:56.194 - Service shut down complete
