4916: 00:36:09.412 - ---
4916: 00:36:09.412 - Service: "Photon Socket Server" starting
4916: 00:36:09.412 - Config File: C:\Users\duong\Desktop\XuSoMuonThu\ServerXuSoMuonThu\deploy\bin_Win64\PhotonServer.config
4916: 00:36:09.414 - Will produce at most: 10 crash dumps
4916: 00:36:09.414 - Service shutting down
4916: 00:36:09.415 - Service shut down complete
10268: 00:46:01.358 - ---
10268: 00:46:01.358 - Service: "Photon Socket Server" starting
10268: 00:46:01.358 - Config File: C:\Users\duong\Desktop\XuSoMuonThu\ServerXuSoMuonThu\deploy\bin_Win64\PhotonServer.config
10268: 00:46:01.360 - Will produce at most: 10 crash dumps
10268: 00:46:01.360 - Service shutting down
10268: 00:46:01.362 - Service shut down complete
20880: 07:53:28.000 - ---
20880: 07:53:28.000 - Service: "Photon Socket Server" starting
20880: 07:53:28.000 - Config File: C:\Users\duong\Desktop\XuSoMuonThu\ServerXuSoMuonThu\deploy\bin_Win64\PhotonServer.config
20880: 07:53:28.001 - Will produce at most: 10 crash dumps
20880: 07:53:28.001 - Service shutting down
20880: 07:53:28.002 - Service shut down complete
17520: 07:58:32.742 - ---
17520: 07:58:32.742 - Service: "Photon Socket Server" starting
17520: 07:58:32.742 - Config File: C:\Users\duong\Desktop\XuSoMuonThu\ServerXuSoMuonThu\deploy\bin_Win64\PhotonServer.config
17520: 07:58:32.744 - Will produce at most: 10 crash dumps
17520: 07:58:32.744 - Service shutting down
17520: 07:58:32.746 - Service shut down complete
3212: 08:01:46.455 - ---
3212: 08:01:46.455 - Service: "Photon Socket Server" starting
3212: 08:01:46.455 - Config File: C:\Users\duong\Desktop\XuSoMuonThu\ServerXuSoMuonThu\deploy\bin_Win64\PhotonServer.config
3212: 08:01:46.458 - Will produce at most: 10 crash dumps
3212: 08:01:46.458 - Service shutting down
3212: 08:01:46.460 - Service shut down complete
22280: 08:59:35.879 - ---
22280: 08:59:35.879 - Service: "Photon Socket Server" starting
22280: 08:59:35.879 - Config File: C:\Users\duong\Desktop\XuSoMuonThu\ServerXuSoMuonThu\deploy\bin_Win64\PhotonServer.config
22280: 08:59:35.881 - Will produce at most: 10 crash dumps
22280: 08:59:35.881 - Service shutting down
22280: 08:59:35.882 - Service shut down complete
