22096: 13:38:30.355 - ---
22096: 13:38:30.355 - Service: "Photon Socket Server" starting
22096: 13:38:30.355 - Config File: C:\Users\duong\Desktop\XuSoMuonThu\ServerXuSoMuonThu\deploy\bin_Win64\PhotonServer.config
22096: 13:38:30.357 - Will produce at most: 10 crash dumps
22096: 13:38:30.357 - Service shutting down
22096: 13:38:30.360 - Service shut down complete
22936: 13:41:42.341 - ---
22936: 13:41:42.341 - Service: "Photon Socket Server" starting
22936: 13:41:42.341 - Config File: C:\Users\duong\Desktop\XuSoMuonThu\ServerXuSoMuonThu\deploy\bin_Win64\PhotonServer.config
22936: 13:41:42.343 - Will produce at most: 10 crash dumps
22936: 13:41:42.343 - Service shutting down
22936: 13:41:42.345 - Service shut down complete
22748: 13:43:33.754 - ---
22748: 13:43:33.754 - Service: "Photon Socket Server" starting
22748: 13:43:33.755 - Config File: C:\Users\duong\Desktop\XuSoMuonThu\ServerXuSoMuonThu\deploy\bin_Win64\PhotonServer.config
22748: 13:43:33.757 - Will produce at most: 10 crash dumps
22748: 13:43:33.757 - Service shutting down
22748: 13:43:33.758 - Service shut down complete
23916: 13:46:34.933 - ---
23916: 13:46:34.934 - Service: "Photon Socket Server" starting
23916: 13:46:34.934 - Config File: C:\Users\duong\Desktop\XuSoMuonThu\ServerXuSoMuonThu\deploy\bin_Win64\PhotonServer.config
23916: 13:46:34.936 - Will produce at most: 10 crash dumps
23916: 13:46:34.936 - Service shutting down
23916: 13:46:34.939 - Service shut down complete
24852: 14:16:04.316 - ---
24852: 14:16:04.316 - Service: "Photon Socket Server" starting
24852: 14:16:04.316 - Config File: C:\Users\duong\Desktop\XuSoMuonThu\ServerXuSoMuonThu\deploy\bin_Win64\PhotonServer.config
24852: 14:16:04.318 - Will produce at most: 10 crash dumps
24852: 14:16:04.318 - Service shutting down
24852: 14:16:04.320 - Service shut down complete
