29464: 00:09:29.738 - ---
29464: 00:09:29.738 - Service: "Photon Socket Server" starting
29464: 00:09:29.738 - Config File: C:\Users\duong\Desktop\XuSoMuonThu\ServerXuSoMuonThu\deploy\bin_Win64\PhotonServer.config
29464: 00:09:29.741 - Will produce at most: 10 crash dumps
29464: 00:09:29.741 - Service shutting down
29464: 00:09:29.745 - Service shut down complete
8272: 00:15:13.288 - ---
8272: 00:15:13.288 - Service: "Photon Socket Server" starting
8272: 00:15:13.288 - Config File: C:\Users\duong\Desktop\XuSoMuonThu\ServerXuSoMuonThu\deploy\bin_Win64\PhotonServer.config
8272: 00:15:13.290 - Will produce at most: 10 crash dumps
8272: 00:15:13.290 - Service shutting down
8272: 00:15:13.290 - Service shut down complete
14544: 00:17:34.752 - ---
14544: 00:17:34.752 - Service: "Photon Socket Server" starting
14544: 00:17:34.752 - Config File: C:\Users\duong\Desktop\XuSoMuonThu\ServerXuSoMuonThu\deploy\bin_Win64\PhotonServer.config
14544: 00:17:34.753 - Will produce at most: 10 crash dumps
14544: 00:17:34.753 - Service shutting down
14544: 00:17:34.754 - Service shut down complete
23440: 00:20:32.319 - ---
23440: 00:20:32.319 - Service: "Photon Socket Server" starting
23440: 00:20:32.319 - Config File: C:\Users\duong\Desktop\XuSoMuonThu\ServerXuSoMuonThu\deploy\bin_Win64\PhotonServer.config
23440: 00:20:32.322 - Will produce at most: 10 crash dumps
23440: 00:20:32.322 - Service shutting down
23440: 00:20:32.323 - Service shut down complete
10888: 00:22:36.304 - ---
10888: 00:22:36.304 - Service: "Photon Socket Server" starting
10888: 00:22:36.304 - Config File: C:\Users\duong\Desktop\XuSoMuonThu\ServerXuSoMuonThu\deploy\bin_Win64\PhotonServer.config
10888: 00:22:36.306 - Will produce at most: 10 crash dumps
10888: 00:22:36.306 - Service shutting down
10888: 00:22:36.308 - Service shut down complete
30484: 00:23:30.168 - ---
30484: 00:23:30.168 - Service: "Photon Socket Server" starting
30484: 00:23:30.168 - Config File: C:\Users\duong\Desktop\XuSoMuonThu\ServerXuSoMuonThu\deploy\bin_Win64\PhotonServer.config
30484: 00:23:30.170 - Will produce at most: 10 crash dumps
30484: 00:23:30.171 - Service shutting down
30484: 00:23:30.172 - Service shut down complete
18480: 07:32:41.972 - ---
18480: 07:32:41.972 - Service: "Photon Socket Server" starting
18480: 07:32:41.972 - Config File: C:\Users\duong\Desktop\XuSoMuonThu\ServerXuSoMuonThu\deploy\bin_Win64\PhotonServer.config
18480: 07:32:41.974 - Will produce at most: 10 crash dumps
18480: 07:32:41.974 - Service shutting down
18480: 07:32:41.975 - Service shut down complete
9264: 07:52:09.336 - ---
9264: 07:52:09.336 - Service: "Photon Socket Server" starting
9264: 07:52:09.336 - Config File: C:\Users\duong\Desktop\XuSoMuonThu\ServerXuSoMuonThu\deploy\bin_Win64\PhotonServer.config
9264: 07:52:09.338 - Will produce at most: 10 crash dumps
9264: 07:52:09.338 - Service shutting down
9264: 07:52:09.338 - Service shut down complete
