20440: 12:30:33.827 - ---
20440: 12:30:33.827 - Service: "Photon Socket Server" starting
20440: 12:30:33.827 - Config File: C:\Users\duong\Desktop\XuSoMuonThu\ServerXuSoMuonThu\deploy\bin_Win64\PhotonServer.config
20440: 12:30:33.829 - Will produce at most: 10 crash dumps
20440: 12:30:33.829 - Service shutting down
20440: 12:30:33.830 - Service shut down complete
28176: 13:12:37.229 - ---
28176: 13:12:37.229 - Service: "Photon Socket Server" starting
28176: 13:12:37.229 - Config File: C:\Users\duong\Desktop\XuSoMuonThu\ServerXuSoMuonThu\deploy\bin_Win64\PhotonServer.config
28176: 13:12:37.231 - Will produce at most: 10 crash dumps
28176: 13:12:37.231 - Service shutting down
28176: 13:12:37.232 - Service shut down complete
14604: 13:35:58.771 - ---
14604: 13:35:58.771 - Service: "Photon Socket Server" starting
14604: 13:35:58.771 - Config File: C:\Users\duong\Desktop\XuSoMuonThu\ServerXuSoMuonThu\deploy\bin_Win64\PhotonServer.config
14604: 13:35:58.773 - Will produce at most: 10 crash dumps
14604: 13:35:58.773 - Service shutting down
14604: 13:35:58.774 - Service shut down complete
26400: 13:44:57.362 - ---
26400: 13:44:57.362 - Service: "Photon Socket Server" starting
26400: 13:44:57.362 - Config File: C:\Users\duong\Desktop\XuSoMuonThu\ServerXuSoMuonThu\deploy\bin_Win64\PhotonServer.config
26400: 13:44:57.364 - Will produce at most: 10 crash dumps
26400: 13:44:57.364 - Service shutting down
26400: 13:44:57.366 - Service shut down complete
11140: 13:46:14.801 - ---
11140: 13:46:14.801 - Service: "Photon Socket Server" starting
11140: 13:46:14.801 - Config File: C:\Users\duong\Desktop\XuSoMuonThu\ServerXuSoMuonThu\deploy\bin_Win64\PhotonServer.config
11140: 13:46:14.803 - Will produce at most: 10 crash dumps
11140: 13:46:14.803 - Service shutting down
11140: 13:46:14.804 - Service shut down complete
9756: 13:46:50.661 - ---
9756: 13:46:50.661 - Service: "Photon Socket Server" starting
9756: 13:46:50.661 - Config File: C:\Users\duong\Desktop\XuSoMuonThu\ServerXuSoMuonThu\deploy\bin_Win64\PhotonServer.config
9756: 13:46:50.665 - Will produce at most: 10 crash dumps
9756: 13:46:50.665 - Service shutting down
9756: 13:46:50.668 - Service shut down complete
22364: 14:04:26.661 - ---
22364: 14:04:26.661 - Service: "Photon Socket Server" starting
22364: 14:04:26.661 - Config File: C:\Users\duong\Desktop\XuSoMuonThu\ServerXuSoMuonThu\deploy\bin_Win64\PhotonServer.config
22364: 14:04:26.663 - Will produce at most: 10 crash dumps
22364: 14:04:26.663 - Service shutting down
22364: 14:04:26.664 - Service shut down complete
9000: 17:41:39.808 - ---
9000: 17:41:39.808 - Service: "Photon Socket Server" starting
9000: 17:41:39.808 - Config File: C:\Users\duong\Desktop\XuSoMuonThu\ServerXuSoMuonThu\deploy\bin_Win64\PhotonServer.config
9000: 17:41:39.810 - Will produce at most: 10 crash dumps
9000: 17:41:39.810 - Service shutting down
9000: 17:41:39.811 - Service shut down complete
18328: 17:58:08.893 - ---
18328: 17:58:08.893 - Service: "Photon Socket Server" starting
18328: 17:58:08.893 - Config File: C:\Users\duong\Desktop\XuSoMuonThu\ServerXuSoMuonThu\deploy\bin_Win64\PhotonServer.config
18328: 17:58:08.894 - Will produce at most: 10 crash dumps
18328: 17:58:08.894 - Service shutting down
18328: 17:58:08.896 - Service shut down complete
23372: 18:01:18.882 - ---
23372: 18:01:18.882 - Service: "Photon Socket Server" starting
23372: 18:01:18.882 - Config File: C:\Users\duong\Desktop\XuSoMuonThu\ServerXuSoMuonThu\deploy\bin_Win64\PhotonServer.config
23372: 18:01:18.884 - Will produce at most: 10 crash dumps
23372: 18:01:18.884 - Service shutting down
23372: 18:01:18.885 - Service shut down complete
20000: 18:02:05.285 - ---
20000: 18:02:05.285 - Service: "Photon Socket Server" starting
20000: 18:02:05.285 - Config File: C:\Users\duong\Desktop\XuSoMuonThu\ServerXuSoMuonThu\deploy\bin_Win64\PhotonServer.config
20000: 18:02:05.286 - Will produce at most: 10 crash dumps
20000: 18:02:05.286 - Service shutting down
20000: 18:02:05.287 - Service shut down complete
17984: 18:04:33.948 - ---
17984: 18:04:33.948 - Service: "Photon Socket Server" starting
17984: 18:04:33.948 - Config File: C:\Users\duong\Desktop\XuSoMuonThu\ServerXuSoMuonThu\deploy\bin_Win64\PhotonServer.config
17984: 18:04:33.950 - Will produce at most: 10 crash dumps
17984: 18:04:33.950 - Service shutting down
17984: 18:04:33.952 - Service shut down complete
24164: 22:30:35.830 - ---
24164: 22:30:35.830 - Service: "Photon Socket Server" starting
24164: 22:30:35.830 - Config File: C:\Users\duong\Desktop\XuSoMuonThu\ServerXuSoMuonThu\deploy\bin_Win64\PhotonServer.config
24164: 22:30:35.832 - Will produce at most: 10 crash dumps
24164: 22:30:35.832 - Service shutting down
24164: 22:30:35.833 - Service shut down complete
