21316: 15:42:28.226 - ---
21316: 15:42:28.226 - Service: "Photon Socket Server" starting
21316: 15:42:28.226 - Config File: C:\Users\duong\Desktop\XuSoMuonThu\ServerXuSoMuonThu\deploy\bin_Win64\PhotonServer.config
21316: 15:42:28.228 - Will produce at most: 10 crash dumps
21316: 15:42:28.228 - Service shutting down
21316: 15:42:28.229 - Service shut down complete
20828: 20:57:00.702 - ---
20828: 20:57:00.702 - Service: "Photon Socket Server" starting
20828: 20:57:00.703 - Config File: C:\Users\duong\Desktop\XuSoMuonThu\ServerXuSoMuonThu\deploy\bin_Win64\PhotonServer.config
20828: 20:57:00.711 - Will produce at most: 10 crash dumps
20828: 20:57:00.712 - Service shutting down
20828: 20:57:00.723 - Service shut down complete
21228: 20:59:42.746 - ---
21228: 20:59:42.746 - Service: "Photon Socket Server" starting
21228: 20:59:42.746 - Config File: C:\Users\duong\Desktop\XuSoMuonThu\ServerXuSoMuonThu\deploy\bin_Win64\PhotonServer.config
21228: 20:59:42.750 - Will produce at most: 10 crash dumps
21228: 20:59:42.750 - Service shutting down
21228: 20:59:42.751 - Service shut down complete
7888: 23:53:30.335 - ---
7888: 23:53:30.335 - Service: "Photon Socket Server" starting
7888: 23:53:30.335 - Config File: C:\Users\duong\Desktop\XuSoMuonThu\ServerXuSoMuonThu\deploy\bin_Win64\PhotonServer.config
7888: 23:53:30.336 - Will produce at most: 10 crash dumps
7888: 23:53:30.337 - Service shutting down
7888: 23:53:30.339 - Service shut down complete
