29752: 00:38:20.942 - ---
29752: 00:38:20.942 - Service: "Photon Socket Server" starting
29752: 00:38:20.942 - Config File: C:\Users\duong\Desktop\XuSoMuonThu\ServerXuSoMuonThu\deploy\bin_Win64\PhotonServer.config
29752: 00:38:20.944 - Will produce at most: 10 crash dumps
29752: 00:38:20.944 - Service shutting down
29752: 00:38:20.945 - Service shut down complete
29328: 12:23:50.303 - ---
29328: 12:23:50.303 - Service: "Photon Socket Server" starting
29328: 12:23:50.303 - Config File: C:\Users\duong\Desktop\XuSoMuonThu\ServerXuSoMuonThu\deploy\bin_Win64\PhotonServer.config
29328: 12:23:50.305 - Will produce at most: 10 crash dumps
29328: 12:23:50.305 - Service shutting down
29328: 12:23:50.306 - Service shut down complete
1436: 12:27:21.110 - ---
1436: 12:27:21.110 - Service: "Photon Socket Server" starting
1436: 12:27:21.110 - Config File: C:\Users\duong\Desktop\XuSoMuonThu\ServerXuSoMuonThu\deploy\bin_Win64\PhotonServer.config
1436: 12:27:21.112 - Will produce at most: 10 crash dumps
1436: 12:27:21.112 - Service shutting down
1436: 12:27:21.113 - Service shut down complete
11328: 12:27:59.392 - ---
11328: 12:27:59.392 - Service: "Photon Socket Server" starting
11328: 12:27:59.392 - Config File: C:\Users\duong\Desktop\XuSoMuonThu\ServerXuSoMuonThu\deploy\bin_Win64\PhotonServer.config
11328: 12:27:59.394 - Will produce at most: 10 crash dumps
11328: 12:27:59.394 - Service shutting down
11328: 12:27:59.395 - Service shut down complete
18636: 12:31:49.982 - ---
18636: 12:31:49.982 - Service: "Photon Socket Server" starting
18636: 12:31:49.982 - Config File: C:\Users\duong\Desktop\XuSoMuonThu\ServerXuSoMuonThu\deploy\bin_Win64\PhotonServer.config
18636: 12:31:49.984 - Will produce at most: 10 crash dumps
18636: 12:31:49.984 - Service shutting down
18636: 12:31:49.985 - Service shut down complete
25380: 13:50:28.257 - ---
25380: 13:50:28.257 - Service: "Photon Socket Server" starting
25380: 13:50:28.257 - Config File: C:\Users\duong\Desktop\XuSoMuonThu\ServerXuSoMuonThu\deploy\bin_Win64\PhotonServer.config
25380: 13:50:28.259 - Will produce at most: 10 crash dumps
25380: 13:50:28.259 - Service shutting down
25380: 13:50:28.260 - Service shut down complete
7408: 16:36:26.117 - ---
7408: 16:36:26.118 - Service: "Photon Socket Server" starting
7408: 16:36:26.118 - Config File: C:\Users\duong\Desktop\XuSoMuonThu\ServerXuSoMuonThu\deploy\bin_Win64\PhotonServer.config
7408: 16:36:26.119 - Will produce at most: 10 crash dumps
7408: 16:36:26.119 - Service shutting down
7408: 16:36:26.120 - Service shut down complete
11528: 19:25:37.270 - ---
11528: 19:25:37.270 - Service: "Photon Socket Server" starting
11528: 19:25:37.270 - Config File: C:\Users\duong\Desktop\XuSoMuonThu\ServerXuSoMuonThu\deploy\bin_Win64\PhotonServer.config
11528: 19:25:37.271 - Will produce at most: 10 crash dumps
11528: 19:25:37.272 - Service shutting down
11528: 19:25:37.273 - Service shut down complete
18688: 22:36:54.155 - ---
18688: 22:36:54.155 - Service: "Photon Socket Server" starting
18688: 22:36:54.155 - Config File: C:\Users\duong\Desktop\XuSoMuonThu\ServerXuSoMuonThu\deploy\bin_Win64\PhotonServer.config
18688: 22:36:54.157 - Will produce at most: 10 crash dumps
18688: 22:36:54.157 - Service shutting down
18688: 22:36:54.158 - Service shut down complete
23060: 23:22:34.733 - ---
23060: 23:22:34.733 - Service: "Photon Socket Server" starting
23060: 23:22:34.733 - Config File: C:\Users\duong\Desktop\XuSoMuonThu\ServerXuSoMuonThu\deploy\bin_Win64\PhotonServer.config
23060: 23:22:34.735 - Will produce at most: 10 crash dumps
23060: 23:22:34.735 - Service shutting down
23060: 23:22:34.736 - Service shut down complete
8892: 23:40:25.840 - ---
8892: 23:40:25.840 - Service: "Photon Socket Server" starting
8892: 23:40:25.840 - Config File: C:\Users\duong\Desktop\XuSoMuonThu\ServerXuSoMuonThu\deploy\bin_Win64\PhotonServer.config
8892: 23:40:25.842 - Will produce at most: 10 crash dumps
8892: 23:40:25.842 - Service shutting down
8892: 23:40:25.843 - Service shut down complete
16080: 23:49:49.275 - ---
16080: 23:49:49.276 - Service: "Photon Socket Server" starting
16080: 23:49:49.276 - Config File: C:\Users\duong\Desktop\XuSoMuonThu\ServerXuSoMuonThu\deploy\bin_Win64\PhotonServer.config
16080: 23:49:49.278 - Will produce at most: 10 crash dumps
16080: 23:49:49.278 - Service shutting down
16080: 23:49:49.279 - Service shut down complete
29328: 23:53:16.306 - ---
29328: 23:53:16.306 - Service: "Photon Socket Server" starting
29328: 23:53:16.306 - Config File: C:\Users\duong\Desktop\XuSoMuonThu\ServerXuSoMuonThu\deploy\bin_Win64\PhotonServer.config
29328: 23:53:16.308 - Will produce at most: 10 crash dumps
29328: 23:53:16.308 - Service shutting down
29328: 23:53:16.309 - Service shut down complete
