4416: 17:07:55.714 - ---
4416: 17:07:55.714 - Service: "Photon Socket Server" starting
4416: 17:07:55.714 - Config File: C:\Users\duong\Desktop\XuSoMuonThu\ServerXuSoMuonThu\deploy\bin_Win64\PhotonServer.config
4416: 17:07:55.716 - Will produce at most: 10 crash dumps
4416: 17:07:55.716 - Service shutting down
4416: 17:07:55.717 - Service shut down complete
4868: 17:16:11.106 - ---
4868: 17:16:11.106 - Service: "Photon Socket Server" starting
4868: 17:16:11.107 - Config File: C:\Users\duong\Desktop\XuSoMuonThu\ServerXuSoMuonThu\deploy\bin_Win64\PhotonServer.config
4868: 17:16:11.110 - Will produce at most: 10 crash dumps
4868: 17:16:11.110 - Service shutting down
4868: 17:16:11.112 - Service shut down complete
28264: 17:30:39.320 - ---
28264: 17:30:39.320 - Service: "Photon Socket Server" starting
28264: 17:30:39.320 - Config File: C:\Users\duong\Desktop\XuSoMuonThu\ServerXuSoMuonThu\deploy\bin_Win64\PhotonServer.config
28264: 17:30:39.322 - Will produce at most: 10 crash dumps
28264: 17:30:39.322 - Service shutting down
28264: 17:30:39.323 - Service shut down complete
19464: 17:41:58.004 - ---
19464: 17:41:58.004 - Service: "Photon Socket Server" starting
19464: 17:41:58.004 - Config File: C:\Users\duong\Desktop\XuSoMuonThu\ServerXuSoMuonThu\deploy\bin_Win64\PhotonServer.config
19464: 17:41:58.005 - Will produce at most: 10 crash dumps
19464: 17:41:58.006 - Service shutting down
19464: 17:41:58.007 - Service shut down complete
31044: 17:45:42.391 - ---
31044: 17:45:42.391 - Service: "Photon Socket Server" starting
31044: 17:45:42.391 - Config File: C:\Users\duong\Desktop\XuSoMuonThu\ServerXuSoMuonThu\deploy\bin_Win64\PhotonServer.config
31044: 17:45:42.393 - Will produce at most: 10 crash dumps
31044: 17:45:42.393 - Service shutting down
31044: 17:45:42.395 - Service shut down complete
27748: 17:47:41.257 - ---
27748: 17:47:41.257 - Service: "Photon Socket Server" starting
27748: 17:47:41.257 - Config File: C:\Users\duong\Desktop\XuSoMuonThu\ServerXuSoMuonThu\deploy\bin_Win64\PhotonServer.config
27748: 17:47:41.261 - Will produce at most: 10 crash dumps
27748: 17:47:41.261 - Service shutting down
27748: 17:47:41.263 - Service shut down complete
30980: 17:50:56.697 - ---
30980: 17:50:56.698 - Service: "Photon Socket Server" starting
30980: 17:50:56.698 - Config File: C:\Users\duong\Desktop\XuSoMuonThu\ServerXuSoMuonThu\deploy\bin_Win64\PhotonServer.config
30980: 17:50:56.700 - Will produce at most: 10 crash dumps
30980: 17:50:56.700 - Service shutting down
30980: 17:50:56.701 - Service shut down complete
32988: 18:04:46.965 - ---
32988: 18:04:46.965 - Service: "Photon Socket Server" starting
32988: 18:04:46.965 - Config File: C:\Users\duong\Desktop\XuSoMuonThu\ServerXuSoMuonThu\deploy\bin_Win64\PhotonServer.config
32988: 18:04:46.966 - Will produce at most: 10 crash dumps
32988: 18:04:46.966 - Service shutting down
32988: 18:04:46.968 - Service shut down complete
21624: 18:09:27.734 - ---
21624: 18:09:27.734 - Service: "Photon Socket Server" starting
21624: 18:09:27.734 - Config File: C:\Users\duong\Desktop\XuSoMuonThu\ServerXuSoMuonThu\deploy\bin_Win64\PhotonServer.config
21624: 18:09:27.736 - Will produce at most: 10 crash dumps
21624: 18:09:27.736 - Service shutting down
21624: 18:09:27.737 - Service shut down complete
24168: 18:13:01.863 - ---
24168: 18:13:01.863 - Service: "Photon Socket Server" starting
24168: 18:13:01.863 - Config File: C:\Users\duong\Desktop\XuSoMuonThu\ServerXuSoMuonThu\deploy\bin_Win64\PhotonServer.config
24168: 18:13:01.866 - Will produce at most: 10 crash dumps
24168: 18:13:01.867 - Service shutting down
24168: 18:13:01.868 - Service shut down complete
33940: 18:15:36.159 - ---
33940: 18:15:36.159 - Service: "Photon Socket Server" starting
33940: 18:15:36.159 - Config File: C:\Users\duong\Desktop\XuSoMuonThu\ServerXuSoMuonThu\deploy\bin_Win64\PhotonServer.config
33940: 18:15:36.164 - Will produce at most: 10 crash dumps
33940: 18:15:36.164 - Service shutting down
33940: 18:15:36.168 - Service shut down complete
27692: 18:15:57.166 - ---
27692: 18:15:57.166 - Service: "Photon Socket Server" starting
27692: 18:15:57.166 - Config File: C:\Users\duong\Desktop\XuSoMuonThu\ServerXuSoMuonThu\deploy\bin_Win64\PhotonServer.config
27692: 18:15:57.168 - Will produce at most: 10 crash dumps
27692: 18:15:57.168 - Service shutting down
27692: 18:15:57.171 - Service shut down complete
24560: 18:20:30.798 - ---
24560: 18:20:30.798 - Service: "Photon Socket Server" starting
24560: 18:20:30.798 - Config File: C:\Users\duong\Desktop\XuSoMuonThu\ServerXuSoMuonThu\deploy\bin_Win64\PhotonServer.config
24560: 18:20:30.800 - Will produce at most: 10 crash dumps
24560: 18:20:30.800 - Service shutting down
24560: 18:20:30.801 - Service shut down complete
9880: 18:23:30.294 - ---
9880: 18:23:30.294 - Service: "Photon Socket Server" starting
9880: 18:23:30.295 - Config File: C:\Users\duong\Desktop\XuSoMuonThu\ServerXuSoMuonThu\deploy\bin_Win64\PhotonServer.config
9880: 18:23:30.299 - Will produce at most: 10 crash dumps
9880: 18:23:30.299 - Service shutting down
9880: 18:23:30.301 - Service shut down complete
28800: 18:28:58.994 - ---
28800: 18:28:58.994 - Service: "Photon Socket Server" starting
28800: 18:28:58.994 - Config File: C:\Users\duong\Desktop\XuSoMuonThu\ServerXuSoMuonThu\deploy\bin_Win64\PhotonServer.config
28800: 18:28:58.996 - Will produce at most: 10 crash dumps
28800: 18:28:58.996 - Service shutting down
28800: 18:28:58.997 - Service shut down complete
32828: 18:30:33.003 - ---
32828: 18:30:33.003 - Service: "Photon Socket Server" starting
32828: 18:30:33.004 - Config File: C:\Users\duong\Desktop\XuSoMuonThu\ServerXuSoMuonThu\deploy\bin_Win64\PhotonServer.config
32828: 18:30:33.008 - Will produce at most: 10 crash dumps
32828: 18:30:33.008 - Service shutting down
32828: 18:30:33.012 - Service shut down complete
30764: 18:33:01.397 - ---
30764: 18:33:01.398 - Service: "Photon Socket Server" starting
30764: 18:33:01.398 - Config File: C:\Users\duong\Desktop\XuSoMuonThu\ServerXuSoMuonThu\deploy\bin_Win64\PhotonServer.config
30764: 18:33:01.400 - Will produce at most: 10 crash dumps
30764: 18:33:01.400 - Service shutting down
30764: 18:33:01.401 - Service shut down complete
17348: 18:34:49.147 - ---
17348: 18:34:49.147 - Service: "Photon Socket Server" starting
17348: 18:34:49.147 - Config File: C:\Users\duong\Desktop\XuSoMuonThu\ServerXuSoMuonThu\deploy\bin_Win64\PhotonServer.config
17348: 18:34:49.149 - Will produce at most: 10 crash dumps
17348: 18:34:49.149 - Service shutting down
17348: 18:34:49.150 - Service shut down complete
29388: 18:54:46.124 - ---
29388: 18:54:46.124 - Service: "Photon Socket Server" starting
29388: 18:54:46.125 - Config File: C:\Users\duong\Desktop\XuSoMuonThu\ServerXuSoMuonThu\deploy\bin_Win64\PhotonServer.config
29388: 18:54:46.126 - Will produce at most: 10 crash dumps
29388: 18:54:46.126 - Service shutting down
29388: 18:54:46.127 - Service shut down complete
19548: 18:58:25.383 - ---
19548: 18:58:25.383 - Service: "Photon Socket Server" starting
19548: 18:58:25.383 - Config File: C:\Users\duong\Desktop\XuSoMuonThu\ServerXuSoMuonThu\deploy\bin_Win64\PhotonServer.config
19548: 18:58:25.385 - Will produce at most: 10 crash dumps
19548: 18:58:25.385 - Service shutting down
19548: 18:58:25.387 - Service shut down complete
33452: 19:05:00.593 - ---
33452: 19:05:00.593 - Service: "Photon Socket Server" starting
33452: 19:05:00.594 - Config File: C:\Users\duong\Desktop\XuSoMuonThu\ServerXuSoMuonThu\deploy\bin_Win64\PhotonServer.config
33452: 19:05:00.597 - Will produce at most: 10 crash dumps
33452: 19:05:00.597 - Service shutting down
33452: 19:05:00.599 - Service shut down complete
22532: 19:05:17.594 - ---
22532: 19:05:17.594 - Service: "Photon Socket Server" starting
22532: 19:05:17.595 - Config File: C:\Users\duong\Desktop\XuSoMuonThu\ServerXuSoMuonThu\deploy\bin_Win64\PhotonServer.config
22532: 19:05:17.597 - Will produce at most: 10 crash dumps
22532: 19:05:17.597 - Service shutting down
22532: 19:05:17.598 - Service shut down complete
7184: 19:08:55.692 - ---
7184: 19:08:55.692 - Service: "Photon Socket Server" starting
7184: 19:08:55.692 - Config File: C:\Users\duong\Desktop\XuSoMuonThu\ServerXuSoMuonThu\deploy\bin_Win64\PhotonServer.config
7184: 19:08:55.694 - Will produce at most: 10 crash dumps
7184: 19:08:55.694 - Service shutting down
7184: 19:08:55.696 - Service shut down complete
25732: 19:12:01.106 - ---
25732: 19:12:01.106 - Service: "Photon Socket Server" starting
25732: 19:12:01.106 - Config File: C:\Users\duong\Desktop\XuSoMuonThu\ServerXuSoMuonThu\deploy\bin_Win64\PhotonServer.config
25732: 19:12:01.109 - Will produce at most: 10 crash dumps
25732: 19:12:01.109 - Service shutting down
25732: 19:12:01.110 - Service shut down complete
32732: 19:20:36.801 - ---
32732: 19:20:36.801 - Service: "Photon Socket Server" starting
32732: 19:20:36.802 - Config File: C:\Users\duong\Desktop\XuSoMuonThu\ServerXuSoMuonThu\deploy\bin_Win64\PhotonServer.config
32732: 19:20:36.806 - Will produce at most: 10 crash dumps
32732: 19:20:36.806 - Service shutting down
32732: 19:20:36.809 - Service shut down complete
27856: 19:22:13.296 - ---
27856: 19:22:13.296 - Service: "Photon Socket Server" starting
27856: 19:22:13.296 - Config File: C:\Users\duong\Desktop\XuSoMuonThu\ServerXuSoMuonThu\deploy\bin_Win64\PhotonServer.config
27856: 19:22:13.298 - Will produce at most: 10 crash dumps
27856: 19:22:13.298 - Service shutting down
27856: 19:22:13.299 - Service shut down complete
34152: 19:24:17.447 - ---
34152: 19:24:17.447 - Service: "Photon Socket Server" starting
34152: 19:24:17.447 - Config File: C:\Users\duong\Desktop\XuSoMuonThu\ServerXuSoMuonThu\deploy\bin_Win64\PhotonServer.config
34152: 19:24:17.449 - Will produce at most: 10 crash dumps
34152: 19:24:17.450 - Service shutting down
34152: 19:24:17.451 - Service shut down complete
21624: 19:47:34.398 - ---
21624: 19:47:34.398 - Service: "Photon Socket Server" starting
21624: 19:47:34.398 - Config File: C:\Users\duong\Desktop\XuSoMuonThu\ServerXuSoMuonThu\deploy\bin_Win64\PhotonServer.config
21624: 19:47:34.399 - Will produce at most: 10 crash dumps
21624: 19:47:34.400 - Service shutting down
21624: 19:47:34.401 - Service shut down complete
20468: 19:50:45.485 - ---
20468: 19:50:45.485 - Service: "Photon Socket Server" starting
20468: 19:50:45.485 - Config File: C:\Users\duong\Desktop\XuSoMuonThu\ServerXuSoMuonThu\deploy\bin_Win64\PhotonServer.config
20468: 19:50:45.490 - Will produce at most: 10 crash dumps
20468: 19:50:45.490 - Service shutting down
20468: 19:50:45.493 - Service shut down complete
30976: 19:53:46.241 - ---
30976: 19:53:46.241 - Service: "Photon Socket Server" starting
30976: 19:53:46.242 - Config File: C:\Users\duong\Desktop\XuSoMuonThu\ServerXuSoMuonThu\deploy\bin_Win64\PhotonServer.config
30976: 19:53:46.245 - Will produce at most: 10 crash dumps
30976: 19:53:46.245 - Service shutting down
30976: 19:53:46.247 - Service shut down complete
27628: 19:57:29.307 - ---
27628: 19:57:29.307 - Service: "Photon Socket Server" starting
27628: 19:57:29.307 - Config File: C:\Users\duong\Desktop\XuSoMuonThu\ServerXuSoMuonThu\deploy\bin_Win64\PhotonServer.config
27628: 19:57:29.309 - Will produce at most: 10 crash dumps
27628: 19:57:29.309 - Service shutting down
27628: 19:57:29.310 - Service shut down complete
21660: 19:58:48.445 - ---
21660: 19:58:48.445 - Service: "Photon Socket Server" starting
21660: 19:58:48.446 - Config File: C:\Users\duong\Desktop\XuSoMuonThu\ServerXuSoMuonThu\deploy\bin_Win64\PhotonServer.config
21660: 19:58:48.448 - Will produce at most: 10 crash dumps
21660: 19:58:48.448 - Service shutting down
21660: 19:58:48.450 - Service shut down complete
28904: 20:05:44.465 - ---
28904: 20:05:44.465 - Service: "Photon Socket Server" starting
28904: 20:05:44.465 - Config File: C:\Users\duong\Desktop\XuSoMuonThu\ServerXuSoMuonThu\deploy\bin_Win64\PhotonServer.config
28904: 20:05:44.467 - Will produce at most: 10 crash dumps
28904: 20:05:44.467 - Service shutting down
28904: 20:05:44.469 - Service shut down complete
34232: 20:08:21.433 - ---
34232: 20:08:21.433 - Service: "Photon Socket Server" starting
34232: 20:08:21.433 - Config File: C:\Users\duong\Desktop\XuSoMuonThu\ServerXuSoMuonThu\deploy\bin_Win64\PhotonServer.config
34232: 20:08:21.435 - Will produce at most: 10 crash dumps
34232: 20:08:21.435 - Service shutting down
34232: 20:08:21.436 - Service shut down complete
32136: 20:16:07.618 - ---
32136: 20:16:07.618 - Service: "Photon Socket Server" starting
32136: 20:16:07.618 - Config File: C:\Users\duong\Desktop\XuSoMuonThu\ServerXuSoMuonThu\deploy\bin_Win64\PhotonServer.config
32136: 20:16:07.620 - Will produce at most: 10 crash dumps
32136: 20:16:07.620 - Service shutting down
32136: 20:16:07.621 - Service shut down complete
8332: 20:23:36.890 - ---
8332: 20:23:36.890 - Service: "Photon Socket Server" starting
8332: 20:23:36.890 - Config File: C:\Users\duong\Desktop\XuSoMuonThu\ServerXuSoMuonThu\deploy\bin_Win64\PhotonServer.config
8332: 20:23:36.898 - Will produce at most: 10 crash dumps
8332: 20:23:36.898 - Service shutting down
8332: 20:23:36.903 - Service shut down complete
29936: 20:26:56.539 - ---
29936: 20:26:56.539 - Service: "Photon Socket Server" starting
29936: 20:26:56.540 - Config File: C:\Users\duong\Desktop\XuSoMuonThu\ServerXuSoMuonThu\deploy\bin_Win64\PhotonServer.config
29936: 20:26:56.541 - Will produce at most: 10 crash dumps
29936: 20:26:56.542 - Service shutting down
29936: 20:26:56.543 - Service shut down complete
21032: 20:27:45.880 - ---
21032: 20:27:45.880 - Service: "Photon Socket Server" starting
21032: 20:27:45.880 - Config File: C:\Users\duong\Desktop\XuSoMuonThu\ServerXuSoMuonThu\deploy\bin_Win64\PhotonServer.config
21032: 20:27:45.882 - Will produce at most: 10 crash dumps
21032: 20:27:45.882 - Service shutting down
21032: 20:27:45.885 - Service shut down complete
23280: 20:29:29.615 - ---
23280: 20:29:29.615 - Service: "Photon Socket Server" starting
23280: 20:29:29.615 - Config File: C:\Users\duong\Desktop\XuSoMuonThu\ServerXuSoMuonThu\deploy\bin_Win64\PhotonServer.config
23280: 20:29:29.618 - Will produce at most: 10 crash dumps
23280: 20:29:29.618 - Service shutting down
23280: 20:29:29.621 - Service shut down complete
31828: 21:05:03.805 - ---
31828: 21:05:03.805 - Service: "Photon Socket Server" starting
31828: 21:05:03.806 - Config File: C:\Users\duong\Desktop\XuSoMuonThu\ServerXuSoMuonThu\deploy\bin_Win64\PhotonServer.config
31828: 21:05:03.808 - Will produce at most: 10 crash dumps
31828: 21:05:03.808 - Service shutting down
31828: 21:05:03.809 - Service shut down complete
