3716: 18:48:37.443 - ---
3716: 18:48:37.443 - Service: "Photon Socket Server" starting
3716: 18:48:37.443 - Config File: C:\Users\duong\Desktop\XuSoMuonThu\ServerXuSoMuonThu\deploy\bin_Win64\PhotonServer.config
3716: 18:48:37.445 - Will produce at most: 10 crash dumps
3716: 18:48:37.446 - Action: run as exe
3716: 18:48:37.447 - Server Starting...
3716: 18:48:37.447 -    Tick count: 158923703 (wraps in: 47.8709 days)
3716: 18:48:37.447 - Tick count 64: 158923703
3716: 18:48:37.447 - Photon Version: 4.0.28.2962
3716: 18:48:37.447 - PID: 19704
3716: 18:48:37.448 - Config File: C:\Users\duong\Desktop\XuSoMuonThu\ServerXuSoMuonThu\deploy\bin_Win64\PhotonServer.config
3716: 18:48:37.448 - Will NOT log unimportant exceptions
3716: 18:48:37.453 - Not using performance counters as they are not currently installed. Run the service with /InstallCounters to install them.
3716: 18:48:37.454 - Shutdown timeout enabled: 30000ms
3716: 18:48:37.454 - Starting I/O thread pool with 2 threads
3716: 18:48:37.455 - Using Standard allocator
3716: 18:48:37.455 - Max message size: 512000
3716: 18:48:37.456 - Starting business logic thread pool with the following settings
3716: 18:48:37.456 - InitialThreads: 4 threads
3716: 18:48:37.456 - MinThreads: 4 threads
3716: 18:48:37.456 - Thread pool is fixed size
3716: 18:48:37.456 - Starting ENet thread pool with the following settings
3716: 18:48:37.456 - InitialThreads: 2 threads
3716: 18:48:37.456 - MinThreads: 2 threads
3716: 18:48:37.456 - Thread pool is fixed size
3716: 18:48:37.456 - OnlyDispatchTimers: False
3716: 18:48:37.457 - S2S: flow control: Max pending writes: 50
3716: 18:48:37.457 - S2S: flow control: Max queued buffers: 200
3716: 18:48:37.457 - S2S: flow control: Max pending writes MUX: 500
3716: 18:48:37.457 - S2S: flow control: Max queued buffers MUX: 2000
3716: 18:48:37.457 - S2S: MaxInboundMessageSize: 512000
3716: 18:48:37.457 - S2S: MaxOutboundMessageSize: 512000
3716: 18:48:37.457 - S2S: No inactivity timeout
3716: 18:48:37.461 - WebSocket S2S: MaxInboundMessageSize: 512000
3716: 18:48:37.461 - WebSocket S2S: MaxOutboundMessageSize: 512000
3716: 18:48:37.461 - WebSocket S2S: No inactivity timeout
3716: 18:48:37.462 - Max Reliable Data In Transit (awaiting ACKs) per peer : 51200 bytes
3716: 18:48:37.462 - Per peer bandwidth limit
3716: 18:48:37.462 - Transmit Rate Limit: 256 KB/Sec
3716: 18:48:37.462 - Limit period: 200ms
3716: 18:48:37.462 - Limit per period: 52428 bytes
3716: 18:48:37.462 - Max queued data for transmission per peer: 512000 bytes
3716: 18:48:37.462 - Minimum retransmit timeout: 200
3716: 18:48:37.462 - No Maximum retransmit timeout
3716: 18:48:37.462 - Minimum ENet timeout: 40000ms
3716: 18:48:37.462 - Maximum ENet timeout: 50000ms
3716: 18:48:37.462 - Max Inbound Reliable Data Queued (awaiting resends of earlier sequence numbers) per peer : 163840 bytes
3716: 18:48:37.462 - No RTT ACK adjustment timeout
3716: 18:48:37.462 - Outbound ENet: MaxInboundMessageSize: 512000
3716: 18:48:37.462 - Outbound ENet: MaxOutboundMessageSize: 512000
3716: 18:48:37.469 - GetRuntime - About to load CLR - versions available:
3716: 18:48:37.469 - v2.0.50727
3716: 18:48:37.469 - v4.0.30319
3716: 18:48:37.469 - Configuration requests: "v2.0.50727"
3716: 18:48:37.469 - About to load version: "v2.0.50727"
3716: 18:48:37.561 - About to load runtime: PhotonHostRuntime.PhotonDomainManager from PhotonHostRuntime, Culture=neutral, PublicKeyToken=02C301B61B060C4D
3716: 18:48:37.561 - CLRBaseDirectory set to "C:\Users\duong\Desktop\XuSoMuonThu\ServerXuSoMuonThu\deploy"
3716: 18:48:37.561 - Optimising event broadcast for 20 or more peers
3716: 18:48:37.563 - Start: About to load CLR - versions available:
3716: 18:48:37.563 - v2.0.50727
3716: 18:48:37.563 - v4.0.30319
3716: 18:48:37.563 - No preference in configuration file, will load latest.
3716: 18:48:37.563 - About to load version: "v4.0.30319"
3716: 18:48:37.564 - Loaded version: "v4.0.30319"
3716: 18:48:37.707 - Photon host runtime loaded
3716: 18:48:39.291 - License is valid.
3716: 18:48:39.291 - Licensed for 100 concurrent connections.
3716: 18:48:39.291 - ENet: Max Reliable Data In Transit (awaiting ACKs) per peer : 51200 bytes
3716: 18:48:39.291 - ENet: Per peer bandwidth limit
3716: 18:48:39.291 - ENet: Transmit Rate Limit: 256 KB/Sec
3716: 18:48:39.291 - ENet: Limit period: 200ms
3716: 18:48:39.291 - ENet: Limit per period: 52428 bytes
3716: 18:48:39.291 - ENet: Max queued data for transmission per peer: 512000 bytes
3716: 18:48:39.291 - ENet: Minimum retransmit timeout: 200
3716: 18:48:39.291 - No Maximum retransmit timeout
3716: 18:48:39.291 - ENet: Minimum timeout: 40000ms
3716: 18:48:39.291 - ENet: Maximum timeout: 50000ms
3716: 18:48:39.291 - ENet: Max Inbound Reliable Data Queued (awaiting resends of earlier sequence numbers) per peer : 163840 bytes
3716: 18:48:39.291 - No RTT ACK adjustment timeout
3716: 18:48:39.291 - About to load application: myConfig from srcServerXuSoMuonThu
3716: 18:48:39.407 - Taking reference on default app domain
3716: 18:48:39.627 - Application: "myConfig" started in app domain: 2
3716: 18:48:39.627 - Adding TCP listener on: 0.0.0.0: 4530 with a listen backlog of: 150
3716: 18:48:39.627 - TCP inactivity timeout: 10000ms
3716: 18:48:39.627 - TCP disconnect timeout: 120000ms
3716: 18:48:39.627 - MaxInboundMessageSize: 512000
3716: 18:48:39.627 - MaxOutboundMessageSize: 512000
3716: 18:48:39.627 - Forcing all applications ids to: "myConfig"
3716: 18:48:39.631 - Serving policy file requests from: "C:\Users\duong\Desktop\XuSoMuonThu\ServerXuSoMuonThu\deploy\Policy\assets\socket-policy.xml"
3716: 18:48:39.631 - Adding TCP listener on: 0.0.0.0: 4520 with a listen backlog of: 150
3716: 18:48:39.631 - TCP inactivity timeout: 5000ms
3716: 18:48:39.631 - TCP disconnect timeout: 120000ms
3716: 18:48:39.631 - MaxInboundMessageSize: 512000
3716: 18:48:39.631 - MaxOutboundMessageSize: 512000
3716: 18:48:39.631 - Forcing all applications ids to: "myConfig"
3716: 18:48:39.631 - MaxInboundMessageSize: 512000
3716: 18:48:39.631 - MaxOutboundMessageSize: 512000
3716: 18:48:39.631 - UDP address specified as: "0.0.0.0" adding listener to each available IPv4 address
3716: 18:48:39.633 - Adding UDP listener on: 192.168.8.107: 5055 with a listen backlog of: 500
3716: 18:48:39.633 - Adding UDP listener on: 127.0.0.1: 5055 with a listen backlog of: 500
3716: 18:48:39.633 - Adding WebSocket TCP listener on: 0.0.0.0: 9090 with a listen backlog of: 150
3716: 18:48:39.633 - Nagle disabled
3716: 18:48:39.633 - TCP inactivity timeout: 10000ms
3716: 18:48:39.633 - MaxInboundMessageSize: 512000
3716: 18:48:39.633 - MaxOutboundMessageSize: 512000
3716: 18:48:39.633 - Forcing all applications ids to: "myConfig"
3716: 18:48:39.633 - Will accept ANY sub-protocols from the client
3716: 18:48:39.633 - No automatic WebSocket ping
3716: 18:48:39.634 - Adding Policy File listener on: 0.0.0.0: 843 with a listen backlog of: 150 and serving Policy File: "C:\Users\duong\Desktop\XuSoMuonThu\ServerXuSoMuonThu\deploy\Policy\assets\socket-policy.xml"
3716: 18:48:39.634 - TCP inactivity timeout: 1000ms
3716: 18:48:39.644 - Adding Policy File listener on: 0.0.0.0: 943 with a listen backlog of: 150 and serving Policy File: "C:\Users\duong\Desktop\XuSoMuonThu\ServerXuSoMuonThu\deploy\Policy\assets\socket-policy-silverlight.xml"
3716: 18:48:39.644 - TCP inactivity timeout: 1000ms
3716: 18:48:39.664 - Service is running...
3716: 18:57:25.749 - Service is stopped...
3716: 18:57:25.749 - Server shutting down...
3716: 18:57:25.749 - Shutdown monitoring enabled, 30000ms before process abort
3716: 18:57:25.749 - Notifying CLR applications of shutdown...
3716: 18:57:25.749 - RequestApplicationStop: 2
3716: 18:57:25.755 - RequestStop: defalt app domain
3716: 18:57:25.756 - Shutting down WebSocket Outbound Connection Manager...
3716: 18:57:25.757 - Shutting down TCP Outbound Connection Manager...
3716: 18:57:25.757 - Shutting down ENet Outbound Connection Manager...
3716: 18:57:25.757 - Disconnecting all outbound peers...
3716: 18:57:25.757 - Shutting down ENet host...
3716: 18:57:25.757 - Disconnecting all peers...
3716: 18:57:25.757 - Shutting down socket servers...
3716: 18:57:25.757 - Shutting down ENet thread pool...
3716: 18:57:25.757 - Shutting down TCP inactivity timers...
3716: 18:57:25.757 - WaitingForShutdownToComplete: NativePolicy:0.0.0.0:843
3716: 18:57:25.757 - OnShutdownCompleted: NativePolicy:0.0.0.0:843
3716: 18:57:25.757 - WaitingForShutdownToComplete: NativePolicy:0.0.0.0:943
3716: 18:57:25.757 - OnShutdownCompleted: NativePolicy:0.0.0.0:943
3716: 18:57:25.757 - WaitingForShutdownToComplete: TCP:0.0.0.0:4520
3716: 18:57:25.757 - OnShutdownCompleted: TCP:0.0.0.0:4520
3716: 18:57:25.757 - WaitingForShutdownToComplete: TCP:0.0.0.0:4530
3716: 18:57:25.757 - OnShutdownCompleted: TCP:0.0.0.0:4530
3716: 18:57:25.757 - WaitingForShutdownToComplete: UDP:127.0.0.1:5055
3716: 18:57:25.757 - OnShutdownCompleted: UDP:127.0.0.1:5055
3716: 18:57:25.757 - WaitingForShutdownToComplete: UDP:192.168.8.107:5055
3716: 18:57:25.757 - OnShutdownCompleted: UDP:192.168.8.107:5055
3716: 18:57:25.757 - WaitingForShutdownToComplete: WebSocket:0.0.0.0:9090
3716: 18:57:25.757 - OnShutdownCompleted: WebSocket:0.0.0.0:9090
3716: 18:57:25.757 - Shutting down CLR applications...
3716: 18:57:25.761 - Shutting down business logic thread pool...
20104: 18:57:25.761 - CManagedHost::OnDefaultAction() - OPR_AppDomainUnload - eUnloadAppDomain
3716: 18:57:25.761 - Shutting down I/O thread pool...
3716: 18:57:25.761 - Destroying servers
3716: 18:57:25.762 - Destroying WebSocket Outbound Connection Manager
3716: 18:57:25.762 - Destroying TCP Outbound Connection Manager
3716: 18:57:25.762 - Destroying TCP inactivity timer
3716: 18:57:25.762 - Destroying ENet timer wheel
3716: 18:57:25.762 - Destroying ENet host
3716: 18:57:25.762 - Destroying ENet outbound host
3716: 18:57:25.762 - Destroying HTTP inactivity timer
3716: 18:57:25.762 - Destroying HTTP host
3716: 18:57:25.762 - Destroying HTTP Chunk host
3716: 18:57:25.762 - Flushing ENET buffer allocator...
3716: 18:57:25.763 - Flushing TCP buffer handle allocator...
3716: 18:57:25.763 - Flushing stream socket allocator...
3716: 18:57:25.763 - Flushing inbound datagram socket allocator...
3716: 18:57:25.764 - Flushing outbound datagram socket allocator...
3716: 18:57:25.764 - Destroying CLR dispatcher
3716: 18:57:25.764 - Destroying CLR applications
3716: 18:57:25.764 - ~CCLRApplicationCollection() - Waiting up to 10 seconds for the CLR to release all of our objects
20288: 18:57:25.774 - Unloading Domain: ApplicationName = 'myConfig', DomainId='2'
20104: 18:57:25.803 - CManagedHost::OnDomainUnload() - 2
3716: 18:57:25.804 - ~CCLRApplicationCollection() - Done. All objects released
3716: 18:57:25.804 - ~CManagedHost() - Release default app domain
3716: 18:57:25.804 - CManagedHost::OnDomainUnload() - 1
3716: 18:57:25.804 - ~CManagedHost() - Waiting up to 10 seconds for CLR shutdown...
3716: 18:57:25.804 - ~CManagedHost
3716: 18:57:25.804 - Destroying ENet thread pool
3716: 18:57:25.804 - Destroying Business logic thread pool
3716: 18:57:25.804 - Destroying I/O thread pool
3716: 18:57:25.804 - Destroying ENet buffer allocator
3716: 18:57:25.804 - Destroying TCP buffer allocator
3716: 18:57:25.804 - Destroying TCP socket allocator
3716: 18:57:25.804 - Destroying ENet inbound socket allocator
3716: 18:57:25.804 - Destroying ENet outbound socket allocator
3716: 18:57:25.804 - Destroying shared datagram flow control data
3716: 18:57:25.805 - Shutdown complete...
3716: 18:57:25.805 - Service shutting down
3716: 18:57:25.808 - Service shut down complete
19876: 20:52:55.378 - ---
19876: 20:52:55.378 - Service: "Photon Socket Server" starting
19876: 20:52:55.379 - Config File: C:\Users\duong\Desktop\XuSoMuonThu\ServerXuSoMuonThu\deploy\bin_Win64\PhotonServer.config
19876: 20:52:55.380 - Will produce at most: 10 crash dumps
19876: 20:52:55.380 - Action: run as exe
19876: 20:52:55.380 - Server Starting...
19876: 20:52:55.380 -    Tick count: 166381640 (wraps in: 47.7846 days)
19876: 20:52:55.380 - Tick count 64: 166381640
19876: 20:52:55.380 - Photon Version: 4.0.28.2962
19876: 20:52:55.380 - PID: 25136
19876: 20:52:55.380 - Config File: C:\Users\duong\Desktop\XuSoMuonThu\ServerXuSoMuonThu\deploy\bin_Win64\PhotonServer.config
19876: 20:52:55.380 - Will NOT log unimportant exceptions
19876: 20:52:55.382 - Not using performance counters as they are not currently installed. Run the service with /InstallCounters to install them.
19876: 20:52:55.382 - Shutdown timeout enabled: 30000ms
19876: 20:52:55.382 - Starting I/O thread pool with 2 threads
19876: 20:52:55.382 - Using Standard allocator
19876: 20:52:55.382 - Max message size: 512000
19876: 20:52:55.382 - Starting business logic thread pool with the following settings
19876: 20:52:55.382 - InitialThreads: 4 threads
19876: 20:52:55.382 - MinThreads: 4 threads
19876: 20:52:55.382 - Thread pool is fixed size
19876: 20:52:55.382 - Starting ENet thread pool with the following settings
19876: 20:52:55.382 - InitialThreads: 2 threads
19876: 20:52:55.382 - MinThreads: 2 threads
19876: 20:52:55.382 - Thread pool is fixed size
19876: 20:52:55.382 - OnlyDispatchTimers: False
19876: 20:52:55.382 - S2S: flow control: Max pending writes: 50
19876: 20:52:55.382 - S2S: flow control: Max queued buffers: 200
19876: 20:52:55.382 - S2S: flow control: Max pending writes MUX: 500
19876: 20:52:55.382 - S2S: flow control: Max queued buffers MUX: 2000
19876: 20:52:55.382 - S2S: MaxInboundMessageSize: 512000
19876: 20:52:55.382 - S2S: MaxOutboundMessageSize: 512000
19876: 20:52:55.382 - S2S: No inactivity timeout
19876: 20:52:55.384 - WebSocket S2S: MaxInboundMessageSize: 512000
19876: 20:52:55.384 - WebSocket S2S: MaxOutboundMessageSize: 512000
19876: 20:52:55.384 - WebSocket S2S: No inactivity timeout
19876: 20:52:55.384 - Max Reliable Data In Transit (awaiting ACKs) per peer : 51200 bytes
19876: 20:52:55.384 - Per peer bandwidth limit
19876: 20:52:55.384 - Transmit Rate Limit: 256 KB/Sec
19876: 20:52:55.384 - Limit period: 200ms
19876: 20:52:55.384 - Limit per period: 52428 bytes
19876: 20:52:55.384 - Max queued data for transmission per peer: 512000 bytes
19876: 20:52:55.384 - Minimum retransmit timeout: 200
19876: 20:52:55.384 - No Maximum retransmit timeout
19876: 20:52:55.384 - Minimum ENet timeout: 40000ms
19876: 20:52:55.384 - Maximum ENet timeout: 50000ms
19876: 20:52:55.384 - Max Inbound Reliable Data Queued (awaiting resends of earlier sequence numbers) per peer : 163840 bytes
19876: 20:52:55.384 - No RTT ACK adjustment timeout
19876: 20:52:55.384 - Outbound ENet: MaxInboundMessageSize: 512000
19876: 20:52:55.384 - Outbound ENet: MaxOutboundMessageSize: 512000
19876: 20:52:55.386 - GetRuntime - About to load CLR - versions available:
19876: 20:52:55.386 - v2.0.50727
19876: 20:52:55.386 - v4.0.30319
19876: 20:52:55.386 - Configuration requests: "v2.0.50727"
19876: 20:52:55.386 - About to load version: "v2.0.50727"
19876: 20:52:55.389 - About to load runtime: PhotonHostRuntime.PhotonDomainManager from PhotonHostRuntime, Culture=neutral, PublicKeyToken=02C301B61B060C4D
19876: 20:52:55.389 - CLRBaseDirectory set to "C:\Users\duong\Desktop\XuSoMuonThu\ServerXuSoMuonThu\deploy"
19876: 20:52:55.389 - Optimising event broadcast for 20 or more peers
19876: 20:52:55.389 - Start: About to load CLR - versions available:
19876: 20:52:55.389 - v2.0.50727
19876: 20:52:55.389 - v4.0.30319
19876: 20:52:55.389 - No preference in configuration file, will load latest.
19876: 20:52:55.389 - About to load version: "v4.0.30319"
19876: 20:52:55.390 - Loaded version: "v4.0.30319"
19876: 20:52:55.501 - Photon host runtime loaded
19876: 20:52:57.560 - License is valid.
19876: 20:52:57.560 - Licensed for 100 concurrent connections.
19876: 20:52:57.560 - ENet: Max Reliable Data In Transit (awaiting ACKs) per peer : 51200 bytes
19876: 20:52:57.560 - ENet: Per peer bandwidth limit
19876: 20:52:57.560 - ENet: Transmit Rate Limit: 256 KB/Sec
19876: 20:52:57.560 - ENet: Limit period: 200ms
19876: 20:52:57.560 - ENet: Limit per period: 52428 bytes
19876: 20:52:57.560 - ENet: Max queued data for transmission per peer: 512000 bytes
19876: 20:52:57.560 - ENet: Minimum retransmit timeout: 200
19876: 20:52:57.560 - No Maximum retransmit timeout
19876: 20:52:57.560 - ENet: Minimum timeout: 40000ms
19876: 20:52:57.560 - ENet: Maximum timeout: 50000ms
19876: 20:52:57.560 - ENet: Max Inbound Reliable Data Queued (awaiting resends of earlier sequence numbers) per peer : 163840 bytes
19876: 20:52:57.560 - No RTT ACK adjustment timeout
19876: 20:52:57.560 - About to load application: myConfig from srcServerXuSoMuonThu
19876: 20:52:57.632 - Taking reference on default app domain
19876: 20:52:57.764 - Application: "myConfig" started in app domain: 2
19876: 20:52:57.764 - Adding TCP listener on: 0.0.0.0: 4530 with a listen backlog of: 150
19876: 20:52:57.764 - TCP inactivity timeout: 10000ms
19876: 20:52:57.764 - TCP disconnect timeout: 120000ms
19876: 20:52:57.764 - MaxInboundMessageSize: 512000
19876: 20:52:57.764 - MaxOutboundMessageSize: 512000
19876: 20:52:57.764 - Forcing all applications ids to: "myConfig"
19876: 20:52:57.764 - Serving policy file requests from: "C:\Users\duong\Desktop\XuSoMuonThu\ServerXuSoMuonThu\deploy\Policy\assets\socket-policy.xml"
19876: 20:52:57.764 - Adding TCP listener on: 0.0.0.0: 4520 with a listen backlog of: 150
19876: 20:52:57.764 - TCP inactivity timeout: 5000ms
19876: 20:52:57.764 - TCP disconnect timeout: 120000ms
19876: 20:52:57.764 - MaxInboundMessageSize: 512000
19876: 20:52:57.764 - MaxOutboundMessageSize: 512000
19876: 20:52:57.764 - Forcing all applications ids to: "myConfig"
19876: 20:52:57.764 - MaxInboundMessageSize: 512000
19876: 20:52:57.764 - MaxOutboundMessageSize: 512000
19876: 20:52:57.764 - UDP address specified as: "0.0.0.0" adding listener to each available IPv4 address
19876: 20:52:57.765 - Adding UDP listener on: 192.168.8.107: 5055 with a listen backlog of: 500
19876: 20:52:57.765 - Adding UDP listener on: 127.0.0.1: 5055 with a listen backlog of: 500
19876: 20:52:57.765 - Adding WebSocket TCP listener on: 0.0.0.0: 9090 with a listen backlog of: 150
19876: 20:52:57.765 - Nagle disabled
19876: 20:52:57.765 - TCP inactivity timeout: 10000ms
19876: 20:52:57.765 - MaxInboundMessageSize: 512000
19876: 20:52:57.765 - MaxOutboundMessageSize: 512000
19876: 20:52:57.765 - Forcing all applications ids to: "myConfig"
19876: 20:52:57.765 - Will accept ANY sub-protocols from the client
19876: 20:52:57.765 - No automatic WebSocket ping
19876: 20:52:57.765 - Adding Policy File listener on: 0.0.0.0: 843 with a listen backlog of: 150 and serving Policy File: "C:\Users\duong\Desktop\XuSoMuonThu\ServerXuSoMuonThu\deploy\Policy\assets\socket-policy.xml"
19876: 20:52:57.765 - TCP inactivity timeout: 1000ms
19876: 20:52:57.766 - Adding Policy File listener on: 0.0.0.0: 943 with a listen backlog of: 150 and serving Policy File: "C:\Users\duong\Desktop\XuSoMuonThu\ServerXuSoMuonThu\deploy\Policy\assets\socket-policy-silverlight.xml"
19876: 20:52:57.766 - TCP inactivity timeout: 1000ms
19876: 20:52:57.789 - Service is running...
19876: 22:08:51.644 - Service is stopped...
19876: 22:08:51.644 - Server shutting down...
19876: 22:08:51.644 - Shutdown monitoring enabled, 30000ms before process abort
19876: 22:08:51.644 - Notifying CLR applications of shutdown...
19876: 22:08:51.644 - RequestApplicationStop: 2
19876: 22:08:51.647 - RequestStop: defalt app domain
19876: 22:08:51.649 - Shutting down WebSocket Outbound Connection Manager...
19876: 22:08:51.649 - Shutting down TCP Outbound Connection Manager...
19876: 22:08:51.649 - Shutting down ENet Outbound Connection Manager...
19876: 22:08:51.649 - Disconnecting all outbound peers...
19876: 22:08:51.649 - Shutting down ENet host...
19876: 22:08:51.649 - Disconnecting all peers...
19876: 22:08:51.649 - Shutting down socket servers...
19876: 22:08:51.679 - Shutting down ENet thread pool...
19876: 22:08:51.679 - Shutting down TCP inactivity timers...
19876: 22:08:51.680 - WaitingForShutdownToComplete: NativePolicy:0.0.0.0:843
19876: 22:08:51.680 - OnShutdownCompleted: NativePolicy:0.0.0.0:843
19876: 22:08:51.680 - WaitingForShutdownToComplete: NativePolicy:0.0.0.0:943
19876: 22:08:51.680 - OnShutdownCompleted: NativePolicy:0.0.0.0:943
19876: 22:08:51.680 - WaitingForShutdownToComplete: TCP:0.0.0.0:4520
19876: 22:08:51.680 - OnShutdownCompleted: TCP:0.0.0.0:4520
19876: 22:08:51.680 - WaitingForShutdownToComplete: TCP:0.0.0.0:4530
19876: 22:08:51.680 - OnShutdownCompleted: TCP:0.0.0.0:4530
19876: 22:08:51.680 - WaitingForShutdownToComplete: UDP:127.0.0.1:5055
19876: 22:08:51.680 - OnShutdownCompleted: UDP:127.0.0.1:5055
19876: 22:08:51.680 - WaitingForShutdownToComplete: UDP:192.168.8.107:5055
19876: 22:08:51.680 - OnShutdownCompleted: UDP:192.168.8.107:5055
19876: 22:08:51.680 - WaitingForShutdownToComplete: WebSocket:0.0.0.0:9090
19876: 22:08:51.681 - OnShutdownCompleted: WebSocket:0.0.0.0:9090
19876: 22:08:51.681 - Shutting down CLR applications...
19876: 22:08:51.685 - Shutting down business logic thread pool...
26160: 22:08:51.685 - CManagedHost::OnDefaultAction() - OPR_AppDomainUnload - eUnloadAppDomain
19876: 22:08:51.685 - Shutting down I/O thread pool...
19876: 22:08:51.685 - Destroying servers
19876: 22:08:51.685 - Destroying WebSocket Outbound Connection Manager
19876: 22:08:51.685 - Destroying TCP Outbound Connection Manager
19876: 22:08:51.685 - Destroying TCP inactivity timer
19876: 22:08:51.685 - Destroying ENet timer wheel
19876: 22:08:51.685 - Destroying ENet host
19876: 22:08:51.685 - Destroying ENet outbound host
19876: 22:08:51.686 - Destroying HTTP inactivity timer
19876: 22:08:51.686 - Destroying HTTP host
19876: 22:08:51.686 - Destroying HTTP Chunk host
19876: 22:08:51.686 - Flushing ENET buffer allocator...
19876: 22:08:51.686 - Flushing TCP buffer handle allocator...
19876: 22:08:51.686 - Flushing stream socket allocator...
19876: 22:08:51.687 - Flushing inbound datagram socket allocator...
19876: 22:08:51.688 - Flushing outbound datagram socket allocator...
19876: 22:08:51.688 - Destroying CLR dispatcher
19876: 22:08:51.688 - Destroying CLR applications
19876: 22:08:51.688 - ~CCLRApplicationCollection() - Waiting up to 10 seconds for the CLR to release all of our objects
14764: 22:08:51.696 - Unloading Domain: ApplicationName = 'myConfig', DomainId='2'
26160: 22:08:51.723 - CManagedHost::OnDomainUnload() - 2
19876: 22:08:51.725 - ~CCLRApplicationCollection() - Done. All objects released
19876: 22:08:51.725 - ~CManagedHost() - Release default app domain
19876: 22:08:51.725 - CManagedHost::OnDomainUnload() - 1
19876: 22:08:51.725 - ~CManagedHost() - Waiting up to 10 seconds for CLR shutdown...
19876: 22:08:51.725 - ~CManagedHost
19876: 22:08:51.725 - Destroying ENet thread pool
19876: 22:08:51.725 - Destroying Business logic thread pool
19876: 22:08:51.726 - Destroying I/O thread pool
19876: 22:08:51.726 - Destroying ENet buffer allocator
19876: 22:08:51.726 - Destroying TCP buffer allocator
19876: 22:08:51.726 - Destroying TCP socket allocator
19876: 22:08:51.726 - Destroying ENet inbound socket allocator
19876: 22:08:51.726 - Destroying ENet outbound socket allocator
19876: 22:08:51.726 - Destroying shared datagram flow control data
19876: 22:08:51.726 - Shutdown complete...
19876: 22:08:51.726 - Service shutting down
19876: 22:08:51.729 - Service shut down complete
