2144: 08:34:40.888 - ---
2144: 08:34:40.888 - Service: "Photon Socket Server" starting
2144: 08:34:40.888 - Config File: C:\Users\duong\Downloads\XuSoMuonThu\ServerXuSoMuonThu\deploy\bin_Win64\PhotonServer.config
2144: 08:34:40.889 - Will produce at most: 10 crash dumps
2144: 08:34:40.889 - Service shutting down
2144: 08:34:40.890 - Service shut down complete
3404: 08:37:48.043 - ---
3404: 08:37:48.043 - Service: "Photon Socket Server" starting
3404: 08:37:48.043 - Config File: C:\Users\duong\Downloads\XuSoMuonThu\ServerXuSoMuonThu\deploy\bin_Win64\PhotonServer.config
3404: 08:37:48.045 - Will produce at most: 10 crash dumps
3404: 08:37:48.045 - Service shutting down
3404: 08:37:48.045 - Service shut down complete
12336: 08:40:00.762 - ---
12336: 08:40:00.762 - Service: "Photon Socket Server" starting
12336: 08:40:00.762 - Config File: C:\Users\duong\Downloads\XuSoMuonThu\ServerXuSoMuonThu\deploy\bin_Win64\PhotonServer.config
12336: 08:40:00.764 - Will produce at most: 10 crash dumps
12336: 08:40:00.764 - Service shutting down
12336: 08:40:00.764 - Service shut down complete
16252: 09:27:55.491 - ---
16252: 09:27:55.491 - Service: "Photon Socket Server" starting
16252: 09:27:55.492 - Config File: C:\Users\duong\Desktop\XuSoMuonThu\ServerXuSoMuonThu\deploy\bin_Win64\PhotonServer.config
16252: 09:27:55.493 - Will produce at most: 10 crash dumps
16252: 09:27:55.493 - Service shutting down
16252: 09:27:55.493 - Service shut down complete
10728: 09:30:14.966 - ---
10728: 09:30:14.966 - Service: "Photon Socket Server" starting
10728: 09:30:14.967 - Config File: C:\Users\duong\Desktop\XuSoMuonThu\ServerXuSoMuonThu\deploy\bin_Win64\PhotonServer.config
10728: 09:30:14.968 - Will produce at most: 10 crash dumps
10728: 09:30:14.968 - Service shutting down
10728: 09:30:14.969 - Service shut down complete
19516: 09:39:35.731 - ---
19516: 09:39:35.731 - Service: "Photon Socket Server" starting
19516: 09:39:35.731 - Config File: C:\Users\duong\Desktop\XuSoMuonThu\ServerXuSoMuonThu\deploy\bin_Win64\PhotonServer.config
19516: 09:39:35.733 - Will produce at most: 10 crash dumps
19516: 09:39:35.733 - Service shutting down
19516: 09:39:35.733 - Service shut down complete
12592: 09:47:12.387 - ---
12592: 09:47:12.387 - Service: "Photon Socket Server" starting
12592: 09:47:12.387 - Config File: C:\Users\duong\Desktop\XuSoMuonThu\ServerXuSoMuonThu\deploy\bin_Win64\PhotonServer.config
12592: 09:47:12.389 - Will produce at most: 10 crash dumps
12592: 09:47:12.389 - Service shutting down
12592: 09:47:12.390 - Service shut down complete
8332: 10:11:56.006 - ---
8332: 10:11:56.006 - Service: "Photon Socket Server" starting
8332: 10:11:56.007 - Config File: C:\Users\duong\Desktop\XuSoMuonThu\ServerXuSoMuonThu\deploy\bin_Win64\PhotonServer.config
8332: 10:11:56.008 - Will produce at most: 10 crash dumps
8332: 10:11:56.008 - Service shutting down
8332: 10:11:56.009 - Service shut down complete
16232: 11:33:18.696 - ---
16232: 11:33:18.696 - Service: "Photon Socket Server" starting
16232: 11:33:18.696 - Config File: C:\Users\duong\Desktop\XuSoMuonThu\ServerXuSoMuonThu\deploy\bin_Win64\PhotonServer.config
16232: 11:33:18.697 - Will produce at most: 10 crash dumps
16232: 11:33:18.697 - Service shutting down
16232: 11:33:18.698 - Service shut down complete
