2656: 23:31:07.789 - ---
2656: 23:31:07.789 - Service: "Photon Socket Server" starting
2656: 23:31:07.790 - Config File: C:\Users\duong\Desktop\XuSoMuonThu\ServerXuSoMuonThu\deploy\bin_Win64\PhotonServer.config
2656: 23:31:07.796 - Will produce at most: 10 crash dumps
2656: 23:31:07.796 - Service shutting down
2656: 23:31:07.803 - Service shut down complete
6128: 23:36:54.882 - ---
6128: 23:36:54.882 - Service: "Photon Socket Server" starting
6128: 23:36:54.883 - Config File: C:\Users\duong\Desktop\XuSoMuonThu\ServerXuSoMuonThu\deploy\bin_Win64\PhotonServer.config
6128: 23:36:54.884 - Will produce at most: 10 crash dumps
6128: 23:36:54.884 - Service shutting down
6128: 23:36:54.886 - Service shut down complete
13444: 23:40:26.012 - ---
13444: 23:40:26.012 - Service: "Photon Socket Server" starting
13444: 23:40:26.012 - Config File: C:\Users\duong\Desktop\XuSoMuonThu\ServerXuSoMuonThu\deploy\bin_Win64\PhotonServer.config
13444: 23:40:26.014 - Will produce at most: 10 crash dumps
13444: 23:40:26.014 - Service shutting down
13444: 23:40:26.016 - Service shut down complete
17916: 23:42:08.546 - ---
17916: 23:42:08.546 - Service: "Photon Socket Server" starting
17916: 23:42:08.546 - Config File: C:\Users\duong\Desktop\XuSoMuonThu\ServerXuSoMuonThu\deploy\bin_Win64\PhotonServer.config
17916: 23:42:08.548 - Will produce at most: 10 crash dumps
17916: 23:42:08.548 - Service shutting down
17916: 23:42:08.550 - Service shut down complete
21440: 23:43:46.296 - ---
21440: 23:43:46.296 - Service: "Photon Socket Server" starting
21440: 23:43:46.296 - Config File: C:\Users\duong\Desktop\XuSoMuonThu\ServerXuSoMuonThu\deploy\bin_Win64\PhotonServer.config
21440: 23:43:46.298 - Will produce at most: 10 crash dumps
21440: 23:43:46.298 - Service shutting down
21440: 23:43:46.300 - Service shut down complete
9252: 23:44:46.713 - ---
9252: 23:44:46.713 - Service: "Photon Socket Server" starting
9252: 23:44:46.713 - Config File: C:\Users\duong\Desktop\XuSoMuonThu\ServerXuSoMuonThu\deploy\bin_Win64\PhotonServer.config
9252: 23:44:46.715 - Will produce at most: 10 crash dumps
9252: 23:44:46.715 - Service shutting down
9252: 23:44:46.717 - Service shut down complete
21292: 23:45:03.696 - ---
21292: 23:45:03.696 - Service: "Photon Socket Server" starting
21292: 23:45:03.696 - Config File: C:\Users\duong\Desktop\XuSoMuonThu\ServerXuSoMuonThu\deploy\bin_Win64\PhotonServer.config
21292: 23:45:03.698 - Will produce at most: 10 crash dumps
21292: 23:45:03.698 - Service shutting down
21292: 23:45:03.700 - Service shut down complete
15788: 23:48:46.895 - ---
15788: 23:48:46.895 - Service: "Photon Socket Server" starting
15788: 23:48:46.896 - Config File: C:\Users\duong\Desktop\XuSoMuonThu\ServerXuSoMuonThu\deploy\bin_Win64\PhotonServer.config
15788: 23:48:46.897 - Will produce at most: 10 crash dumps
15788: 23:48:46.898 - Service shutting down
15788: 23:48:46.900 - Service shut down complete
11104: 23:50:19.899 - ---
11104: 23:50:19.899 - Service: "Photon Socket Server" starting
11104: 23:50:19.899 - Config File: C:\Users\duong\Desktop\XuSoMuonThu\ServerXuSoMuonThu\deploy\bin_Win64\PhotonServer.config
11104: 23:50:19.901 - Will produce at most: 10 crash dumps
11104: 23:50:19.901 - Service shutting down
11104: 23:50:19.904 - Service shut down complete
12568: 23:51:36.163 - ---
12568: 23:51:36.163 - Service: "Photon Socket Server" starting
12568: 23:51:36.163 - Config File: C:\Users\duong\Desktop\XuSoMuonThu\ServerXuSoMuonThu\deploy\bin_Win64\PhotonServer.config
12568: 23:51:36.165 - Will produce at most: 10 crash dumps
12568: 23:51:36.165 - Service shutting down
12568: 23:51:36.167 - Service shut down complete
9252: 23:52:50.044 - ---
9252: 23:52:50.044 - Service: "Photon Socket Server" starting
9252: 23:52:50.044 - Config File: C:\Users\duong\Desktop\XuSoMuonThu\ServerXuSoMuonThu\deploy\bin_Win64\PhotonServer.config
9252: 23:52:50.046 - Will produce at most: 10 crash dumps
9252: 23:52:50.046 - Service shutting down
9252: 23:52:50.047 - Service shut down complete
