25156: 00:05:00.835 - ---
25156: 00:05:00.835 - Service: "Photon Socket Server" starting
25156: 00:05:00.835 - Config File: C:\Users\duong\Desktop\XuSoMuonThu\ServerXuSoMuonThu\deploy\bin_Win64\PhotonServer.config
25156: 00:05:00.840 - Will produce at most: 10 crash dumps
25156: 00:05:00.840 - Service shutting down
25156: 00:05:00.843 - Service shut down complete
3720: 00:08:35.403 - ---
3720: 00:08:35.403 - Service: "Photon Socket Server" starting
3720: 00:08:35.403 - Config File: C:\Users\duong\Desktop\XuSoMuonThu\ServerXuSoMuonThu\deploy\bin_Win64\PhotonServer.config
3720: 00:08:35.405 - Will produce at most: 10 crash dumps
3720: 00:08:35.405 - Service shutting down
3720: 00:08:35.406 - Service shut down complete
10236: 00:31:48.594 - ---
10236: 00:31:48.594 - Service: "Photon Socket Server" starting
10236: 00:31:48.594 - Config File: C:\Users\duong\Desktop\XuSoMuonThu\ServerXuSoMuonThu\deploy\bin_Win64\PhotonServer.config
10236: 00:31:48.596 - Will produce at most: 10 crash dumps
10236: 00:31:48.596 - Service shutting down
10236: 00:31:48.597 - Service shut down complete
24996: 00:36:32.872 - ---
24996: 00:36:32.872 - Service: "Photon Socket Server" starting
24996: 00:36:32.872 - Config File: C:\Users\duong\Desktop\XuSoMuonThu\ServerXuSoMuonThu\deploy\bin_Win64\PhotonServer.config
24996: 00:36:32.873 - Will produce at most: 10 crash dumps
24996: 00:36:32.873 - Service shutting down
24996: 00:36:32.874 - Service shut down complete
21872: 15:20:35.259 - ---
21872: 15:20:35.259 - Service: "Photon Socket Server" starting
21872: 15:20:35.260 - Config File: C:\Users\duong\Desktop\XuSoMuonThu\ServerXuSoMuonThu\deploy\bin_Win64\PhotonServer.config
21872: 15:20:35.261 - Will produce at most: 10 crash dumps
21872: 15:20:35.261 - Service shutting down
21872: 15:20:35.262 - Service shut down complete
22524: 15:40:07.270 - ---
22524: 15:40:07.270 - Service: "Photon Socket Server" starting
22524: 15:40:07.270 - Config File: C:\Users\duong\Desktop\XuSoMuonThu\ServerXuSoMuonThu\deploy\bin_Win64\PhotonServer.config
22524: 15:40:07.272 - Will produce at most: 10 crash dumps
22524: 15:40:07.272 - Service shutting down
22524: 15:40:07.273 - Service shut down complete
14208: 15:50:15.450 - ---
14208: 15:50:15.450 - Service: "Photon Socket Server" starting
14208: 15:50:15.450 - Config File: C:\Users\duong\Desktop\XuSoMuonThu\ServerXuSoMuonThu\deploy\bin_Win64\PhotonServer.config
14208: 15:50:15.453 - Will produce at most: 10 crash dumps
14208: 15:50:15.453 - Service shutting down
14208: 15:50:15.455 - Service shut down complete
25012: 15:56:26.001 - ---
25012: 15:56:26.001 - Service: "Photon Socket Server" starting
25012: 15:56:26.001 - Config File: C:\Users\duong\Desktop\XuSoMuonThu\ServerXuSoMuonThu\deploy\bin_Win64\PhotonServer.config
25012: 15:56:26.002 - Will produce at most: 10 crash dumps
25012: 15:56:26.003 - Service shutting down
25012: 15:56:26.004 - Service shut down complete
4404: 15:57:09.010 - ---
4404: 15:57:09.010 - Service: "Photon Socket Server" starting
4404: 15:57:09.010 - Config File: C:\Users\duong\Desktop\XuSoMuonThu\ServerXuSoMuonThu\deploy\bin_Win64\PhotonServer.config
4404: 15:57:09.013 - Will produce at most: 10 crash dumps
4404: 15:57:09.013 - Service shutting down
4404: 15:57:09.014 - Service shut down complete
12404: 16:01:48.501 - ---
12404: 16:01:48.501 - Service: "Photon Socket Server" starting
12404: 16:01:48.502 - Config File: C:\Users\duong\Desktop\XuSoMuonThu\ServerXuSoMuonThu\deploy\bin_Win64\PhotonServer.config
12404: 16:01:48.509 - Will produce at most: 10 crash dumps
12404: 16:01:48.510 - Service shutting down
12404: 16:01:48.515 - Service shut down complete
17204: 16:05:20.005 - ---
17204: 16:05:20.005 - Service: "Photon Socket Server" starting
17204: 16:05:20.005 - Config File: C:\Users\duong\Desktop\XuSoMuonThu\ServerXuSoMuonThu\deploy\bin_Win64\PhotonServer.config
17204: 16:05:20.007 - Will produce at most: 10 crash dumps
17204: 16:05:20.007 - Service shutting down
17204: 16:05:20.008 - Service shut down complete
14568: 16:15:40.668 - ---
14568: 16:15:40.668 - Service: "Photon Socket Server" starting
14568: 16:15:40.668 - Config File: C:\Users\duong\Desktop\XuSoMuonThu\ServerXuSoMuonThu\deploy\bin_Win64\PhotonServer.config
14568: 16:15:40.673 - Will produce at most: 10 crash dumps
14568: 16:15:40.673 - Service shutting down
14568: 16:15:40.678 - Service shut down complete
25540: 16:22:10.410 - ---
25540: 16:22:10.410 - Service: "Photon Socket Server" starting
25540: 16:22:10.411 - Config File: C:\Users\duong\Desktop\XuSoMuonThu\ServerXuSoMuonThu\deploy\bin_Win64\PhotonServer.config
25540: 16:22:10.412 - Will produce at most: 10 crash dumps
25540: 16:22:10.412 - Service shutting down
25540: 16:22:10.413 - Service shut down complete
12600: 16:33:00.980 - ---
12600: 16:33:00.980 - Service: "Photon Socket Server" starting
12600: 16:33:00.980 - Config File: C:\Users\duong\Desktop\XuSoMuonThu\ServerXuSoMuonThu\deploy\bin_Win64\PhotonServer.config
12600: 16:33:00.981 - Will produce at most: 10 crash dumps
12600: 16:33:00.981 - Service shutting down
12600: 16:33:00.982 - Service shut down complete
10684: 16:38:31.844 - ---
10684: 16:38:31.844 - Service: "Photon Socket Server" starting
10684: 16:38:31.844 - Config File: C:\Users\duong\Desktop\XuSoMuonThu\ServerXuSoMuonThu\deploy\bin_Win64\PhotonServer.config
10684: 16:38:31.845 - Will produce at most: 10 crash dumps
10684: 16:38:31.845 - Service shutting down
10684: 16:38:31.846 - Service shut down complete
21524: 17:18:09.867 - ---
21524: 17:18:09.867 - Service: "Photon Socket Server" starting
21524: 17:18:09.867 - Config File: C:\Users\duong\Desktop\XuSoMuonThu\ServerXuSoMuonThu\deploy\bin_Win64\PhotonServer.config
21524: 17:18:09.868 - Will produce at most: 10 crash dumps
21524: 17:18:09.869 - Service shutting down
21524: 17:18:09.869 - Service shut down complete
6684: 19:11:24.558 - ---
6684: 19:11:24.558 - Service: "Photon Socket Server" starting
6684: 19:11:24.558 - Config File: C:\Users\duong\Desktop\XuSoMuonThu\ServerXuSoMuonThu\deploy\bin_Win64\PhotonServer.config
6684: 19:11:24.559 - Will produce at most: 10 crash dumps
6684: 19:11:24.560 - Service shutting down
6684: 19:11:24.561 - Service shut down complete
