19996: 17:49:37.538 - ---
19996: 17:49:37.538 - Service: "Photon Socket Server" starting
19996: 17:49:37.538 - Config File: C:\Users\duong\Desktop\XuSoMuonThu\ServerXuSoMuonThu\deploy\bin_Win64\PhotonServer.config
19996: 17:49:37.539 - Will produce at most: 10 crash dumps
19996: 17:49:37.539 - Service shutting down
19996: 17:49:37.541 - Service shut down complete
20432: 17:49:48.761 - ---
20432: 17:49:48.761 - Service: "Photon Socket Server" starting
20432: 17:49:48.762 - Config File: C:\Users\duong\Desktop\XuSoMuonThu\ServerXuSoMuonThu\deploy\bin_Win64\PhotonServer.config
20432: 17:49:48.763 - Will produce at most: 10 crash dumps
20432: 17:49:48.763 - Service shutting down
20432: 17:49:48.764 - Service shut down complete
1472: 17:49:53.297 - ---
1472: 17:49:53.297 - Service: "Photon Socket Server" starting
1472: 17:49:53.297 - Config File: C:\Users\duong\Desktop\XuSoMuonThu\ServerXuSoMuonThu\deploy\bin_Win64\PhotonServer.config
1472: 17:49:53.298 - Will produce at most: 10 crash dumps
1472: 17:49:53.298 - Service shutting down
1472: 17:49:53.299 - Service shut down complete
15404: 17:49:57.741 - ---
15404: 17:49:57.741 - Service: "Photon Socket Server" starting
15404: 17:49:57.741 - Config File: C:\Users\duong\Desktop\XuSoMuonThu\ServerXuSoMuonThu\deploy\bin_Win64\PhotonServer.config
15404: 17:49:57.742 - Will produce at most: 10 crash dumps
15404: 17:49:57.742 - Service shutting down
15404: 17:49:57.742 - Service shut down complete
14972: 17:50:28.238 - ---
14972: 17:50:28.238 - Service: "Photon Socket Server" starting
14972: 17:50:28.238 - Config File: C:\Users\duong\Desktop\XuSoMuonThu\ServerXuSoMuonThu\deploy\bin_Win64\PhotonServer.config
14972: 17:50:28.239 - Will produce at most: 10 crash dumps
14972: 17:50:28.239 - Service shutting down
14972: 17:50:28.240 - Service shut down complete
19088: 17:51:18.018 - ---
19088: 17:51:18.018 - Service: "Photon Socket Server" starting
19088: 17:51:18.018 - Config File: C:\Users\duong\Desktop\XuSoMuonThu\ServerXuSoMuonThu\deploy\bin_Win64\PhotonServer.config
19088: 17:51:18.019 - Will produce at most: 10 crash dumps
19088: 17:51:18.020 - Service shutting down
19088: 17:51:18.020 - Service shut down complete
16716: 17:52:04.269 - ---
16716: 17:52:04.270 - Service: "Photon Socket Server" starting
16716: 17:52:04.270 - Config File: C:\Users\duong\Desktop\XuSoMuonThu\ServerXuSoMuonThu\deploy\bin_Win64\PhotonServer.config
16716: 17:52:04.271 - Will produce at most: 10 crash dumps
16716: 17:52:04.271 - Service shutting down
16716: 17:52:04.272 - Service shut down complete
12156: 17:52:40.004 - ---
12156: 17:52:40.004 - Service: "Photon Socket Server" starting
12156: 17:52:40.004 - Config File: C:\Users\duong\Desktop\XuSoMuonThu\ServerXuSoMuonThu\deploy\bin_Win64\PhotonServer.config
12156: 17:52:40.006 - Will produce at most: 10 crash dumps
12156: 17:52:40.006 - Service shutting down
12156: 17:52:40.006 - Service shut down complete
5572: 17:54:28.487 - ---
5572: 17:54:28.487 - Service: "Photon Socket Server" starting
5572: 17:54:28.487 - Config File: C:\Users\duong\Desktop\XuSoMuonThu\ServerXuSoMuonThu\deploy\bin_Win64\PhotonServer.config
5572: 17:54:28.487 - Will produce at most: 10 crash dumps
5572: 17:54:28.487 - Service shutting down
5572: 17:54:28.487 - Service shut down complete
4332: 17:54:44.598 - ---
4332: 17:54:44.598 - Service: "Photon Socket Server" starting
4332: 17:54:44.598 - Config File: C:\Users\duong\Desktop\XuSoMuonThu\ServerXuSoMuonThu\deploy\bin_Win64\PhotonServer.config
4332: 17:54:44.599 - Will produce at most: 10 crash dumps
4332: 17:54:44.599 - Service shutting down
4332: 17:54:44.599 - Service shut down complete
9560: 17:56:49.875 - ---
9560: 17:56:49.875 - Service: "Photon Socket Server" starting
9560: 17:56:49.875 - Config File: C:\Users\duong\Desktop\XuSoMuonThu\ServerXuSoMuonThu\deploy\bin_Win64\PhotonServer.config
9560: 17:56:49.876 - Will produce at most: 10 crash dumps
9560: 17:56:49.876 - Service shutting down
9560: 17:56:49.876 - Service shut down complete
5484: 18:00:48.724 - ---
5484: 18:00:48.724 - Service: "Photon Socket Server" starting
5484: 18:00:48.724 - Config File: C:\Users\duong\Desktop\XuSoMuonThu\ServerXuSoMuonThu\deploy\bin_Win64\PhotonServer.config
5484: 18:00:48.726 - Will produce at most: 10 crash dumps
5484: 18:00:48.726 - Service shutting down
5484: 18:00:48.727 - Service shut down complete
4344: 18:17:20.769 - ---
4344: 18:17:20.769 - Service: "Photon Socket Server" starting
4344: 18:17:20.769 - Config File: C:\Users\duong\Desktop\XuSoMuonThu\ServerXuSoMuonThu\deploy\bin_Win64\PhotonServer.config
4344: 18:17:20.770 - Will produce at most: 10 crash dumps
4344: 18:17:20.770 - Service shutting down
4344: 18:17:20.771 - Service shut down complete
5020: 18:18:48.424 - ---
5020: 18:18:48.424 - Service: "Photon Socket Server" starting
5020: 18:18:48.424 - Config File: C:\Users\duong\Desktop\XuSoMuonThu\ServerXuSoMuonThu\deploy\bin_Win64\PhotonServer.config
5020: 18:18:48.426 - Will produce at most: 10 crash dumps
5020: 18:18:48.426 - Service shutting down
5020: 18:18:48.427 - Service shut down complete
2228: 18:21:03.972 - ---
2228: 18:21:03.972 - Service: "Photon Socket Server" starting
2228: 18:21:03.972 - Config File: C:\Users\duong\Desktop\XuSoMuonThu\ServerXuSoMuonThu\deploy\bin_Win64\PhotonServer.config
2228: 18:21:03.974 - Will produce at most: 10 crash dumps
2228: 18:21:03.974 - Service shutting down
2228: 18:21:03.975 - Service shut down complete
3236: 18:24:10.489 - ---
3236: 18:24:10.489 - Service: "Photon Socket Server" starting
3236: 18:24:10.489 - Config File: C:\Users\duong\Desktop\XuSoMuonThu\ServerXuSoMuonThu\deploy\bin_Win64\PhotonServer.config
3236: 18:24:10.491 - Will produce at most: 10 crash dumps
3236: 18:24:10.491 - Service shutting down
3236: 18:24:10.492 - Service shut down complete
7224: 18:24:29.260 - ---
7224: 18:24:29.260 - Service: "Photon Socket Server" starting
7224: 18:24:29.260 - Config File: C:\Users\duong\Desktop\XuSoMuonThu\ServerXuSoMuonThu\deploy\bin_Win64\PhotonServer.config
7224: 18:24:29.261 - Will produce at most: 10 crash dumps
7224: 18:24:29.262 - Service shutting down
7224: 18:24:29.262 - Service shut down complete
4552: 18:24:41.737 - ---
4552: 18:24:41.737 - Service: "Photon Socket Server" starting
4552: 18:24:41.737 - Config File: C:\Users\duong\Desktop\XuSoMuonThu\ServerXuSoMuonThu\deploy\bin_Win64\PhotonServer.config
4552: 18:24:41.739 - Will produce at most: 10 crash dumps
4552: 18:24:41.739 - Service shutting down
4552: 18:24:41.740 - Service shut down complete
12412: 18:30:59.188 - ---
12412: 18:30:59.188 - Service: "Photon Socket Server" starting
12412: 18:30:59.188 - Config File: C:\Users\duong\Desktop\XuSoMuonThu\ServerXuSoMuonThu\deploy\bin_Win64\PhotonServer.config
12412: 18:30:59.190 - Will produce at most: 10 crash dumps
12412: 18:30:59.190 - Service shutting down
12412: 18:30:59.190 - Service shut down complete
11852: 18:31:26.757 - ---
11852: 18:31:26.757 - Service: "Photon Socket Server" starting
11852: 18:31:26.757 - Config File: C:\Users\duong\Desktop\XuSoMuonThu\ServerXuSoMuonThu\deploy\bin_Win64\PhotonServer.config
11852: 18:31:26.759 - Will produce at most: 10 crash dumps
11852: 18:31:26.759 - Service shutting down
11852: 18:31:26.760 - Service shut down complete
7012: 18:34:27.183 - ---
7012: 18:34:27.183 - Service: "Photon Socket Server" starting
7012: 18:34:27.183 - Config File: C:\Users\duong\Desktop\XuSoMuonThu\ServerXuSoMuonThu\deploy\bin_Win64\PhotonServer.config
7012: 18:34:27.185 - Will produce at most: 10 crash dumps
7012: 18:34:27.185 - Service shutting down
7012: 18:34:27.186 - Service shut down complete
6564: 18:50:43.606 - ---
6564: 18:50:43.606 - Service: "Photon Socket Server" starting
6564: 18:50:43.607 - Config File: C:\Users\duong\Desktop\XuSoMuonThu\ServerXuSoMuonThu\deploy\bin_Win64\PhotonServer.config
6564: 18:50:43.608 - Will produce at most: 10 crash dumps
6564: 18:50:43.608 - Service shutting down
6564: 18:50:43.609 - Service shut down complete
22312: 19:41:30.446 - ---
22312: 19:41:30.446 - Service: "Photon Socket Server" starting
22312: 19:41:30.446 - Config File: C:\Users\duong\Desktop\XuSoMuonThu\ServerXuSoMuonThu\deploy\bin_Win64\PhotonServer.config
22312: 19:41:30.448 - Will produce at most: 10 crash dumps
22312: 19:41:30.448 - Service shutting down
22312: 19:41:30.450 - Service shut down complete
18668: 23:06:55.968 - ---
18668: 23:06:55.968 - Service: "Photon Socket Server" starting
18668: 23:06:55.968 - Config File: C:\Users\duong\Desktop\XuSoMuonThu\ServerXuSoMuonThu\deploy\bin_Win64\PhotonServer.config
18668: 23:06:55.970 - Will produce at most: 10 crash dumps
18668: 23:06:55.970 - Service shutting down
18668: 23:06:55.971 - Service shut down complete
