17180: 00:56:15.821 - ---
17180: 00:56:15.821 - Service: "Photon Socket Server" starting
17180: 00:56:15.821 - Config File: C:\Users\duong\Desktop\XuSoMuonThu\ServerXuSoMuonThu\deploy\bin_Win64\PhotonServer.config
17180: 00:56:15.824 - Will produce at most: 10 crash dumps
17180: 00:56:15.824 - Service shutting down
17180: 00:56:15.825 - Service shut down complete
19108: 11:30:28.637 - ---
19108: 11:30:28.637 - Service: "Photon Socket Server" starting
19108: 11:30:28.637 - Config File: C:\Users\duong\Desktop\XuSoMuonThu\ServerXuSoMuonThu\deploy\bin_Win64\PhotonServer.config
19108: 11:30:28.639 - Will produce at most: 10 crash dumps
19108: 11:30:28.639 - Service shutting down
19108: 11:30:28.640 - Service shut down complete
16428: 11:33:02.739 - ---
16428: 11:33:02.739 - Service: "Photon Socket Server" starting
16428: 11:33:02.739 - Config File: C:\Users\duong\Desktop\XuSoMuonThu\ServerXuSoMuonThu\deploy\bin_Win64\PhotonServer.config
16428: 11:33:02.741 - Will produce at most: 10 crash dumps
16428: 11:33:02.741 - Service shutting down
16428: 11:33:02.742 - Service shut down complete
21196: 12:02:25.251 - ---
21196: 12:02:25.251 - Service: "Photon Socket Server" starting
21196: 12:02:25.251 - Config File: C:\Users\duong\Desktop\XuSoMuonThu\ServerXuSoMuonThu\deploy\bin_Win64\PhotonServer.config
21196: 12:02:25.253 - Will produce at most: 10 crash dumps
21196: 12:02:25.253 - Service shutting down
21196: 12:02:25.253 - Service shut down complete
8748: 12:25:50.389 - ---
8748: 12:25:50.389 - Service: "Photon Socket Server" starting
8748: 12:25:50.389 - Config File: C:\Users\duong\Desktop\XuSoMuonThu\ServerXuSoMuonThu\deploy\bin_Win64\PhotonServer.config
8748: 12:25:50.395 - Will produce at most: 10 crash dumps
8748: 12:25:50.395 - Service shutting down
8748: 12:25:50.397 - Service shut down complete
13712: 12:35:08.907 - ---
13712: 12:35:08.907 - Service: "Photon Socket Server" starting
13712: 12:35:08.907 - Config File: C:\Users\duong\Desktop\XuSoMuonThu\ServerXuSoMuonThu\deploy\bin_Win64\PhotonServer.config
13712: 12:35:08.908 - Will produce at most: 10 crash dumps
13712: 12:35:08.908 - Service shutting down
13712: 12:35:08.909 - Service shut down complete
