7916: 22:15:07.445 - ---
7916: 22:15:07.445 - Service: "Photon Socket Server" starting
7916: 22:15:07.445 - Config File: C:\Users\duong\Desktop\XuSoMuonThu\ServerXuSoMuonThu\deploy\bin_Win64\PhotonServer.config
7916: 22:15:07.446 - Will produce at most: 10 crash dumps
7916: 22:15:07.447 - Action: run as exe
7916: 22:15:07.447 - Server Starting...
7916: 22:15:07.447 -    Tick count: 122740125 (wraps in: 48.2897 days)
7916: 22:15:07.447 - Tick count 64: 122740125
7916: 22:15:07.447 - Photon Version: 4.0.28.2962
7916: 22:15:07.447 - PID: 15240
7916: 22:15:07.447 - Config File: C:\Users\duong\Desktop\XuSoMuonThu\ServerXuSoMuonThu\deploy\bin_Win64\PhotonServer.config
7916: 22:15:07.447 - Will NOT log unimportant exceptions
7916: 22:15:07.449 - Not using performance counters as they are not currently installed. Run the service with /InstallCounters to install them.
7916: 22:15:07.449 - Shutdown timeout enabled: 30000ms
7916: 22:15:07.449 - Starting I/O thread pool with 2 threads
7916: 22:15:07.449 - Using Standard allocator
7916: 22:15:07.449 - Max message size: 512000
7916: 22:15:07.449 - Starting business logic thread pool with the following settings
7916: 22:15:07.449 - InitialThreads: 4 threads
7916: 22:15:07.449 - MinThreads: 4 threads
7916: 22:15:07.449 - Thread pool is fixed size
7916: 22:15:07.449 - Starting ENet thread pool with the following settings
7916: 22:15:07.449 - InitialThreads: 2 threads
7916: 22:15:07.449 - MinThreads: 2 threads
7916: 22:15:07.449 - Thread pool is fixed size
7916: 22:15:07.449 - OnlyDispatchTimers: False
7916: 22:15:07.449 - S2S: flow control: Max pending writes: 50
7916: 22:15:07.449 - S2S: flow control: Max queued buffers: 200
7916: 22:15:07.449 - S2S: flow control: Max pending writes MUX: 500
7916: 22:15:07.449 - S2S: flow control: Max queued buffers MUX: 2000
7916: 22:15:07.449 - S2S: MaxInboundMessageSize: 512000
7916: 22:15:07.449 - S2S: MaxOutboundMessageSize: 512000
7916: 22:15:07.449 - S2S: No inactivity timeout
7916: 22:15:07.451 - WebSocket S2S: MaxInboundMessageSize: 512000
7916: 22:15:07.451 - WebSocket S2S: MaxOutboundMessageSize: 512000
7916: 22:15:07.451 - WebSocket S2S: No inactivity timeout
7916: 22:15:07.452 - Max Reliable Data In Transit (awaiting ACKs) per peer : 51200 bytes
7916: 22:15:07.452 - Per peer bandwidth limit
7916: 22:15:07.452 - Transmit Rate Limit: 256 KB/Sec
7916: 22:15:07.452 - Limit period: 200ms
7916: 22:15:07.452 - Limit per period: 52428 bytes
7916: 22:15:07.452 - Max queued data for transmission per peer: 512000 bytes
7916: 22:15:07.452 - Minimum retransmit timeout: 200
7916: 22:15:07.452 - No Maximum retransmit timeout
7916: 22:15:07.452 - Minimum ENet timeout: 40000ms
7916: 22:15:07.452 - Maximum ENet timeout: 50000ms
7916: 22:15:07.452 - Max Inbound Reliable Data Queued (awaiting resends of earlier sequence numbers) per peer : 163840 bytes
7916: 22:15:07.452 - No RTT ACK adjustment timeout
7916: 22:15:07.452 - Outbound ENet: MaxInboundMessageSize: 512000
7916: 22:15:07.452 - Outbound ENet: MaxOutboundMessageSize: 512000
7916: 22:15:07.453 - GetRuntime - About to load CLR - versions available:
7916: 22:15:07.453 - v2.0.50727
7916: 22:15:07.453 - v4.0.30319
7916: 22:15:07.453 - Configuration requests: "v2.0.50727"
7916: 22:15:07.453 - About to load version: "v2.0.50727"
7916: 22:15:07.520 - About to load runtime: PhotonHostRuntime.PhotonDomainManager from PhotonHostRuntime, Culture=neutral, PublicKeyToken=02C301B61B060C4D
7916: 22:15:07.520 - CLRBaseDirectory set to "C:\Users\duong\Desktop\XuSoMuonThu\ServerXuSoMuonThu\deploy"
7916: 22:15:07.520 - Optimising event broadcast for 20 or more peers
7916: 22:15:07.520 - Start: About to load CLR - versions available:
7916: 22:15:07.520 - v2.0.50727
7916: 22:15:07.520 - v4.0.30319
7916: 22:15:07.520 - No preference in configuration file, will load latest.
7916: 22:15:07.520 - About to load version: "v4.0.30319"
7916: 22:15:07.521 - Loaded version: "v4.0.30319"
7916: 22:15:07.659 - Photon host runtime loaded
7916: 22:15:09.217 - License is valid.
7916: 22:15:09.217 - Licensed for 100 concurrent connections.
7916: 22:15:09.217 - ENet: Max Reliable Data In Transit (awaiting ACKs) per peer : 51200 bytes
7916: 22:15:09.217 - ENet: Per peer bandwidth limit
7916: 22:15:09.217 - ENet: Transmit Rate Limit: 256 KB/Sec
7916: 22:15:09.217 - ENet: Limit period: 200ms
7916: 22:15:09.217 - ENet: Limit per period: 52428 bytes
7916: 22:15:09.217 - ENet: Max queued data for transmission per peer: 512000 bytes
7916: 22:15:09.217 - ENet: Minimum retransmit timeout: 200
7916: 22:15:09.217 - No Maximum retransmit timeout
7916: 22:15:09.217 - ENet: Minimum timeout: 40000ms
7916: 22:15:09.217 - ENet: Maximum timeout: 50000ms
7916: 22:15:09.217 - ENet: Max Inbound Reliable Data Queued (awaiting resends of earlier sequence numbers) per peer : 163840 bytes
7916: 22:15:09.217 - No RTT ACK adjustment timeout
7916: 22:15:09.217 - About to load application: myConfig from srcServerXuSoMuonThu
7916: 22:15:09.356 - Taking reference on default app domain
7916: 22:15:09.568 - Application: "myConfig" started in app domain: 2
7916: 22:15:09.569 - Adding TCP listener on: 0.0.0.0: 4530 with a listen backlog of: 150
7916: 22:15:09.569 - TCP inactivity timeout: 10000ms
7916: 22:15:09.569 - TCP disconnect timeout: 120000ms
7916: 22:15:09.569 - MaxInboundMessageSize: 512000
7916: 22:15:09.569 - MaxOutboundMessageSize: 512000
7916: 22:15:09.569 - Forcing all applications ids to: "myConfig"
7916: 22:15:09.577 - Serving policy file requests from: "C:\Users\duong\Desktop\XuSoMuonThu\ServerXuSoMuonThu\deploy\Policy\assets\socket-policy.xml"
7916: 22:15:09.579 - Adding TCP listener on: 0.0.0.0: 4520 with a listen backlog of: 150
7916: 22:15:09.579 - TCP inactivity timeout: 5000ms
7916: 22:15:09.579 - TCP disconnect timeout: 120000ms
7916: 22:15:09.579 - MaxInboundMessageSize: 512000
7916: 22:15:09.579 - MaxOutboundMessageSize: 512000
7916: 22:15:09.579 - Forcing all applications ids to: "myConfig"
7916: 22:15:09.579 - MaxInboundMessageSize: 512000
7916: 22:15:09.579 - MaxOutboundMessageSize: 512000
7916: 22:15:09.579 - UDP address specified as: "0.0.0.0" adding listener to each available IPv4 address
7916: 22:15:09.580 - Adding UDP listener on: 192.168.40.128: 5055 with a listen backlog of: 500
7916: 22:15:09.580 - Adding UDP listener on: 127.0.0.1: 5055 with a listen backlog of: 500
7916: 22:15:09.581 - Adding WebSocket TCP listener on: 0.0.0.0: 9090 with a listen backlog of: 150
7916: 22:15:09.581 - Nagle disabled
7916: 22:15:09.581 - TCP inactivity timeout: 10000ms
7916: 22:15:09.581 - MaxInboundMessageSize: 512000
7916: 22:15:09.581 - MaxOutboundMessageSize: 512000
7916: 22:15:09.581 - Forcing all applications ids to: "myConfig"
7916: 22:15:09.581 - Will accept ANY sub-protocols from the client
7916: 22:15:09.581 - No automatic WebSocket ping
7916: 22:15:09.583 - Adding Policy File listener on: 0.0.0.0: 843 with a listen backlog of: 150 and serving Policy File: "C:\Users\duong\Desktop\XuSoMuonThu\ServerXuSoMuonThu\deploy\Policy\assets\socket-policy.xml"
7916: 22:15:09.583 - TCP inactivity timeout: 1000ms
7916: 22:15:09.595 - Adding Policy File listener on: 0.0.0.0: 943 with a listen backlog of: 150 and serving Policy File: "C:\Users\duong\Desktop\XuSoMuonThu\ServerXuSoMuonThu\deploy\Policy\assets\socket-policy-silverlight.xml"
7916: 22:15:09.595 - TCP inactivity timeout: 1000ms
7916: 22:15:09.626 - Service is running...
7916: 22:49:22.021 - Service is stopped...
7916: 22:49:22.021 - Server shutting down...
7916: 22:49:22.021 - Shutdown monitoring enabled, 30000ms before process abort
7916: 22:49:22.022 - Notifying CLR applications of shutdown...
7916: 22:49:22.022 - RequestApplicationStop: 2
7916: 22:49:22.028 - RequestStop: defalt app domain
7916: 22:49:22.029 - Shutting down WebSocket Outbound Connection Manager...
7916: 22:49:22.030 - Shutting down TCP Outbound Connection Manager...
7916: 22:49:22.030 - Shutting down ENet Outbound Connection Manager...
7916: 22:49:22.030 - Disconnecting all outbound peers...
7916: 22:49:22.031 - Shutting down ENet host...
7916: 22:49:22.031 - Disconnecting all peers...
7916: 22:49:22.031 - Shutting down socket servers...
7916: 22:49:22.031 - Shutting down ENet thread pool...
7916: 22:49:22.031 - Shutting down TCP inactivity timers...
7916: 22:49:22.031 - WaitingForShutdownToComplete: NativePolicy:0.0.0.0:843
7916: 22:49:22.031 - OnShutdownCompleted: NativePolicy:0.0.0.0:843
7916: 22:49:22.031 - WaitingForShutdownToComplete: NativePolicy:0.0.0.0:943
7916: 22:49:22.031 - OnShutdownCompleted: NativePolicy:0.0.0.0:943
7916: 22:49:22.031 - WaitingForShutdownToComplete: TCP:0.0.0.0:4520
7916: 22:49:22.031 - OnShutdownCompleted: TCP:0.0.0.0:4520
7916: 22:49:22.031 - WaitingForShutdownToComplete: TCP:0.0.0.0:4530
7916: 22:49:22.031 - OnShutdownCompleted: TCP:0.0.0.0:4530
7916: 22:49:22.031 - WaitingForShutdownToComplete: UDP:127.0.0.1:5055
7916: 22:49:22.031 - OnShutdownCompleted: UDP:127.0.0.1:5055
7916: 22:49:22.031 - WaitingForShutdownToComplete: UDP:192.168.40.128:5055
7916: 22:49:22.031 - OnShutdownCompleted: UDP:192.168.40.128:5055
7916: 22:49:22.031 - WaitingForShutdownToComplete: WebSocket:0.0.0.0:9090
7916: 22:49:22.031 - OnShutdownCompleted: WebSocket:0.0.0.0:9090
7916: 22:49:22.031 - Shutting down CLR applications...
7916: 22:49:22.034 - Shutting down business logic thread pool...
26476: 22:49:22.034 - CManagedHost::OnDefaultAction() - OPR_AppDomainUnload - eUnloadAppDomain
7916: 22:49:22.034 - Shutting down I/O thread pool...
7916: 22:49:22.034 - Destroying servers
7916: 22:49:22.035 - Destroying WebSocket Outbound Connection Manager
7916: 22:49:22.035 - Destroying TCP Outbound Connection Manager
7916: 22:49:22.035 - Destroying TCP inactivity timer
7916: 22:49:22.035 - Destroying ENet timer wheel
7916: 22:49:22.035 - Destroying ENet host
7916: 22:49:22.035 - Destroying ENet outbound host
7916: 22:49:22.035 - Destroying HTTP inactivity timer
7916: 22:49:22.035 - Destroying HTTP host
7916: 22:49:22.035 - Destroying HTTP Chunk host
7916: 22:49:22.035 - Flushing ENET buffer allocator...
7916: 22:49:22.036 - Flushing TCP buffer handle allocator...
7916: 22:49:22.036 - Flushing stream socket allocator...
7916: 22:49:22.036 - Flushing inbound datagram socket allocator...
7916: 22:49:22.038 - Flushing outbound datagram socket allocator...
7916: 22:49:22.038 - Destroying CLR dispatcher
7916: 22:49:22.038 - Destroying CLR applications
7916: 22:49:22.038 - ~CCLRApplicationCollection() - Waiting up to 10 seconds for the CLR to release all of our objects
19624: 22:49:22.044 - Unloading Domain: ApplicationName = 'myConfig', DomainId='2'
26476: 22:49:22.049 - CManagedHost::OnDomainUnload() - 2
7916: 22:49:22.052 - ~CCLRApplicationCollection() - Done. All objects released
7916: 22:49:22.052 - ~CManagedHost() - Release default app domain
7916: 22:49:22.052 - CManagedHost::OnDomainUnload() - 1
7916: 22:49:22.052 - ~CManagedHost() - Waiting up to 10 seconds for CLR shutdown...
7916: 22:49:22.052 - ~CManagedHost
7916: 22:49:22.052 - Destroying ENet thread pool
7916: 22:49:22.052 - Destroying Business logic thread pool
7916: 22:49:22.052 - Destroying I/O thread pool
7916: 22:49:22.052 - Destroying ENet buffer allocator
7916: 22:49:22.052 - Destroying TCP buffer allocator
7916: 22:49:22.052 - Destroying TCP socket allocator
7916: 22:49:22.052 - Destroying ENet inbound socket allocator
7916: 22:49:22.052 - Destroying ENet outbound socket allocator
7916: 22:49:22.052 - Destroying shared datagram flow control data
7916: 22:49:22.053 - Shutdown complete...
7916: 22:49:22.054 - Service shutting down
7916: 22:49:22.055 - Service shut down complete
