3684: 17:22:25.972 - ---
3684: 17:22:25.972 - Service: "Photon Socket Server" starting
3684: 17:22:25.972 - Config File: C:\Users\duong\Desktop\XuSoMuonThu\ServerXuSoMuonThu\deploy\bin_Win64\PhotonServer.config
3684: 17:22:25.974 - Will produce at most: 10 crash dumps
3684: 17:22:25.974 - Service shutting down
3684: 17:22:25.975 - Service shut down complete
15676: 17:23:38.849 - ---
15676: 17:23:38.849 - Service: "Photon Socket Server" starting
15676: 17:23:38.849 - Config File: C:\Users\duong\Desktop\XuSoMuonThu\ServerXuSoMuonThu\deploy\bin_Win64\PhotonServer.config
15676: 17:23:38.851 - Will produce at most: 10 crash dumps
15676: 17:23:38.851 - Service shutting down
15676: 17:23:38.852 - Service shut down complete
8228: 17:26:46.236 - ---
8228: 17:26:46.236 - Service: "Photon Socket Server" starting
8228: 17:26:46.237 - Config File: C:\Users\duong\Desktop\XuSoMuonThu\ServerXuSoMuonThu\deploy\bin_Win64\PhotonServer.config
8228: 17:26:46.239 - Will produce at most: 10 crash dumps
8228: 17:26:46.239 - Service shutting down
8228: 17:26:46.240 - Service shut down complete
836: 17:28:00.409 - ---
836: 17:28:00.409 - Service: "Photon Socket Server" starting
836: 17:28:00.409 - Config File: C:\Users\duong\Desktop\XuSoMuonThu\ServerXuSoMuonThu\deploy\bin_Win64\PhotonServer.config
836: 17:28:00.411 - Will produce at most: 10 crash dumps
836: 17:28:00.411 - Service shutting down
836: 17:28:00.412 - Service shut down complete
17592: 17:29:33.104 - ---
17592: 17:29:33.104 - Service: "Photon Socket Server" starting
17592: 17:29:33.104 - Config File: C:\Users\duong\Desktop\XuSoMuonThu\ServerXuSoMuonThu\deploy\bin_Win64\PhotonServer.config
17592: 17:29:33.107 - Will produce at most: 10 crash dumps
17592: 17:29:33.107 - Service shutting down
17592: 17:29:33.108 - Service shut down complete
19608: 17:37:00.794 - ---
19608: 17:37:00.794 - Service: "Photon Socket Server" starting
19608: 17:37:00.794 - Config File: C:\Users\duong\Desktop\XuSoMuonThu\ServerXuSoMuonThu\deploy\bin_Win64\PhotonServer.config
19608: 17:37:00.796 - Will produce at most: 10 crash dumps
19608: 17:37:00.796 - Service shutting down
19608: 17:37:00.798 - Service shut down complete
