12080: 17:18:05.295 - ---
12080: 17:18:05.295 - Service: "Photon Socket Server" starting
12080: 17:18:05.295 - Config File: C:\Users\duong\Desktop\XuSoMuonThu\ServerXuSoMuonThu\deploy\bin_Win64\PhotonServer.config
12080: 17:18:05.297 - Will produce at most: 10 crash dumps
12080: 17:18:05.297 - Action: run as exe
12080: 17:18:05.298 - Server Starting...
12080: 17:18:05.298 -    Tick count: 30639984 (wraps in: 49.3556 days)
12080: 17:18:05.298 - Tick count 64: 30639984
12080: 17:18:05.298 - Photon Version: 4.0.28.2962
12080: 17:18:05.298 - PID: 2732
12080: 17:18:05.298 - Config File: C:\Users\duong\Desktop\XuSoMuonThu\ServerXuSoMuonThu\deploy\bin_Win64\PhotonServer.config
12080: 17:18:05.298 - Will NOT log unimportant exceptions
12080: 17:18:05.302 - Not using performance counters as they are not currently installed. Run the service with /InstallCounters to install them.
12080: 17:18:05.302 - Shutdown timeout enabled: 30000ms
12080: 17:18:05.303 - Starting I/O thread pool with 2 threads
12080: 17:18:05.304 - Using Standard allocator
12080: 17:18:05.304 - Max message size: 512000
12080: 17:18:05.304 - Starting business logic thread pool with the following settings
12080: 17:18:05.304 - InitialThreads: 4 threads
12080: 17:18:05.304 - MinThreads: 4 threads
12080: 17:18:05.304 - Thread pool is fixed size
12080: 17:18:05.304 - Starting ENet thread pool with the following settings
12080: 17:18:05.304 - InitialThreads: 2 threads
12080: 17:18:05.304 - MinThreads: 2 threads
12080: 17:18:05.304 - Thread pool is fixed size
12080: 17:18:05.304 - OnlyDispatchTimers: False
12080: 17:18:05.305 - S2S: flow control: Max pending writes: 50
12080: 17:18:05.305 - S2S: flow control: Max queued buffers: 200
12080: 17:18:05.305 - S2S: flow control: Max pending writes MUX: 500
12080: 17:18:05.305 - S2S: flow control: Max queued buffers MUX: 2000
12080: 17:18:05.305 - S2S: MaxInboundMessageSize: 512000
12080: 17:18:05.305 - S2S: MaxOutboundMessageSize: 512000
12080: 17:18:05.305 - S2S: No inactivity timeout
12080: 17:18:05.309 - WebSocket S2S: MaxInboundMessageSize: 512000
12080: 17:18:05.309 - WebSocket S2S: MaxOutboundMessageSize: 512000
12080: 17:18:05.309 - WebSocket S2S: No inactivity timeout
12080: 17:18:05.309 - Max Reliable Data In Transit (awaiting ACKs) per peer : 51200 bytes
12080: 17:18:05.309 - Per peer bandwidth limit
12080: 17:18:05.309 - Transmit Rate Limit: 256 KB/Sec
12080: 17:18:05.309 - Limit period: 200ms
12080: 17:18:05.309 - Limit per period: 52428 bytes
12080: 17:18:05.309 - Max queued data for transmission per peer: 512000 bytes
12080: 17:18:05.309 - Minimum retransmit timeout: 200
12080: 17:18:05.309 - No Maximum retransmit timeout
12080: 17:18:05.309 - Minimum ENet timeout: 40000ms
12080: 17:18:05.309 - Maximum ENet timeout: 50000ms
12080: 17:18:05.309 - Max Inbound Reliable Data Queued (awaiting resends of earlier sequence numbers) per peer : 163840 bytes
12080: 17:18:05.309 - No RTT ACK adjustment timeout
12080: 17:18:05.309 - Outbound ENet: MaxInboundMessageSize: 512000
12080: 17:18:05.309 - Outbound ENet: MaxOutboundMessageSize: 512000
12080: 17:18:05.316 - GetRuntime - About to load CLR - versions available:
12080: 17:18:05.316 - v2.0.50727
12080: 17:18:05.316 - v4.0.30319
12080: 17:18:05.316 - Configuration requests: "v2.0.50727"
12080: 17:18:05.316 - About to load version: "v2.0.50727"
12080: 17:18:05.390 - About to load runtime: PhotonHostRuntime.PhotonDomainManager from PhotonHostRuntime, Culture=neutral, PublicKeyToken=02C301B61B060C4D
12080: 17:18:05.390 - CLRBaseDirectory set to "C:\Users\duong\Desktop\XuSoMuonThu\ServerXuSoMuonThu\deploy"
12080: 17:18:05.390 - Optimising event broadcast for 20 or more peers
12080: 17:18:05.393 - Start: About to load CLR - versions available:
12080: 17:18:05.393 - v2.0.50727
12080: 17:18:05.393 - v4.0.30319
12080: 17:18:05.393 - No preference in configuration file, will load latest.
12080: 17:18:05.393 - About to load version: "v4.0.30319"
12080: 17:18:05.394 - Loaded version: "v4.0.30319"
12080: 17:18:05.516 - Photon host runtime loaded
12080: 17:18:07.024 - License is valid.
12080: 17:18:07.024 - Licensed for 100 concurrent connections.
12080: 17:18:07.024 - ENet: Max Reliable Data In Transit (awaiting ACKs) per peer : 51200 bytes
12080: 17:18:07.024 - ENet: Per peer bandwidth limit
12080: 17:18:07.024 - ENet: Transmit Rate Limit: 256 KB/Sec
12080: 17:18:07.024 - ENet: Limit period: 200ms
12080: 17:18:07.024 - ENet: Limit per period: 52428 bytes
12080: 17:18:07.024 - ENet: Max queued data for transmission per peer: 512000 bytes
12080: 17:18:07.024 - ENet: Minimum retransmit timeout: 200
12080: 17:18:07.024 - No Maximum retransmit timeout
12080: 17:18:07.024 - ENet: Minimum timeout: 40000ms
12080: 17:18:07.024 - ENet: Maximum timeout: 50000ms
12080: 17:18:07.024 - ENet: Max Inbound Reliable Data Queued (awaiting resends of earlier sequence numbers) per peer : 163840 bytes
12080: 17:18:07.024 - No RTT ACK adjustment timeout
12080: 17:18:07.025 - About to load application: myConfig from srcServerXuSoMuonThu
12080: 17:18:07.152 - Taking reference on default app domain
12080: 17:18:07.346 - Application: "myConfig" started in app domain: 2
12080: 17:18:07.347 - Adding TCP listener on: 0.0.0.0: 4530 with a listen backlog of: 150
12080: 17:18:07.347 - TCP inactivity timeout: 10000ms
12080: 17:18:07.347 - TCP disconnect timeout: 120000ms
12080: 17:18:07.347 - MaxInboundMessageSize: 512000
12080: 17:18:07.347 - MaxOutboundMessageSize: 512000
12080: 17:18:07.347 - Forcing all applications ids to: "myConfig"
12080: 17:18:07.353 - Serving policy file requests from: "C:\Users\duong\Desktop\XuSoMuonThu\ServerXuSoMuonThu\deploy\Policy\assets\socket-policy.xml"
12080: 17:18:07.353 - Adding TCP listener on: 0.0.0.0: 4520 with a listen backlog of: 150
12080: 17:18:07.353 - TCP inactivity timeout: 5000ms
12080: 17:18:07.353 - TCP disconnect timeout: 120000ms
12080: 17:18:07.353 - MaxInboundMessageSize: 512000
12080: 17:18:07.353 - MaxOutboundMessageSize: 512000
12080: 17:18:07.353 - Forcing all applications ids to: "myConfig"
12080: 17:18:07.353 - MaxInboundMessageSize: 512000
12080: 17:18:07.353 - MaxOutboundMessageSize: 512000
12080: 17:18:07.353 - UDP address specified as: "0.0.0.0" adding listener to each available IPv4 address
12080: 17:18:07.354 - Adding UDP listener on: 192.168.241.128: 5055 with a listen backlog of: 500
12080: 17:18:07.354 - Adding UDP listener on: 127.0.0.1: 5055 with a listen backlog of: 500
12080: 17:18:07.354 - Adding WebSocket TCP listener on: 0.0.0.0: 9090 with a listen backlog of: 150
12080: 17:18:07.354 - Nagle disabled
12080: 17:18:07.354 - TCP inactivity timeout: 10000ms
12080: 17:18:07.354 - MaxInboundMessageSize: 512000
12080: 17:18:07.354 - MaxOutboundMessageSize: 512000
12080: 17:18:07.354 - Forcing all applications ids to: "myConfig"
12080: 17:18:07.354 - Will accept ANY sub-protocols from the client
12080: 17:18:07.354 - No automatic WebSocket ping
12080: 17:18:07.355 - Adding Policy File listener on: 0.0.0.0: 843 with a listen backlog of: 150 and serving Policy File: "C:\Users\duong\Desktop\XuSoMuonThu\ServerXuSoMuonThu\deploy\Policy\assets\socket-policy.xml"
12080: 17:18:07.355 - TCP inactivity timeout: 1000ms
12080: 17:18:07.363 - Adding Policy File listener on: 0.0.0.0: 943 with a listen backlog of: 150 and serving Policy File: "C:\Users\duong\Desktop\XuSoMuonThu\ServerXuSoMuonThu\deploy\Policy\assets\socket-policy-silverlight.xml"
12080: 17:18:07.363 - TCP inactivity timeout: 1000ms
12080: 17:18:07.383 - Service is running...
12080: 17:22:25.970 - Service is stopped...
12080: 17:22:25.970 - Server shutting down...
12080: 17:22:25.970 - Shutdown monitoring enabled, 30000ms before process abort
12080: 17:22:25.970 - Notifying CLR applications of shutdown...
12080: 17:22:25.970 - RequestApplicationStop: 2
12080: 17:22:25.973 - RequestStop: defalt app domain
12080: 17:22:25.974 - Shutting down WebSocket Outbound Connection Manager...
12080: 17:22:25.976 - Shutting down TCP Outbound Connection Manager...
12080: 17:22:25.977 - Shutting down ENet Outbound Connection Manager...
12080: 17:22:25.977 - Disconnecting all outbound peers...
12080: 17:22:25.977 - Shutting down ENet host...
12080: 17:22:25.977 - Disconnecting all peers...
12080: 17:22:25.977 - Shutting down socket servers...
12080: 17:22:25.977 - Shutting down ENet thread pool...
12080: 17:22:25.977 - Shutting down TCP inactivity timers...
12080: 17:22:25.977 - WaitingForShutdownToComplete: NativePolicy:0.0.0.0:843
12080: 17:22:25.977 - OnShutdownCompleted: NativePolicy:0.0.0.0:843
12080: 17:22:25.977 - WaitingForShutdownToComplete: NativePolicy:0.0.0.0:943
12080: 17:22:25.977 - OnShutdownCompleted: NativePolicy:0.0.0.0:943
12080: 17:22:25.977 - WaitingForShutdownToComplete: TCP:0.0.0.0:4520
12080: 17:22:25.977 - OnShutdownCompleted: TCP:0.0.0.0:4520
12080: 17:22:25.977 - WaitingForShutdownToComplete: TCP:0.0.0.0:4530
12080: 17:22:25.977 - OnShutdownCompleted: TCP:0.0.0.0:4530
12080: 17:22:25.977 - WaitingForShutdownToComplete: UDP:127.0.0.1:5055
12080: 17:22:25.977 - OnShutdownCompleted: UDP:127.0.0.1:5055
12080: 17:22:25.977 - WaitingForShutdownToComplete: UDP:192.168.241.128:5055
12080: 17:22:25.977 - OnShutdownCompleted: UDP:192.168.241.128:5055
12080: 17:22:25.977 - WaitingForShutdownToComplete: WebSocket:0.0.0.0:9090
12080: 17:22:25.977 - OnShutdownCompleted: WebSocket:0.0.0.0:9090
12080: 17:22:25.977 - Shutting down CLR applications...
12080: 17:22:25.980 - Shutting down business logic thread pool...
16332: 17:22:25.980 - CManagedHost::OnDefaultAction() - OPR_AppDomainUnload - eUnloadAppDomain
12080: 17:22:25.980 - Shutting down I/O thread pool...
12080: 17:22:25.981 - Destroying servers
12080: 17:22:25.981 - Destroying WebSocket Outbound Connection Manager
12080: 17:22:25.981 - Destroying TCP Outbound Connection Manager
12080: 17:22:25.981 - Destroying TCP inactivity timer
12080: 17:22:25.981 - Destroying ENet timer wheel
12080: 17:22:25.981 - Destroying ENet host
12080: 17:22:25.981 - Destroying ENet outbound host
12080: 17:22:25.981 - Destroying HTTP inactivity timer
12080: 17:22:25.981 - Destroying HTTP host
12080: 17:22:25.981 - Destroying HTTP Chunk host
12080: 17:22:25.981 - Flushing ENET buffer allocator...
12080: 17:22:25.981 - Flushing TCP buffer handle allocator...
12080: 17:22:25.981 - Flushing stream socket allocator...
12080: 17:22:25.982 - Flushing inbound datagram socket allocator...
12080: 17:22:25.983 - Flushing outbound datagram socket allocator...
12080: 17:22:25.983 - Destroying CLR dispatcher
12080: 17:22:25.983 - Destroying CLR applications
12080: 17:22:25.983 - ~CCLRApplicationCollection() - Waiting up to 10 seconds for the CLR to release all of our objects
5520: 17:22:25.989 - Unloading Domain: ApplicationName = 'myConfig', DomainId='2'
16332: 17:22:26.005 - CManagedHost::OnDomainUnload() - 2
12080: 17:22:26.006 - ~CCLRApplicationCollection() - Done. All objects released
12080: 17:22:26.006 - ~CManagedHost() - Release default app domain
12080: 17:22:26.006 - CManagedHost::OnDomainUnload() - 1
12080: 17:22:26.006 - ~CManagedHost() - Waiting up to 10 seconds for CLR shutdown...
12080: 17:22:26.006 - ~CManagedHost
12080: 17:22:26.006 - Destroying ENet thread pool
12080: 17:22:26.006 - Destroying Business logic thread pool
12080: 17:22:26.006 - Destroying I/O thread pool
12080: 17:22:26.006 - Destroying ENet buffer allocator
12080: 17:22:26.006 - Destroying TCP buffer allocator
12080: 17:22:26.006 - Destroying TCP socket allocator
12080: 17:22:26.006 - Destroying ENet inbound socket allocator
12080: 17:22:26.006 - Destroying ENet outbound socket allocator
12080: 17:22:26.006 - Destroying shared datagram flow control data
12080: 17:22:26.007 - Shutdown complete...
12080: 17:22:26.007 - Service shutting down
12080: 17:22:26.008 - Service shut down complete
14664: 17:22:47.064 - ---
14664: 17:22:47.064 - Service: "Photon Socket Server" starting
14664: 17:22:47.064 - Config File: C:\Users\duong\Desktop\XuSoMuonThu\ServerXuSoMuonThu\deploy\bin_Win64\PhotonServer.config
14664: 17:22:47.065 - Will produce at most: 10 crash dumps
14664: 17:22:47.065 - Action: run as exe
14664: 17:22:47.066 - Server Starting...
14664: 17:22:47.066 -    Tick count: 30921750 (wraps in: 49.3524 days)
14664: 17:22:47.066 - Tick count 64: 30921750
14664: 17:22:47.066 - Photon Version: 4.0.28.2962
14664: 17:22:47.066 - PID: 16300
14664: 17:22:47.066 - Config File: C:\Users\duong\Desktop\XuSoMuonThu\ServerXuSoMuonThu\deploy\bin_Win64\PhotonServer.config
14664: 17:22:47.066 - Will NOT log unimportant exceptions
14664: 17:22:47.067 - Not using performance counters as they are not currently installed. Run the service with /InstallCounters to install them.
14664: 17:22:47.067 - Shutdown timeout enabled: 30000ms
14664: 17:22:47.067 - Starting I/O thread pool with 2 threads
14664: 17:22:47.067 - Using Standard allocator
14664: 17:22:47.067 - Max message size: 512000
14664: 17:22:47.067 - Starting business logic thread pool with the following settings
14664: 17:22:47.067 - InitialThreads: 4 threads
14664: 17:22:47.067 - MinThreads: 4 threads
14664: 17:22:47.067 - Thread pool is fixed size
14664: 17:22:47.067 - Starting ENet thread pool with the following settings
14664: 17:22:47.068 - InitialThreads: 2 threads
14664: 17:22:47.068 - MinThreads: 2 threads
14664: 17:22:47.068 - Thread pool is fixed size
14664: 17:22:47.068 - OnlyDispatchTimers: False
14664: 17:22:47.068 - S2S: flow control: Max pending writes: 50
14664: 17:22:47.068 - S2S: flow control: Max queued buffers: 200
14664: 17:22:47.068 - S2S: flow control: Max pending writes MUX: 500
14664: 17:22:47.068 - S2S: flow control: Max queued buffers MUX: 2000
14664: 17:22:47.068 - S2S: MaxInboundMessageSize: 512000
14664: 17:22:47.068 - S2S: MaxOutboundMessageSize: 512000
14664: 17:22:47.068 - S2S: No inactivity timeout
14664: 17:22:47.069 - WebSocket S2S: MaxInboundMessageSize: 512000
14664: 17:22:47.069 - WebSocket S2S: MaxOutboundMessageSize: 512000
14664: 17:22:47.069 - WebSocket S2S: No inactivity timeout
14664: 17:22:47.070 - Max Reliable Data In Transit (awaiting ACKs) per peer : 51200 bytes
14664: 17:22:47.070 - Per peer bandwidth limit
14664: 17:22:47.070 - Transmit Rate Limit: 256 KB/Sec
14664: 17:22:47.070 - Limit period: 200ms
14664: 17:22:47.070 - Limit per period: 52428 bytes
14664: 17:22:47.070 - Max queued data for transmission per peer: 512000 bytes
14664: 17:22:47.070 - Minimum retransmit timeout: 200
14664: 17:22:47.070 - No Maximum retransmit timeout
14664: 17:22:47.070 - Minimum ENet timeout: 40000ms
14664: 17:22:47.070 - Maximum ENet timeout: 50000ms
14664: 17:22:47.070 - Max Inbound Reliable Data Queued (awaiting resends of earlier sequence numbers) per peer : 163840 bytes
14664: 17:22:47.070 - No RTT ACK adjustment timeout
14664: 17:22:47.070 - Outbound ENet: MaxInboundMessageSize: 512000
14664: 17:22:47.070 - Outbound ENet: MaxOutboundMessageSize: 512000
14664: 17:22:47.071 - GetRuntime - About to load CLR - versions available:
14664: 17:22:47.071 - v2.0.50727
14664: 17:22:47.071 - v4.0.30319
14664: 17:22:47.071 - Configuration requests: "v2.0.50727"
14664: 17:22:47.071 - About to load version: "v2.0.50727"
14664: 17:22:47.074 - About to load runtime: PhotonHostRuntime.PhotonDomainManager from PhotonHostRuntime, Culture=neutral, PublicKeyToken=02C301B61B060C4D
14664: 17:22:47.074 - CLRBaseDirectory set to "C:\Users\duong\Desktop\XuSoMuonThu\ServerXuSoMuonThu\deploy"
14664: 17:22:47.074 - Optimising event broadcast for 20 or more peers
14664: 17:22:47.074 - Start: About to load CLR - versions available:
14664: 17:22:47.074 - v2.0.50727
14664: 17:22:47.074 - v4.0.30319
14664: 17:22:47.074 - No preference in configuration file, will load latest.
14664: 17:22:47.074 - About to load version: "v4.0.30319"
14664: 17:22:47.075 - Loaded version: "v4.0.30319"
14664: 17:22:47.183 - Photon host runtime loaded
14664: 17:22:48.804 - License is valid.
14664: 17:22:48.804 - Licensed for 100 concurrent connections.
14664: 17:22:48.804 - ENet: Max Reliable Data In Transit (awaiting ACKs) per peer : 51200 bytes
14664: 17:22:48.804 - ENet: Per peer bandwidth limit
14664: 17:22:48.804 - ENet: Transmit Rate Limit: 256 KB/Sec
14664: 17:22:48.804 - ENet: Limit period: 200ms
14664: 17:22:48.804 - ENet: Limit per period: 52428 bytes
14664: 17:22:48.804 - ENet: Max queued data for transmission per peer: 512000 bytes
14664: 17:22:48.804 - ENet: Minimum retransmit timeout: 200
14664: 17:22:48.804 - No Maximum retransmit timeout
14664: 17:22:48.804 - ENet: Minimum timeout: 40000ms
14664: 17:22:48.804 - ENet: Maximum timeout: 50000ms
14664: 17:22:48.804 - ENet: Max Inbound Reliable Data Queued (awaiting resends of earlier sequence numbers) per peer : 163840 bytes
14664: 17:22:48.804 - No RTT ACK adjustment timeout
14664: 17:22:48.804 - About to load application: myConfig from srcServerXuSoMuonThu
14664: 17:22:48.855 - Taking reference on default app domain
14664: 17:22:48.902 - Application: "myConfig" started in app domain: 2
14664: 17:22:48.903 - Adding TCP listener on: 0.0.0.0: 4530 with a listen backlog of: 150
14664: 17:22:48.903 - TCP inactivity timeout: 10000ms
14664: 17:22:48.903 - TCP disconnect timeout: 120000ms
14664: 17:22:48.903 - MaxInboundMessageSize: 512000
14664: 17:22:48.903 - MaxOutboundMessageSize: 512000
14664: 17:22:48.903 - Forcing all applications ids to: "myConfig"
14664: 17:22:48.903 - Serving policy file requests from: "C:\Users\duong\Desktop\XuSoMuonThu\ServerXuSoMuonThu\deploy\Policy\assets\socket-policy.xml"
14664: 17:22:48.903 - Adding TCP listener on: 0.0.0.0: 4520 with a listen backlog of: 150
14664: 17:22:48.903 - TCP inactivity timeout: 5000ms
14664: 17:22:48.903 - TCP disconnect timeout: 120000ms
14664: 17:22:48.903 - MaxInboundMessageSize: 512000
14664: 17:22:48.903 - MaxOutboundMessageSize: 512000
14664: 17:22:48.903 - Forcing all applications ids to: "myConfig"
14664: 17:22:48.903 - MaxInboundMessageSize: 512000
14664: 17:22:48.903 - MaxOutboundMessageSize: 512000
14664: 17:22:48.903 - UDP address specified as: "0.0.0.0" adding listener to each available IPv4 address
14664: 17:22:48.903 - Adding UDP listener on: 192.168.241.128: 5055 with a listen backlog of: 500
14664: 17:22:48.903 - Adding UDP listener on: 127.0.0.1: 5055 with a listen backlog of: 500
14664: 17:22:48.903 - Adding WebSocket TCP listener on: 0.0.0.0: 9090 with a listen backlog of: 150
14664: 17:22:48.903 - Nagle disabled
14664: 17:22:48.903 - TCP inactivity timeout: 10000ms
14664: 17:22:48.903 - MaxInboundMessageSize: 512000
14664: 17:22:48.903 - MaxOutboundMessageSize: 512000
14664: 17:22:48.903 - Forcing all applications ids to: "myConfig"
14664: 17:22:48.903 - Will accept ANY sub-protocols from the client
14664: 17:22:48.903 - No automatic WebSocket ping
14664: 17:22:48.903 - Adding Policy File listener on: 0.0.0.0: 843 with a listen backlog of: 150 and serving Policy File: "C:\Users\duong\Desktop\XuSoMuonThu\ServerXuSoMuonThu\deploy\Policy\assets\socket-policy.xml"
14664: 17:22:48.903 - TCP inactivity timeout: 1000ms
14664: 17:22:48.903 - Adding Policy File listener on: 0.0.0.0: 943 with a listen backlog of: 150 and serving Policy File: "C:\Users\duong\Desktop\XuSoMuonThu\ServerXuSoMuonThu\deploy\Policy\assets\socket-policy-silverlight.xml"
14664: 17:22:48.903 - TCP inactivity timeout: 1000ms
14664: 17:22:48.921 - Service is running...
14664: 17:23:38.845 - Service is stopped...
14664: 17:23:38.845 - Server shutting down...
14664: 17:23:38.845 - Shutdown monitoring enabled, 30000ms before process abort
14664: 17:23:38.845 - Notifying CLR applications of shutdown...
14664: 17:23:38.845 - RequestApplicationStop: 2
14664: 17:23:38.849 - RequestStop: defalt app domain
14664: 17:23:38.850 - Shutting down WebSocket Outbound Connection Manager...
14664: 17:23:38.850 - Shutting down TCP Outbound Connection Manager...
14664: 17:23:38.850 - Shutting down ENet Outbound Connection Manager...
14664: 17:23:38.850 - Disconnecting all outbound peers...
14664: 17:23:38.850 - Shutting down ENet host...
14664: 17:23:38.850 - Disconnecting all peers...
14664: 17:23:38.850 - Shutting down socket servers...
14664: 17:23:38.850 - Shutting down ENet thread pool...
14664: 17:23:38.850 - Shutting down TCP inactivity timers...
14664: 17:23:38.851 - WaitingForShutdownToComplete: NativePolicy:0.0.0.0:843
14664: 17:23:38.851 - OnShutdownCompleted: NativePolicy:0.0.0.0:843
14664: 17:23:38.851 - WaitingForShutdownToComplete: NativePolicy:0.0.0.0:943
14664: 17:23:38.851 - OnShutdownCompleted: NativePolicy:0.0.0.0:943
14664: 17:23:38.851 - WaitingForShutdownToComplete: TCP:0.0.0.0:4520
14664: 17:23:38.851 - OnShutdownCompleted: TCP:0.0.0.0:4520
14664: 17:23:38.851 - WaitingForShutdownToComplete: TCP:0.0.0.0:4530
14664: 17:23:38.851 - OnShutdownCompleted: TCP:0.0.0.0:4530
14664: 17:23:38.851 - WaitingForShutdownToComplete: UDP:127.0.0.1:5055
14664: 17:23:38.851 - OnShutdownCompleted: UDP:127.0.0.1:5055
14664: 17:23:38.851 - WaitingForShutdownToComplete: UDP:192.168.241.128:5055
14664: 17:23:38.851 - OnShutdownCompleted: UDP:192.168.241.128:5055
14664: 17:23:38.851 - WaitingForShutdownToComplete: WebSocket:0.0.0.0:9090
14664: 17:23:38.851 - OnShutdownCompleted: WebSocket:0.0.0.0:9090
14664: 17:23:38.851 - Shutting down CLR applications...
14664: 17:23:38.854 - Shutting down business logic thread pool...
15712: 17:23:38.854 - CManagedHost::OnDefaultAction() - OPR_AppDomainUnload - eUnloadAppDomain
14664: 17:23:38.855 - Shutting down I/O thread pool...
14664: 17:23:38.855 - Destroying servers
14664: 17:23:38.855 - Destroying WebSocket Outbound Connection Manager
14664: 17:23:38.855 - Destroying TCP Outbound Connection Manager
14664: 17:23:38.855 - Destroying TCP inactivity timer
14664: 17:23:38.855 - Destroying ENet timer wheel
14664: 17:23:38.855 - Destroying ENet host
14664: 17:23:38.855 - Destroying ENet outbound host
14664: 17:23:38.855 - Destroying HTTP inactivity timer
14664: 17:23:38.855 - Destroying HTTP host
14664: 17:23:38.855 - Destroying HTTP Chunk host
14664: 17:23:38.855 - Flushing ENET buffer allocator...
14664: 17:23:38.856 - Flushing TCP buffer handle allocator...
14664: 17:23:38.856 - Flushing stream socket allocator...
14664: 17:23:38.857 - Flushing inbound datagram socket allocator...
14664: 17:23:38.858 - Flushing outbound datagram socket allocator...
14664: 17:23:38.858 - Destroying CLR dispatcher
14664: 17:23:38.858 - Destroying CLR applications
14664: 17:23:38.858 - ~CCLRApplicationCollection() - Waiting up to 10 seconds for the CLR to release all of our objects
8476: 17:23:38.865 - Unloading Domain: ApplicationName = 'myConfig', DomainId='2'
15712: 17:23:38.885 - CManagedHost::OnDomainUnload() - 2
14664: 17:23:38.886 - ~CCLRApplicationCollection() - Done. All objects released
14664: 17:23:38.886 - ~CManagedHost() - Release default app domain
14664: 17:23:38.886 - CManagedHost::OnDomainUnload() - 1
14664: 17:23:38.886 - ~CManagedHost() - Waiting up to 10 seconds for CLR shutdown...
14664: 17:23:38.886 - ~CManagedHost
14664: 17:23:38.886 - Destroying ENet thread pool
14664: 17:23:38.886 - Destroying Business logic thread pool
14664: 17:23:38.886 - Destroying I/O thread pool
14664: 17:23:38.886 - Destroying ENet buffer allocator
14664: 17:23:38.886 - Destroying TCP buffer allocator
14664: 17:23:38.886 - Destroying TCP socket allocator
14664: 17:23:38.886 - Destroying ENet inbound socket allocator
14664: 17:23:38.886 - Destroying ENet outbound socket allocator
14664: 17:23:38.886 - Destroying shared datagram flow control data
14664: 17:23:38.886 - Shutdown complete...
14664: 17:23:38.886 - Service shutting down
14664: 17:23:38.888 - Service shut down complete
3792: 17:24:08.478 - ---
3792: 17:24:08.478 - Service: "Photon Socket Server" starting
3792: 17:24:08.478 - Config File: C:\Users\duong\Desktop\XuSoMuonThu\ServerXuSoMuonThu\deploy\bin_Win64\PhotonServer.config
3792: 17:24:08.479 - Will produce at most: 10 crash dumps
3792: 17:24:08.479 - Action: run as exe
3792: 17:24:08.479 - Server Starting...
3792: 17:24:08.479 -    Tick count: 31003156 (wraps in: 49.3514 days)
3792: 17:24:08.479 - Tick count 64: 31003156
3792: 17:24:08.479 - Photon Version: 4.0.28.2962
3792: 17:24:08.479 - PID: 15788
3792: 17:24:08.479 - Config File: C:\Users\duong\Desktop\XuSoMuonThu\ServerXuSoMuonThu\deploy\bin_Win64\PhotonServer.config
3792: 17:24:08.480 - Will NOT log unimportant exceptions
3792: 17:24:08.481 - Not using performance counters as they are not currently installed. Run the service with /InstallCounters to install them.
3792: 17:24:08.482 - Shutdown timeout enabled: 30000ms
3792: 17:24:08.482 - Starting I/O thread pool with 2 threads
3792: 17:24:08.482 - Using Standard allocator
3792: 17:24:08.482 - Max message size: 512000
3792: 17:24:08.482 - Starting business logic thread pool with the following settings
3792: 17:24:08.482 - InitialThreads: 4 threads
3792: 17:24:08.482 - MinThreads: 4 threads
3792: 17:24:08.482 - Thread pool is fixed size
3792: 17:24:08.482 - Starting ENet thread pool with the following settings
3792: 17:24:08.482 - InitialThreads: 2 threads
3792: 17:24:08.482 - MinThreads: 2 threads
3792: 17:24:08.482 - Thread pool is fixed size
3792: 17:24:08.482 - OnlyDispatchTimers: False
3792: 17:24:08.482 - S2S: flow control: Max pending writes: 50
3792: 17:24:08.482 - S2S: flow control: Max queued buffers: 200
3792: 17:24:08.482 - S2S: flow control: Max pending writes MUX: 500
3792: 17:24:08.482 - S2S: flow control: Max queued buffers MUX: 2000
3792: 17:24:08.482 - S2S: MaxInboundMessageSize: 512000
3792: 17:24:08.482 - S2S: MaxOutboundMessageSize: 512000
3792: 17:24:08.482 - S2S: No inactivity timeout
3792: 17:24:08.484 - WebSocket S2S: MaxInboundMessageSize: 512000
3792: 17:24:08.484 - WebSocket S2S: MaxOutboundMessageSize: 512000
3792: 17:24:08.484 - WebSocket S2S: No inactivity timeout
3792: 17:24:08.484 - Max Reliable Data In Transit (awaiting ACKs) per peer : 51200 bytes
3792: 17:24:08.484 - Per peer bandwidth limit
3792: 17:24:08.484 - Transmit Rate Limit: 256 KB/Sec
3792: 17:24:08.484 - Limit period: 200ms
3792: 17:24:08.484 - Limit per period: 52428 bytes
3792: 17:24:08.484 - Max queued data for transmission per peer: 512000 bytes
3792: 17:24:08.484 - Minimum retransmit timeout: 200
3792: 17:24:08.484 - No Maximum retransmit timeout
3792: 17:24:08.484 - Minimum ENet timeout: 40000ms
3792: 17:24:08.484 - Maximum ENet timeout: 50000ms
3792: 17:24:08.484 - Max Inbound Reliable Data Queued (awaiting resends of earlier sequence numbers) per peer : 163840 bytes
3792: 17:24:08.484 - No RTT ACK adjustment timeout
3792: 17:24:08.484 - Outbound ENet: MaxInboundMessageSize: 512000
3792: 17:24:08.484 - Outbound ENet: MaxOutboundMessageSize: 512000
3792: 17:24:08.485 - GetRuntime - About to load CLR - versions available:
3792: 17:24:08.485 - v2.0.50727
3792: 17:24:08.485 - v4.0.30319
3792: 17:24:08.485 - Configuration requests: "v2.0.50727"
3792: 17:24:08.485 - About to load version: "v2.0.50727"
3792: 17:24:08.488 - About to load runtime: PhotonHostRuntime.PhotonDomainManager from PhotonHostRuntime, Culture=neutral, PublicKeyToken=02C301B61B060C4D
3792: 17:24:08.488 - CLRBaseDirectory set to "C:\Users\duong\Desktop\XuSoMuonThu\ServerXuSoMuonThu\deploy"
3792: 17:24:08.488 - Optimising event broadcast for 20 or more peers
3792: 17:24:08.489 - Start: About to load CLR - versions available:
3792: 17:24:08.489 - v2.0.50727
3792: 17:24:08.489 - v4.0.30319
3792: 17:24:08.489 - No preference in configuration file, will load latest.
3792: 17:24:08.489 - About to load version: "v4.0.30319"
3792: 17:24:08.490 - Loaded version: "v4.0.30319"
3792: 17:24:08.601 - Photon host runtime loaded
3792: 17:24:10.138 - License is valid.
3792: 17:24:10.138 - Licensed for 100 concurrent connections.
3792: 17:24:10.138 - ENet: Max Reliable Data In Transit (awaiting ACKs) per peer : 51200 bytes
3792: 17:24:10.138 - ENet: Per peer bandwidth limit
3792: 17:24:10.139 - ENet: Transmit Rate Limit: 256 KB/Sec
3792: 17:24:10.139 - ENet: Limit period: 200ms
3792: 17:24:10.139 - ENet: Limit per period: 52428 bytes
3792: 17:24:10.139 - ENet: Max queued data for transmission per peer: 512000 bytes
3792: 17:24:10.139 - ENet: Minimum retransmit timeout: 200
3792: 17:24:10.139 - No Maximum retransmit timeout
3792: 17:24:10.139 - ENet: Minimum timeout: 40000ms
3792: 17:24:10.139 - ENet: Maximum timeout: 50000ms
3792: 17:24:10.139 - ENet: Max Inbound Reliable Data Queued (awaiting resends of earlier sequence numbers) per peer : 163840 bytes
3792: 17:24:10.139 - No RTT ACK adjustment timeout
3792: 17:24:10.139 - About to load application: myConfig from srcServerXuSoMuonThu
3792: 17:24:10.183 - Taking reference on default app domain
3792: 17:24:10.261 - Application: "myConfig" started in app domain: 2
3792: 17:24:10.261 - Adding TCP listener on: 0.0.0.0: 4530 with a listen backlog of: 150
3792: 17:24:10.261 - TCP inactivity timeout: 10000ms
3792: 17:24:10.261 - TCP disconnect timeout: 120000ms
3792: 17:24:10.261 - MaxInboundMessageSize: 512000
3792: 17:24:10.261 - MaxOutboundMessageSize: 512000
3792: 17:24:10.261 - Forcing all applications ids to: "myConfig"
3792: 17:24:10.261 - Serving policy file requests from: "C:\Users\duong\Desktop\XuSoMuonThu\ServerXuSoMuonThu\deploy\Policy\assets\socket-policy.xml"
3792: 17:24:10.261 - Adding TCP listener on: 0.0.0.0: 4520 with a listen backlog of: 150
3792: 17:24:10.261 - TCP inactivity timeout: 5000ms
3792: 17:24:10.261 - TCP disconnect timeout: 120000ms
3792: 17:24:10.261 - MaxInboundMessageSize: 512000
3792: 17:24:10.261 - MaxOutboundMessageSize: 512000
3792: 17:24:10.261 - Forcing all applications ids to: "myConfig"
3792: 17:24:10.261 - MaxInboundMessageSize: 512000
3792: 17:24:10.261 - MaxOutboundMessageSize: 512000
3792: 17:24:10.261 - UDP address specified as: "0.0.0.0" adding listener to each available IPv4 address
3792: 17:24:10.261 - Adding UDP listener on: 192.168.241.128: 5055 with a listen backlog of: 500
3792: 17:24:10.262 - Adding UDP listener on: 127.0.0.1: 5055 with a listen backlog of: 500
3792: 17:24:10.262 - Adding WebSocket TCP listener on: 0.0.0.0: 9090 with a listen backlog of: 150
3792: 17:24:10.262 - Nagle disabled
3792: 17:24:10.262 - TCP inactivity timeout: 10000ms
3792: 17:24:10.262 - MaxInboundMessageSize: 512000
3792: 17:24:10.262 - MaxOutboundMessageSize: 512000
3792: 17:24:10.262 - Forcing all applications ids to: "myConfig"
3792: 17:24:10.262 - Will accept ANY sub-protocols from the client
3792: 17:24:10.262 - No automatic WebSocket ping
3792: 17:24:10.262 - Adding Policy File listener on: 0.0.0.0: 843 with a listen backlog of: 150 and serving Policy File: "C:\Users\duong\Desktop\XuSoMuonThu\ServerXuSoMuonThu\deploy\Policy\assets\socket-policy.xml"
3792: 17:24:10.262 - TCP inactivity timeout: 1000ms
3792: 17:24:10.262 - Adding Policy File listener on: 0.0.0.0: 943 with a listen backlog of: 150 and serving Policy File: "C:\Users\duong\Desktop\XuSoMuonThu\ServerXuSoMuonThu\deploy\Policy\assets\socket-policy-silverlight.xml"
3792: 17:24:10.262 - TCP inactivity timeout: 1000ms
3792: 17:24:10.284 - Service is running...
3792: 17:26:46.234 - Service is stopped...
3792: 17:26:46.234 - Server shutting down...
3792: 17:26:46.234 - Shutdown monitoring enabled, 30000ms before process abort
3792: 17:26:46.234 - Notifying CLR applications of shutdown...
3792: 17:26:46.234 - RequestApplicationStop: 2
3792: 17:26:46.237 - RequestStop: defalt app domain
3792: 17:26:46.238 - Shutting down WebSocket Outbound Connection Manager...
3792: 17:26:46.238 - Shutting down TCP Outbound Connection Manager...
3792: 17:26:46.238 - Shutting down ENet Outbound Connection Manager...
3792: 17:26:46.238 - Disconnecting all outbound peers...
3792: 17:26:46.238 - Shutting down ENet host...
3792: 17:26:46.238 - Disconnecting all peers...
3792: 17:26:46.238 - Shutting down socket servers...
3792: 17:26:46.238 - Shutting down ENet thread pool...
3792: 17:26:46.238 - Shutting down TCP inactivity timers...
3792: 17:26:46.238 - WaitingForShutdownToComplete: NativePolicy:0.0.0.0:843
3792: 17:26:46.238 - OnShutdownCompleted: NativePolicy:0.0.0.0:843
3792: 17:26:46.238 - WaitingForShutdownToComplete: NativePolicy:0.0.0.0:943
3792: 17:26:46.238 - OnShutdownCompleted: NativePolicy:0.0.0.0:943
3792: 17:26:46.238 - WaitingForShutdownToComplete: TCP:0.0.0.0:4520
3792: 17:26:46.238 - OnShutdownCompleted: TCP:0.0.0.0:4520
3792: 17:26:46.238 - WaitingForShutdownToComplete: TCP:0.0.0.0:4530
3792: 17:26:46.238 - OnShutdownCompleted: TCP:0.0.0.0:4530
3792: 17:26:46.238 - WaitingForShutdownToComplete: UDP:127.0.0.1:5055
3792: 17:26:46.238 - OnShutdownCompleted: UDP:127.0.0.1:5055
3792: 17:26:46.238 - WaitingForShutdownToComplete: UDP:192.168.241.128:5055
3792: 17:26:46.238 - OnShutdownCompleted: UDP:192.168.241.128:5055
3792: 17:26:46.238 - WaitingForShutdownToComplete: WebSocket:0.0.0.0:9090
3792: 17:26:46.238 - OnShutdownCompleted: WebSocket:0.0.0.0:9090
3792: 17:26:46.238 - Shutting down CLR applications...
3792: 17:26:46.242 - Shutting down business logic thread pool...
13100: 17:26:46.242 - CManagedHost::OnDefaultAction() - OPR_AppDomainUnload - eUnloadAppDomain
3792: 17:26:46.242 - Shutting down I/O thread pool...
3792: 17:26:46.242 - Destroying servers
3792: 17:26:46.242 - Destroying WebSocket Outbound Connection Manager
3792: 17:26:46.242 - Destroying TCP Outbound Connection Manager
3792: 17:26:46.242 - Destroying TCP inactivity timer
3792: 17:26:46.242 - Destroying ENet timer wheel
3792: 17:26:46.242 - Destroying ENet host
3792: 17:26:46.242 - Destroying ENet outbound host
3792: 17:26:46.242 - Destroying HTTP inactivity timer
3792: 17:26:46.242 - Destroying HTTP host
3792: 17:26:46.242 - Destroying HTTP Chunk host
3792: 17:26:46.242 - Flushing ENET buffer allocator...
3792: 17:26:46.243 - Flushing TCP buffer handle allocator...
3792: 17:26:46.243 - Flushing stream socket allocator...
3792: 17:26:46.243 - Flushing inbound datagram socket allocator...
3792: 17:26:46.245 - Flushing outbound datagram socket allocator...
3792: 17:26:46.245 - Destroying CLR dispatcher
3792: 17:26:46.245 - Destroying CLR applications
3792: 17:26:46.245 - ~CCLRApplicationCollection() - Waiting up to 10 seconds for the CLR to release all of our objects
15180: 17:26:46.251 - Unloading Domain: ApplicationName = 'myConfig', DomainId='2'
13100: 17:26:46.269 - CManagedHost::OnDomainUnload() - 2
3792: 17:26:46.269 - ~CCLRApplicationCollection() - Done. All objects released
3792: 17:26:46.270 - ~CManagedHost() - Release default app domain
3792: 17:26:46.270 - CManagedHost::OnDomainUnload() - 1
3792: 17:26:46.270 - ~CManagedHost() - Waiting up to 10 seconds for CLR shutdown...
3792: 17:26:46.270 - ~CManagedHost
3792: 17:26:46.270 - Destroying ENet thread pool
3792: 17:26:46.270 - Destroying Business logic thread pool
3792: 17:26:46.270 - Destroying I/O thread pool
3792: 17:26:46.270 - Destroying ENet buffer allocator
3792: 17:26:46.270 - Destroying TCP buffer allocator
3792: 17:26:46.270 - Destroying TCP socket allocator
3792: 17:26:46.270 - Destroying ENet inbound socket allocator
3792: 17:26:46.270 - Destroying ENet outbound socket allocator
3792: 17:26:46.270 - Destroying shared datagram flow control data
3792: 17:26:46.270 - Shutdown complete...
3792: 17:26:46.270 - Service shutting down
3792: 17:26:46.271 - Service shut down complete
16340: 17:26:52.911 - ---
16340: 17:26:52.911 - Service: "Photon Socket Server" starting
16340: 17:26:52.911 - Config File: C:\Users\duong\Desktop\XuSoMuonThu\ServerXuSoMuonThu\deploy\bin_Win64\PhotonServer.config
16340: 17:26:52.912 - Will produce at most: 10 crash dumps
16340: 17:26:52.912 - Action: run as exe
16340: 17:26:52.912 - Server Starting...
16340: 17:26:52.912 -    Tick count: 31167593 (wraps in: 49.3495 days)
16340: 17:26:52.912 - Tick count 64: 31167593
16340: 17:26:52.913 - Photon Version: 4.0.28.2962
16340: 17:26:52.913 - PID: 12080
16340: 17:26:52.913 - Config File: C:\Users\duong\Desktop\XuSoMuonThu\ServerXuSoMuonThu\deploy\bin_Win64\PhotonServer.config
16340: 17:26:52.913 - Will NOT log unimportant exceptions
16340: 17:26:52.914 - Not using performance counters as they are not currently installed. Run the service with /InstallCounters to install them.
16340: 17:26:52.915 - Shutdown timeout enabled: 30000ms
16340: 17:26:52.915 - Starting I/O thread pool with 2 threads
16340: 17:26:52.915 - Using Standard allocator
16340: 17:26:52.915 - Max message size: 512000
16340: 17:26:52.915 - Starting business logic thread pool with the following settings
16340: 17:26:52.915 - InitialThreads: 4 threads
16340: 17:26:52.915 - MinThreads: 4 threads
16340: 17:26:52.915 - Thread pool is fixed size
16340: 17:26:52.915 - Starting ENet thread pool with the following settings
16340: 17:26:52.915 - InitialThreads: 2 threads
16340: 17:26:52.915 - MinThreads: 2 threads
16340: 17:26:52.915 - Thread pool is fixed size
16340: 17:26:52.915 - OnlyDispatchTimers: False
16340: 17:26:52.915 - S2S: flow control: Max pending writes: 50
16340: 17:26:52.915 - S2S: flow control: Max queued buffers: 200
16340: 17:26:52.915 - S2S: flow control: Max pending writes MUX: 500
16340: 17:26:52.915 - S2S: flow control: Max queued buffers MUX: 2000
16340: 17:26:52.915 - S2S: MaxInboundMessageSize: 512000
16340: 17:26:52.915 - S2S: MaxOutboundMessageSize: 512000
16340: 17:26:52.915 - S2S: No inactivity timeout
16340: 17:26:52.917 - WebSocket S2S: MaxInboundMessageSize: 512000
16340: 17:26:52.917 - WebSocket S2S: MaxOutboundMessageSize: 512000
16340: 17:26:52.917 - WebSocket S2S: No inactivity timeout
16340: 17:26:52.917 - Max Reliable Data In Transit (awaiting ACKs) per peer : 51200 bytes
16340: 17:26:52.917 - Per peer bandwidth limit
16340: 17:26:52.917 - Transmit Rate Limit: 256 KB/Sec
16340: 17:26:52.917 - Limit period: 200ms
16340: 17:26:52.917 - Limit per period: 52428 bytes
16340: 17:26:52.917 - Max queued data for transmission per peer: 512000 bytes
16340: 17:26:52.917 - Minimum retransmit timeout: 200
16340: 17:26:52.917 - No Maximum retransmit timeout
16340: 17:26:52.917 - Minimum ENet timeout: 40000ms
16340: 17:26:52.917 - Maximum ENet timeout: 50000ms
16340: 17:26:52.917 - Max Inbound Reliable Data Queued (awaiting resends of earlier sequence numbers) per peer : 163840 bytes
16340: 17:26:52.917 - No RTT ACK adjustment timeout
16340: 17:26:52.917 - Outbound ENet: MaxInboundMessageSize: 512000
16340: 17:26:52.917 - Outbound ENet: MaxOutboundMessageSize: 512000
16340: 17:26:52.918 - GetRuntime - About to load CLR - versions available:
16340: 17:26:52.918 - v2.0.50727
16340: 17:26:52.918 - v4.0.30319
16340: 17:26:52.918 - Configuration requests: "v2.0.50727"
16340: 17:26:52.918 - About to load version: "v2.0.50727"
16340: 17:26:52.921 - About to load runtime: PhotonHostRuntime.PhotonDomainManager from PhotonHostRuntime, Culture=neutral, PublicKeyToken=02C301B61B060C4D
16340: 17:26:52.921 - CLRBaseDirectory set to "C:\Users\duong\Desktop\XuSoMuonThu\ServerXuSoMuonThu\deploy"
16340: 17:26:52.921 - Optimising event broadcast for 20 or more peers
16340: 17:26:52.922 - Start: About to load CLR - versions available:
16340: 17:26:52.922 - v2.0.50727
16340: 17:26:52.922 - v4.0.30319
16340: 17:26:52.922 - No preference in configuration file, will load latest.
16340: 17:26:52.922 - About to load version: "v4.0.30319"
16340: 17:26:52.923 - Loaded version: "v4.0.30319"
16340: 17:26:53.029 - Photon host runtime loaded
16340: 17:26:54.619 - License is valid.
16340: 17:26:54.619 - Licensed for 100 concurrent connections.
16340: 17:26:54.619 - ENet: Max Reliable Data In Transit (awaiting ACKs) per peer : 51200 bytes
16340: 17:26:54.619 - ENet: Per peer bandwidth limit
16340: 17:26:54.619 - ENet: Transmit Rate Limit: 256 KB/Sec
16340: 17:26:54.619 - ENet: Limit period: 200ms
16340: 17:26:54.619 - ENet: Limit per period: 52428 bytes
16340: 17:26:54.619 - ENet: Max queued data for transmission per peer: 512000 bytes
16340: 17:26:54.619 - ENet: Minimum retransmit timeout: 200
16340: 17:26:54.619 - No Maximum retransmit timeout
16340: 17:26:54.619 - ENet: Minimum timeout: 40000ms
16340: 17:26:54.619 - ENet: Maximum timeout: 50000ms
16340: 17:26:54.619 - ENet: Max Inbound Reliable Data Queued (awaiting resends of earlier sequence numbers) per peer : 163840 bytes
16340: 17:26:54.619 - No RTT ACK adjustment timeout
16340: 17:26:54.619 - About to load application: myConfig from srcServerXuSoMuonThu
16340: 17:26:54.661 - Taking reference on default app domain
16340: 17:26:54.713 - Application: "myConfig" started in app domain: 2
16340: 17:26:54.713 - Adding TCP listener on: 0.0.0.0: 4530 with a listen backlog of: 150
16340: 17:26:54.713 - TCP inactivity timeout: 10000ms
16340: 17:26:54.713 - TCP disconnect timeout: 120000ms
16340: 17:26:54.713 - MaxInboundMessageSize: 512000
16340: 17:26:54.713 - MaxOutboundMessageSize: 512000
16340: 17:26:54.713 - Forcing all applications ids to: "myConfig"
16340: 17:26:54.713 - Serving policy file requests from: "C:\Users\duong\Desktop\XuSoMuonThu\ServerXuSoMuonThu\deploy\Policy\assets\socket-policy.xml"
16340: 17:26:54.713 - Adding TCP listener on: 0.0.0.0: 4520 with a listen backlog of: 150
16340: 17:26:54.713 - TCP inactivity timeout: 5000ms
16340: 17:26:54.713 - TCP disconnect timeout: 120000ms
16340: 17:26:54.713 - MaxInboundMessageSize: 512000
16340: 17:26:54.713 - MaxOutboundMessageSize: 512000
16340: 17:26:54.713 - Forcing all applications ids to: "myConfig"
16340: 17:26:54.713 - MaxInboundMessageSize: 512000
16340: 17:26:54.713 - MaxOutboundMessageSize: 512000
16340: 17:26:54.713 - UDP address specified as: "0.0.0.0" adding listener to each available IPv4 address
16340: 17:26:54.714 - Adding UDP listener on: 192.168.241.128: 5055 with a listen backlog of: 500
16340: 17:26:54.714 - Adding UDP listener on: 127.0.0.1: 5055 with a listen backlog of: 500
16340: 17:26:54.714 - Adding WebSocket TCP listener on: 0.0.0.0: 9090 with a listen backlog of: 150
16340: 17:26:54.714 - Nagle disabled
16340: 17:26:54.714 - TCP inactivity timeout: 10000ms
16340: 17:26:54.714 - MaxInboundMessageSize: 512000
16340: 17:26:54.714 - MaxOutboundMessageSize: 512000
16340: 17:26:54.714 - Forcing all applications ids to: "myConfig"
16340: 17:26:54.714 - Will accept ANY sub-protocols from the client
16340: 17:26:54.714 - No automatic WebSocket ping
16340: 17:26:54.714 - Adding Policy File listener on: 0.0.0.0: 843 with a listen backlog of: 150 and serving Policy File: "C:\Users\duong\Desktop\XuSoMuonThu\ServerXuSoMuonThu\deploy\Policy\assets\socket-policy.xml"
16340: 17:26:54.714 - TCP inactivity timeout: 1000ms
16340: 17:26:54.714 - Adding Policy File listener on: 0.0.0.0: 943 with a listen backlog of: 150 and serving Policy File: "C:\Users\duong\Desktop\XuSoMuonThu\ServerXuSoMuonThu\deploy\Policy\assets\socket-policy-silverlight.xml"
16340: 17:26:54.714 - TCP inactivity timeout: 1000ms
16340: 17:26:54.733 - Service is running...
16340: 17:28:00.407 - Service is stopped...
16340: 17:28:00.407 - Server shutting down...
16340: 17:28:00.407 - Shutdown monitoring enabled, 30000ms before process abort
16340: 17:28:00.407 - Notifying CLR applications of shutdown...
16340: 17:28:00.407 - RequestApplicationStop: 2
16340: 17:28:00.409 - RequestStop: defalt app domain
16340: 17:28:00.410 - Shutting down WebSocket Outbound Connection Manager...
16340: 17:28:00.410 - Shutting down TCP Outbound Connection Manager...
16340: 17:28:00.410 - Shutting down ENet Outbound Connection Manager...
16340: 17:28:00.410 - Disconnecting all outbound peers...
16340: 17:28:00.410 - Shutting down ENet host...
16340: 17:28:00.410 - Disconnecting all peers...
16340: 17:28:00.410 - Shutting down socket servers...
16340: 17:28:00.411 - Shutting down ENet thread pool...
16340: 17:28:00.411 - Shutting down TCP inactivity timers...
16340: 17:28:00.411 - WaitingForShutdownToComplete: NativePolicy:0.0.0.0:843
16340: 17:28:00.411 - OnShutdownCompleted: NativePolicy:0.0.0.0:843
16340: 17:28:00.411 - WaitingForShutdownToComplete: NativePolicy:0.0.0.0:943
16340: 17:28:00.411 - OnShutdownCompleted: NativePolicy:0.0.0.0:943
16340: 17:28:00.411 - WaitingForShutdownToComplete: TCP:0.0.0.0:4520
16340: 17:28:00.411 - OnShutdownCompleted: TCP:0.0.0.0:4520
16340: 17:28:00.411 - WaitingForShutdownToComplete: TCP:0.0.0.0:4530
16340: 17:28:00.411 - OnShutdownCompleted: TCP:0.0.0.0:4530
16340: 17:28:00.411 - WaitingForShutdownToComplete: UDP:127.0.0.1:5055
16340: 17:28:00.411 - OnShutdownCompleted: UDP:127.0.0.1:5055
16340: 17:28:00.411 - WaitingForShutdownToComplete: UDP:192.168.241.128:5055
16340: 17:28:00.411 - OnShutdownCompleted: UDP:192.168.241.128:5055
16340: 17:28:00.411 - WaitingForShutdownToComplete: WebSocket:0.0.0.0:9090
16340: 17:28:00.411 - OnShutdownCompleted: WebSocket:0.0.0.0:9090
16340: 17:28:00.411 - Shutting down CLR applications...
16340: 17:28:00.415 - Shutting down business logic thread pool...
2336: 17:28:00.415 - CManagedHost::OnDefaultAction() - OPR_AppDomainUnload - eUnloadAppDomain
16340: 17:28:00.415 - Shutting down I/O thread pool...
16340: 17:28:00.415 - Destroying servers
16340: 17:28:00.415 - Destroying WebSocket Outbound Connection Manager
16340: 17:28:00.415 - Destroying TCP Outbound Connection Manager
16340: 17:28:00.415 - Destroying TCP inactivity timer
16340: 17:28:00.415 - Destroying ENet timer wheel
16340: 17:28:00.415 - Destroying ENet host
16340: 17:28:00.415 - Destroying ENet outbound host
16340: 17:28:00.415 - Destroying HTTP inactivity timer
16340: 17:28:00.415 - Destroying HTTP host
16340: 17:28:00.415 - Destroying HTTP Chunk host
16340: 17:28:00.415 - Flushing ENET buffer allocator...
16340: 17:28:00.416 - Flushing TCP buffer handle allocator...
16340: 17:28:00.416 - Flushing stream socket allocator...
16340: 17:28:00.416 - Flushing inbound datagram socket allocator...
16340: 17:28:00.418 - Flushing outbound datagram socket allocator...
16340: 17:28:00.418 - Destroying CLR dispatcher
16340: 17:28:00.418 - Destroying CLR applications
16340: 17:28:00.418 - ~CCLRApplicationCollection() - Waiting up to 10 seconds for the CLR to release all of our objects
17092: 17:28:00.422 - Unloading Domain: ApplicationName = 'myConfig', DomainId='2'
2336: 17:28:00.448 - CManagedHost::OnDomainUnload() - 2
16340: 17:28:00.449 - ~CCLRApplicationCollection() - Done. All objects released
16340: 17:28:00.449 - ~CManagedHost() - Release default app domain
16340: 17:28:00.449 - CManagedHost::OnDomainUnload() - 1
16340: 17:28:00.449 - ~CManagedHost() - Waiting up to 10 seconds for CLR shutdown...
16340: 17:28:00.449 - ~CManagedHost
16340: 17:28:00.449 - Destroying ENet thread pool
16340: 17:28:00.449 - Destroying Business logic thread pool
16340: 17:28:00.449 - Destroying I/O thread pool
16340: 17:28:00.449 - Destroying ENet buffer allocator
16340: 17:28:00.449 - Destroying TCP buffer allocator
16340: 17:28:00.449 - Destroying TCP socket allocator
16340: 17:28:00.449 - Destroying ENet inbound socket allocator
16340: 17:28:00.449 - Destroying ENet outbound socket allocator
16340: 17:28:00.449 - Destroying shared datagram flow control data
16340: 17:28:00.449 - Shutdown complete...
16340: 17:28:00.449 - Service shutting down
16340: 17:28:00.451 - Service shut down complete
13724: 17:28:07.034 - ---
13724: 17:28:07.034 - Service: "Photon Socket Server" starting
13724: 17:28:07.034 - Config File: C:\Users\duong\Desktop\XuSoMuonThu\ServerXuSoMuonThu\deploy\bin_Win64\PhotonServer.config
13724: 17:28:07.035 - Will produce at most: 10 crash dumps
13724: 17:28:07.035 - Action: run as exe
13724: 17:28:07.036 - Server Starting...
13724: 17:28:07.036 -    Tick count: 31241718 (wraps in: 49.3487 days)
13724: 17:28:07.036 - Tick count 64: 31241718
13724: 17:28:07.036 - Photon Version: 4.0.28.2962
13724: 17:28:07.036 - PID: 16620
13724: 17:28:07.036 - Config File: C:\Users\duong\Desktop\XuSoMuonThu\ServerXuSoMuonThu\deploy\bin_Win64\PhotonServer.config
13724: 17:28:07.036 - Will NOT log unimportant exceptions
13724: 17:28:07.038 - Not using performance counters as they are not currently installed. Run the service with /InstallCounters to install them.
13724: 17:28:07.038 - Shutdown timeout enabled: 30000ms
13724: 17:28:07.038 - Starting I/O thread pool with 2 threads
13724: 17:28:07.038 - Using Standard allocator
13724: 17:28:07.038 - Max message size: 512000
13724: 17:28:07.038 - Starting business logic thread pool with the following settings
13724: 17:28:07.038 - InitialThreads: 4 threads
13724: 17:28:07.038 - MinThreads: 4 threads
13724: 17:28:07.038 - Thread pool is fixed size
13724: 17:28:07.038 - Starting ENet thread pool with the following settings
13724: 17:28:07.038 - InitialThreads: 2 threads
13724: 17:28:07.038 - MinThreads: 2 threads
13724: 17:28:07.038 - Thread pool is fixed size
13724: 17:28:07.038 - OnlyDispatchTimers: False
13724: 17:28:07.038 - S2S: flow control: Max pending writes: 50
13724: 17:28:07.038 - S2S: flow control: Max queued buffers: 200
13724: 17:28:07.038 - S2S: flow control: Max pending writes MUX: 500
13724: 17:28:07.038 - S2S: flow control: Max queued buffers MUX: 2000
13724: 17:28:07.038 - S2S: MaxInboundMessageSize: 512000
13724: 17:28:07.038 - S2S: MaxOutboundMessageSize: 512000
13724: 17:28:07.038 - S2S: No inactivity timeout
13724: 17:28:07.040 - WebSocket S2S: MaxInboundMessageSize: 512000
13724: 17:28:07.040 - WebSocket S2S: MaxOutboundMessageSize: 512000
13724: 17:28:07.040 - WebSocket S2S: No inactivity timeout
13724: 17:28:07.040 - Max Reliable Data In Transit (awaiting ACKs) per peer : 51200 bytes
13724: 17:28:07.040 - Per peer bandwidth limit
13724: 17:28:07.040 - Transmit Rate Limit: 256 KB/Sec
13724: 17:28:07.040 - Limit period: 200ms
13724: 17:28:07.040 - Limit per period: 52428 bytes
13724: 17:28:07.040 - Max queued data for transmission per peer: 512000 bytes
13724: 17:28:07.040 - Minimum retransmit timeout: 200
13724: 17:28:07.040 - No Maximum retransmit timeout
13724: 17:28:07.040 - Minimum ENet timeout: 40000ms
13724: 17:28:07.040 - Maximum ENet timeout: 50000ms
13724: 17:28:07.040 - Max Inbound Reliable Data Queued (awaiting resends of earlier sequence numbers) per peer : 163840 bytes
13724: 17:28:07.040 - No RTT ACK adjustment timeout
13724: 17:28:07.040 - Outbound ENet: MaxInboundMessageSize: 512000
13724: 17:28:07.040 - Outbound ENet: MaxOutboundMessageSize: 512000
13724: 17:28:07.041 - GetRuntime - About to load CLR - versions available:
13724: 17:28:07.041 - v2.0.50727
13724: 17:28:07.041 - v4.0.30319
13724: 17:28:07.041 - Configuration requests: "v2.0.50727"
13724: 17:28:07.041 - About to load version: "v2.0.50727"
13724: 17:28:07.044 - About to load runtime: PhotonHostRuntime.PhotonDomainManager from PhotonHostRuntime, Culture=neutral, PublicKeyToken=02C301B61B060C4D
13724: 17:28:07.044 - CLRBaseDirectory set to "C:\Users\duong\Desktop\XuSoMuonThu\ServerXuSoMuonThu\deploy"
13724: 17:28:07.044 - Optimising event broadcast for 20 or more peers
13724: 17:28:07.045 - Start: About to load CLR - versions available:
13724: 17:28:07.045 - v2.0.50727
13724: 17:28:07.045 - v4.0.30319
13724: 17:28:07.045 - No preference in configuration file, will load latest.
13724: 17:28:07.045 - About to load version: "v4.0.30319"
13724: 17:28:07.046 - Loaded version: "v4.0.30319"
13724: 17:28:07.150 - Photon host runtime loaded
13724: 17:28:08.735 - License is valid.
13724: 17:28:08.735 - Licensed for 100 concurrent connections.
13724: 17:28:08.735 - ENet: Max Reliable Data In Transit (awaiting ACKs) per peer : 51200 bytes
13724: 17:28:08.735 - ENet: Per peer bandwidth limit
13724: 17:28:08.735 - ENet: Transmit Rate Limit: 256 KB/Sec
13724: 17:28:08.735 - ENet: Limit period: 200ms
13724: 17:28:08.735 - ENet: Limit per period: 52428 bytes
13724: 17:28:08.735 - ENet: Max queued data for transmission per peer: 512000 bytes
13724: 17:28:08.735 - ENet: Minimum retransmit timeout: 200
13724: 17:28:08.735 - No Maximum retransmit timeout
13724: 17:28:08.735 - ENet: Minimum timeout: 40000ms
13724: 17:28:08.735 - ENet: Maximum timeout: 50000ms
13724: 17:28:08.735 - ENet: Max Inbound Reliable Data Queued (awaiting resends of earlier sequence numbers) per peer : 163840 bytes
13724: 17:28:08.735 - No RTT ACK adjustment timeout
13724: 17:28:08.735 - About to load application: myConfig from srcServerXuSoMuonThu
13724: 17:28:08.799 - Taking reference on default app domain
13724: 17:28:08.847 - Application: "myConfig" started in app domain: 2
13724: 17:28:08.847 - Adding TCP listener on: 0.0.0.0: 4530 with a listen backlog of: 150
13724: 17:28:08.847 - TCP inactivity timeout: 10000ms
13724: 17:28:08.847 - TCP disconnect timeout: 120000ms
13724: 17:28:08.847 - MaxInboundMessageSize: 512000
13724: 17:28:08.847 - MaxOutboundMessageSize: 512000
13724: 17:28:08.847 - Forcing all applications ids to: "myConfig"
13724: 17:28:08.847 - Serving policy file requests from: "C:\Users\duong\Desktop\XuSoMuonThu\ServerXuSoMuonThu\deploy\Policy\assets\socket-policy.xml"
13724: 17:28:08.847 - Adding TCP listener on: 0.0.0.0: 4520 with a listen backlog of: 150
13724: 17:28:08.847 - TCP inactivity timeout: 5000ms
13724: 17:28:08.847 - TCP disconnect timeout: 120000ms
13724: 17:28:08.847 - MaxInboundMessageSize: 512000
13724: 17:28:08.847 - MaxOutboundMessageSize: 512000
13724: 17:28:08.847 - Forcing all applications ids to: "myConfig"
13724: 17:28:08.847 - MaxInboundMessageSize: 512000
13724: 17:28:08.847 - MaxOutboundMessageSize: 512000
13724: 17:28:08.847 - UDP address specified as: "0.0.0.0" adding listener to each available IPv4 address
13724: 17:28:08.847 - Adding UDP listener on: 192.168.241.128: 5055 with a listen backlog of: 500
13724: 17:28:08.847 - Adding UDP listener on: 127.0.0.1: 5055 with a listen backlog of: 500
13724: 17:28:08.847 - Adding WebSocket TCP listener on: 0.0.0.0: 9090 with a listen backlog of: 150
13724: 17:28:08.847 - Nagle disabled
13724: 17:28:08.847 - TCP inactivity timeout: 10000ms
13724: 17:28:08.847 - MaxInboundMessageSize: 512000
13724: 17:28:08.847 - MaxOutboundMessageSize: 512000
13724: 17:28:08.847 - Forcing all applications ids to: "myConfig"
13724: 17:28:08.847 - Will accept ANY sub-protocols from the client
13724: 17:28:08.847 - No automatic WebSocket ping
13724: 17:28:08.847 - Adding Policy File listener on: 0.0.0.0: 843 with a listen backlog of: 150 and serving Policy File: "C:\Users\duong\Desktop\XuSoMuonThu\ServerXuSoMuonThu\deploy\Policy\assets\socket-policy.xml"
13724: 17:28:08.847 - TCP inactivity timeout: 1000ms
13724: 17:28:08.848 - Adding Policy File listener on: 0.0.0.0: 943 with a listen backlog of: 150 and serving Policy File: "C:\Users\duong\Desktop\XuSoMuonThu\ServerXuSoMuonThu\deploy\Policy\assets\socket-policy-silverlight.xml"
13724: 17:28:08.848 - TCP inactivity timeout: 1000ms
13724: 17:28:08.865 - Service is running...
13724: 17:29:33.103 - Service is stopped...
13724: 17:29:33.103 - Server shutting down...
13724: 17:29:33.103 - Shutdown monitoring enabled, 30000ms before process abort
13724: 17:29:33.103 - Notifying CLR applications of shutdown...
13724: 17:29:33.103 - RequestApplicationStop: 2
13724: 17:29:33.104 - RequestStop: defalt app domain
13724: 17:29:33.107 - Shutting down WebSocket Outbound Connection Manager...
13724: 17:29:33.107 - Shutting down TCP Outbound Connection Manager...
13724: 17:29:33.107 - Shutting down ENet Outbound Connection Manager...
13724: 17:29:33.107 - Disconnecting all outbound peers...
13724: 17:29:33.107 - Shutting down ENet host...
13724: 17:29:33.107 - Disconnecting all peers...
13724: 17:29:33.107 - Shutting down socket servers...
13724: 17:29:33.107 - Shutting down ENet thread pool...
13724: 17:29:33.107 - Shutting down TCP inactivity timers...
13724: 17:29:33.107 - WaitingForShutdownToComplete: NativePolicy:0.0.0.0:843
13724: 17:29:33.107 - OnShutdownCompleted: NativePolicy:0.0.0.0:843
13724: 17:29:33.107 - WaitingForShutdownToComplete: NativePolicy:0.0.0.0:943
13724: 17:29:33.107 - OnShutdownCompleted: NativePolicy:0.0.0.0:943
13724: 17:29:33.107 - WaitingForShutdownToComplete: TCP:0.0.0.0:4520
13724: 17:29:33.107 - OnShutdownCompleted: TCP:0.0.0.0:4520
13724: 17:29:33.107 - WaitingForShutdownToComplete: TCP:0.0.0.0:4530
13724: 17:29:33.107 - OnShutdownCompleted: TCP:0.0.0.0:4530
13724: 17:29:33.107 - WaitingForShutdownToComplete: UDP:127.0.0.1:5055
13724: 17:29:33.107 - OnShutdownCompleted: UDP:127.0.0.1:5055
13724: 17:29:33.107 - WaitingForShutdownToComplete: UDP:192.168.241.128:5055
13724: 17:29:33.107 - OnShutdownCompleted: UDP:192.168.241.128:5055
13724: 17:29:33.107 - WaitingForShutdownToComplete: WebSocket:0.0.0.0:9090
13724: 17:29:33.107 - OnShutdownCompleted: WebSocket:0.0.0.0:9090
13724: 17:29:33.107 - Shutting down CLR applications...
13724: 17:29:33.112 - Shutting down business logic thread pool...
9912: 17:29:33.112 - CManagedHost::OnDefaultAction() - OPR_AppDomainUnload - eUnloadAppDomain
13724: 17:29:33.113 - Shutting down I/O thread pool...
13724: 17:29:33.113 - Destroying servers
13724: 17:29:33.113 - Destroying WebSocket Outbound Connection Manager
13724: 17:29:33.113 - Destroying TCP Outbound Connection Manager
13724: 17:29:33.113 - Destroying TCP inactivity timer
13724: 17:29:33.113 - Destroying ENet timer wheel
13724: 17:29:33.113 - Destroying ENet host
13724: 17:29:33.113 - Destroying ENet outbound host
13724: 17:29:33.113 - Destroying HTTP inactivity timer
13724: 17:29:33.113 - Destroying HTTP host
13724: 17:29:33.113 - Destroying HTTP Chunk host
13724: 17:29:33.113 - Flushing ENET buffer allocator...
13724: 17:29:33.114 - Flushing TCP buffer handle allocator...
13724: 17:29:33.114 - Flushing stream socket allocator...
13724: 17:29:33.115 - Flushing inbound datagram socket allocator...
13724: 17:29:33.116 - Flushing outbound datagram socket allocator...
13724: 17:29:33.116 - Destroying CLR dispatcher
13724: 17:29:33.116 - Destroying CLR applications
13724: 17:29:33.117 - ~CCLRApplicationCollection() - Waiting up to 10 seconds for the CLR to release all of our objects
16008: 17:29:33.123 - Unloading Domain: ApplicationName = 'myConfig', DomainId='2'
9912: 17:29:33.153 - CManagedHost::OnDomainUnload() - 2
13724: 17:29:33.153 - ~CCLRApplicationCollection() - Done. All objects released
13724: 17:29:33.154 - ~CManagedHost() - Release default app domain
13724: 17:29:33.154 - CManagedHost::OnDomainUnload() - 1
13724: 17:29:33.154 - ~CManagedHost() - Waiting up to 10 seconds for CLR shutdown...
13724: 17:29:33.154 - ~CManagedHost
13724: 17:29:33.154 - Destroying ENet thread pool
13724: 17:29:33.154 - Destroying Business logic thread pool
13724: 17:29:33.154 - Destroying I/O thread pool
13724: 17:29:33.154 - Destroying ENet buffer allocator
13724: 17:29:33.154 - Destroying TCP buffer allocator
13724: 17:29:33.154 - Destroying TCP socket allocator
13724: 17:29:33.154 - Destroying ENet inbound socket allocator
13724: 17:29:33.154 - Destroying ENet outbound socket allocator
13724: 17:29:33.154 - Destroying shared datagram flow control data
13724: 17:29:33.154 - Shutdown complete...
13724: 17:29:33.154 - Service shutting down
13724: 17:29:33.155 - Service shut down complete
19652: 17:34:53.816 - ---
19652: 17:34:53.816 - Service: "Photon Socket Server" starting
19652: 17:34:53.816 - Config File: C:\Users\duong\Desktop\XuSoMuonThu\ServerXuSoMuonThu\deploy\bin_Win64\PhotonServer.config
19652: 17:34:53.816 - Will produce at most: 10 crash dumps
19652: 17:34:53.816 - Action: run as exe
19652: 17:34:53.817 - Server Starting...
19652: 17:34:53.817 -    Tick count: 31648500 (wraps in: 49.344 days)
19652: 17:34:53.817 - Tick count 64: 31648500
19652: 17:34:53.817 - Photon Version: 4.0.28.2962
19652: 17:34:53.817 - PID: 19648
19652: 17:34:53.817 - Config File: C:\Users\duong\Desktop\XuSoMuonThu\ServerXuSoMuonThu\deploy\bin_Win64\PhotonServer.config
19652: 17:34:53.817 - Will NOT log unimportant exceptions
19652: 17:34:53.819 - Not using performance counters as they are not currently installed. Run the service with /InstallCounters to install them.
19652: 17:34:53.820 - Shutdown timeout enabled: 30000ms
19652: 17:34:53.820 - Starting I/O thread pool with 2 threads
19652: 17:34:53.820 - Using Standard allocator
19652: 17:34:53.820 - Max message size: 512000
19652: 17:34:53.820 - Starting business logic thread pool with the following settings
19652: 17:34:53.820 - InitialThreads: 4 threads
19652: 17:34:53.820 - MinThreads: 4 threads
19652: 17:34:53.820 - Thread pool is fixed size
19652: 17:34:53.820 - Starting ENet thread pool with the following settings
19652: 17:34:53.820 - InitialThreads: 2 threads
19652: 17:34:53.820 - MinThreads: 2 threads
19652: 17:34:53.820 - Thread pool is fixed size
19652: 17:34:53.820 - OnlyDispatchTimers: False
19652: 17:34:53.820 - S2S: flow control: Max pending writes: 50
19652: 17:34:53.820 - S2S: flow control: Max queued buffers: 200
19652: 17:34:53.820 - S2S: flow control: Max pending writes MUX: 500
19652: 17:34:53.820 - S2S: flow control: Max queued buffers MUX: 2000
19652: 17:34:53.820 - S2S: MaxInboundMessageSize: 512000
19652: 17:34:53.820 - S2S: MaxOutboundMessageSize: 512000
19652: 17:34:53.820 - S2S: No inactivity timeout
19652: 17:34:53.822 - WebSocket S2S: MaxInboundMessageSize: 512000
19652: 17:34:53.822 - WebSocket S2S: MaxOutboundMessageSize: 512000
19652: 17:34:53.822 - WebSocket S2S: No inactivity timeout
19652: 17:34:53.822 - Max Reliable Data In Transit (awaiting ACKs) per peer : 51200 bytes
19652: 17:34:53.822 - Per peer bandwidth limit
19652: 17:34:53.822 - Transmit Rate Limit: 256 KB/Sec
19652: 17:34:53.822 - Limit period: 200ms
19652: 17:34:53.822 - Limit per period: 52428 bytes
19652: 17:34:53.822 - Max queued data for transmission per peer: 512000 bytes
19652: 17:34:53.822 - Minimum retransmit timeout: 200
19652: 17:34:53.822 - No Maximum retransmit timeout
19652: 17:34:53.822 - Minimum ENet timeout: 40000ms
19652: 17:34:53.822 - Maximum ENet timeout: 50000ms
19652: 17:34:53.822 - Max Inbound Reliable Data Queued (awaiting resends of earlier sequence numbers) per peer : 163840 bytes
19652: 17:34:53.822 - No RTT ACK adjustment timeout
19652: 17:34:53.822 - Outbound ENet: MaxInboundMessageSize: 512000
19652: 17:34:53.822 - Outbound ENet: MaxOutboundMessageSize: 512000
19652: 17:34:53.822 - GetRuntime - About to load CLR - versions available:
19652: 17:34:53.822 - v2.0.50727
19652: 17:34:53.822 - v4.0.30319
19652: 17:34:53.822 - Configuration requests: "v2.0.50727"
19652: 17:34:53.822 - About to load version: "v2.0.50727"
19652: 17:34:53.826 - About to load runtime: PhotonHostRuntime.PhotonDomainManager from PhotonHostRuntime, Culture=neutral, PublicKeyToken=02C301B61B060C4D
19652: 17:34:53.826 - CLRBaseDirectory set to "C:\Users\duong\Desktop\XuSoMuonThu\ServerXuSoMuonThu\deploy"
19652: 17:34:53.826 - Optimising event broadcast for 20 or more peers
19652: 17:34:53.826 - Start: About to load CLR - versions available:
19652: 17:34:53.826 - v2.0.50727
19652: 17:34:53.826 - v4.0.30319
19652: 17:34:53.826 - No preference in configuration file, will load latest.
19652: 17:34:53.826 - About to load version: "v4.0.30319"
19652: 17:34:53.827 - Loaded version: "v4.0.30319"
19652: 17:34:53.940 - Photon host runtime loaded
19652: 17:34:55.632 - License is valid.
19652: 17:34:55.632 - Licensed for 100 concurrent connections.
19652: 17:34:55.632 - ENet: Max Reliable Data In Transit (awaiting ACKs) per peer : 51200 bytes
19652: 17:34:55.632 - ENet: Per peer bandwidth limit
19652: 17:34:55.632 - ENet: Transmit Rate Limit: 256 KB/Sec
19652: 17:34:55.632 - ENet: Limit period: 200ms
19652: 17:34:55.632 - ENet: Limit per period: 52428 bytes
19652: 17:34:55.632 - ENet: Max queued data for transmission per peer: 512000 bytes
19652: 17:34:55.632 - ENet: Minimum retransmit timeout: 200
19652: 17:34:55.632 - No Maximum retransmit timeout
19652: 17:34:55.632 - ENet: Minimum timeout: 40000ms
19652: 17:34:55.632 - ENet: Maximum timeout: 50000ms
19652: 17:34:55.632 - ENet: Max Inbound Reliable Data Queued (awaiting resends of earlier sequence numbers) per peer : 163840 bytes
19652: 17:34:55.632 - No RTT ACK adjustment timeout
19652: 17:34:55.632 - About to load application: myConfig from srcServerXuSoMuonThu
19652: 17:34:55.669 - Taking reference on default app domain
19652: 17:34:55.734 - Application: "myConfig" started in app domain: 2
19652: 17:34:55.734 - Adding TCP listener on: 0.0.0.0: 4530 with a listen backlog of: 150
19652: 17:34:55.734 - TCP inactivity timeout: 10000ms
19652: 17:34:55.734 - TCP disconnect timeout: 120000ms
19652: 17:34:55.734 - MaxInboundMessageSize: 512000
19652: 17:34:55.734 - MaxOutboundMessageSize: 512000
19652: 17:34:55.734 - Forcing all applications ids to: "myConfig"
19652: 17:34:55.734 - Serving policy file requests from: "C:\Users\duong\Desktop\XuSoMuonThu\ServerXuSoMuonThu\deploy\Policy\assets\socket-policy.xml"
19652: 17:34:55.735 - Adding TCP listener on: 0.0.0.0: 4520 with a listen backlog of: 150
19652: 17:34:55.735 - TCP inactivity timeout: 5000ms
19652: 17:34:55.735 - TCP disconnect timeout: 120000ms
19652: 17:34:55.735 - MaxInboundMessageSize: 512000
19652: 17:34:55.735 - MaxOutboundMessageSize: 512000
19652: 17:34:55.735 - Forcing all applications ids to: "myConfig"
19652: 17:34:55.735 - MaxInboundMessageSize: 512000
19652: 17:34:55.735 - MaxOutboundMessageSize: 512000
19652: 17:34:55.735 - UDP address specified as: "0.0.0.0" adding listener to each available IPv4 address
19652: 17:34:55.735 - Adding UDP listener on: 192.168.241.128: 5055 with a listen backlog of: 500
19652: 17:34:55.735 - Adding UDP listener on: 127.0.0.1: 5055 with a listen backlog of: 500
19652: 17:34:55.735 - Adding WebSocket TCP listener on: 0.0.0.0: 9090 with a listen backlog of: 150
19652: 17:34:55.735 - Nagle disabled
19652: 17:34:55.735 - TCP inactivity timeout: 10000ms
19652: 17:34:55.735 - MaxInboundMessageSize: 512000
19652: 17:34:55.735 - MaxOutboundMessageSize: 512000
19652: 17:34:55.735 - Forcing all applications ids to: "myConfig"
19652: 17:34:55.735 - Will accept ANY sub-protocols from the client
19652: 17:34:55.735 - No automatic WebSocket ping
19652: 17:34:55.735 - Adding Policy File listener on: 0.0.0.0: 843 with a listen backlog of: 150 and serving Policy File: "C:\Users\duong\Desktop\XuSoMuonThu\ServerXuSoMuonThu\deploy\Policy\assets\socket-policy.xml"
19652: 17:34:55.735 - TCP inactivity timeout: 1000ms
19652: 17:34:55.735 - Adding Policy File listener on: 0.0.0.0: 943 with a listen backlog of: 150 and serving Policy File: "C:\Users\duong\Desktop\XuSoMuonThu\ServerXuSoMuonThu\deploy\Policy\assets\socket-policy-silverlight.xml"
19652: 17:34:55.735 - TCP inactivity timeout: 1000ms
19652: 17:34:55.755 - Service is running...
19652: 17:37:00.790 - Service is stopped...
19652: 17:37:00.790 - Server shutting down...
19652: 17:37:00.791 - Shutdown monitoring enabled, 30000ms before process abort
19652: 17:37:00.791 - Notifying CLR applications of shutdown...
19652: 17:37:00.791 - RequestApplicationStop: 2
19652: 17:37:00.794 - RequestStop: defalt app domain
19652: 17:37:00.796 - Shutting down WebSocket Outbound Connection Manager...
19652: 17:37:00.796 - Shutting down TCP Outbound Connection Manager...
19652: 17:37:00.796 - Shutting down ENet Outbound Connection Manager...
19652: 17:37:00.796 - Disconnecting all outbound peers...
19652: 17:37:00.796 - Shutting down ENet host...
19652: 17:37:00.796 - Disconnecting all peers...
19652: 17:37:00.796 - Shutting down socket servers...
19652: 17:37:00.796 - Shutting down ENet thread pool...
19652: 17:37:00.796 - Shutting down TCP inactivity timers...
19652: 17:37:00.796 - WaitingForShutdownToComplete: NativePolicy:0.0.0.0:843
19652: 17:37:00.796 - OnShutdownCompleted: NativePolicy:0.0.0.0:843
19652: 17:37:00.796 - WaitingForShutdownToComplete: NativePolicy:0.0.0.0:943
19652: 17:37:00.796 - OnShutdownCompleted: NativePolicy:0.0.0.0:943
19652: 17:37:00.796 - WaitingForShutdownToComplete: TCP:0.0.0.0:4520
19652: 17:37:00.796 - OnShutdownCompleted: TCP:0.0.0.0:4520
19652: 17:37:00.796 - WaitingForShutdownToComplete: TCP:0.0.0.0:4530
19652: 17:37:00.796 - OnShutdownCompleted: TCP:0.0.0.0:4530
19652: 17:37:00.796 - WaitingForShutdownToComplete: UDP:127.0.0.1:5055
19652: 17:37:00.796 - OnShutdownCompleted: UDP:127.0.0.1:5055
19652: 17:37:00.796 - WaitingForShutdownToComplete: UDP:192.168.241.128:5055
19652: 17:37:00.796 - OnShutdownCompleted: UDP:192.168.241.128:5055
19652: 17:37:00.796 - WaitingForShutdownToComplete: WebSocket:0.0.0.0:9090
19652: 17:37:00.796 - OnShutdownCompleted: WebSocket:0.0.0.0:9090
19652: 17:37:00.796 - Shutting down CLR applications...
19652: 17:37:00.800 - Shutting down business logic thread pool...
19776: 17:37:00.800 - CManagedHost::OnDefaultAction() - OPR_AppDomainUnload - eUnloadAppDomain
19652: 17:37:00.801 - Shutting down I/O thread pool...
19652: 17:37:00.801 - Destroying servers
19652: 17:37:00.801 - Destroying WebSocket Outbound Connection Manager
19652: 17:37:00.801 - Destroying TCP Outbound Connection Manager
19652: 17:37:00.801 - Destroying TCP inactivity timer
19652: 17:37:00.801 - Destroying ENet timer wheel
19652: 17:37:00.801 - Destroying ENet host
19652: 17:37:00.801 - Destroying ENet outbound host
19652: 17:37:00.801 - Destroying HTTP inactivity timer
19652: 17:37:00.801 - Destroying HTTP host
19652: 17:37:00.801 - Destroying HTTP Chunk host
19652: 17:37:00.801 - Flushing ENET buffer allocator...
19652: 17:37:00.802 - Flushing TCP buffer handle allocator...
19652: 17:37:00.802 - Flushing stream socket allocator...
19652: 17:37:00.802 - Flushing inbound datagram socket allocator...
19652: 17:37:00.804 - Flushing outbound datagram socket allocator...
19652: 17:37:00.804 - Destroying CLR dispatcher
19652: 17:37:00.804 - Destroying CLR applications
19652: 17:37:00.804 - ~CCLRApplicationCollection() - Waiting up to 10 seconds for the CLR to release all of our objects
19772: 17:37:00.811 - Unloading Domain: ApplicationName = 'myConfig', DomainId='2'
19776: 17:37:00.832 - CManagedHost::OnDomainUnload() - 2
19652: 17:37:00.833 - ~CCLRApplicationCollection() - Done. All objects released
19652: 17:37:00.833 - ~CManagedHost() - Release default app domain
19652: 17:37:00.833 - CManagedHost::OnDomainUnload() - 1
19652: 17:37:00.833 - ~CManagedHost() - Waiting up to 10 seconds for CLR shutdown...
19652: 17:37:00.833 - ~CManagedHost
19652: 17:37:00.833 - Destroying ENet thread pool
19652: 17:37:00.833 - Destroying Business logic thread pool
19652: 17:37:00.833 - Destroying I/O thread pool
19652: 17:37:00.833 - Destroying ENet buffer allocator
19652: 17:37:00.833 - Destroying TCP buffer allocator
19652: 17:37:00.833 - Destroying TCP socket allocator
19652: 17:37:00.833 - Destroying ENet inbound socket allocator
19652: 17:37:00.833 - Destroying ENet outbound socket allocator
19652: 17:37:00.833 - Destroying shared datagram flow control data
19652: 17:37:00.833 - Shutdown complete...
19652: 17:37:00.834 - Service shutting down
19652: 17:37:00.836 - Service shut down complete
22168: 17:38:38.858 - ---
22168: 17:38:38.858 - Service: "Photon Socket Server" starting
22168: 17:38:38.858 - Config File: C:\Users\duong\Desktop\XuSoMuonThu\ServerXuSoMuonThu\deploy\bin_Win64\PhotonServer.config
22168: 17:38:38.860 - Will produce at most: 10 crash dumps
22168: 17:38:38.860 - Action: run as exe
22168: 17:38:38.860 - Server Starting...
22168: 17:38:38.860 -    Tick count: 31873546 (wraps in: 49.3414 days)
22168: 17:38:38.860 - Tick count 64: 31873546
22168: 17:38:38.860 - Photon Version: 4.0.28.2962
22168: 17:38:38.860 - PID: 23992
22168: 17:38:38.860 - Config File: C:\Users\duong\Desktop\XuSoMuonThu\ServerXuSoMuonThu\deploy\bin_Win64\PhotonServer.config
22168: 17:38:38.860 - Will NOT log unimportant exceptions
22168: 17:38:38.862 - Not using performance counters as they are not currently installed. Run the service with /InstallCounters to install them.
22168: 17:38:38.862 - Shutdown timeout enabled: 30000ms
22168: 17:38:38.862 - Starting I/O thread pool with 2 threads
22168: 17:38:38.862 - Using Standard allocator
22168: 17:38:38.862 - Max message size: 512000
22168: 17:38:38.862 - Starting business logic thread pool with the following settings
22168: 17:38:38.862 - InitialThreads: 4 threads
22168: 17:38:38.862 - MinThreads: 4 threads
22168: 17:38:38.862 - Thread pool is fixed size
22168: 17:38:38.863 - Starting ENet thread pool with the following settings
22168: 17:38:38.863 - InitialThreads: 2 threads
22168: 17:38:38.863 - MinThreads: 2 threads
22168: 17:38:38.863 - Thread pool is fixed size
22168: 17:38:38.863 - OnlyDispatchTimers: False
22168: 17:38:38.863 - S2S: flow control: Max pending writes: 50
22168: 17:38:38.863 - S2S: flow control: Max queued buffers: 200
22168: 17:38:38.863 - S2S: flow control: Max pending writes MUX: 500
22168: 17:38:38.863 - S2S: flow control: Max queued buffers MUX: 2000
22168: 17:38:38.863 - S2S: MaxInboundMessageSize: 512000
22168: 17:38:38.863 - S2S: MaxOutboundMessageSize: 512000
22168: 17:38:38.863 - S2S: No inactivity timeout
22168: 17:38:38.865 - WebSocket S2S: MaxInboundMessageSize: 512000
22168: 17:38:38.865 - WebSocket S2S: MaxOutboundMessageSize: 512000
22168: 17:38:38.865 - WebSocket S2S: No inactivity timeout
22168: 17:38:38.865 - Max Reliable Data In Transit (awaiting ACKs) per peer : 51200 bytes
22168: 17:38:38.865 - Per peer bandwidth limit
22168: 17:38:38.865 - Transmit Rate Limit: 256 KB/Sec
22168: 17:38:38.865 - Limit period: 200ms
22168: 17:38:38.865 - Limit per period: 52428 bytes
22168: 17:38:38.865 - Max queued data for transmission per peer: 512000 bytes
22168: 17:38:38.865 - Minimum retransmit timeout: 200
22168: 17:38:38.865 - No Maximum retransmit timeout
22168: 17:38:38.865 - Minimum ENet timeout: 40000ms
22168: 17:38:38.865 - Maximum ENet timeout: 50000ms
22168: 17:38:38.865 - Max Inbound Reliable Data Queued (awaiting resends of earlier sequence numbers) per peer : 163840 bytes
22168: 17:38:38.865 - No RTT ACK adjustment timeout
22168: 17:38:38.865 - Outbound ENet: MaxInboundMessageSize: 512000
22168: 17:38:38.865 - Outbound ENet: MaxOutboundMessageSize: 512000
22168: 17:38:38.866 - GetRuntime - About to load CLR - versions available:
22168: 17:38:38.866 - v2.0.50727
22168: 17:38:38.866 - v4.0.30319
22168: 17:38:38.866 - Configuration requests: "v2.0.50727"
22168: 17:38:38.866 - About to load version: "v2.0.50727"
22168: 17:38:38.869 - About to load runtime: PhotonHostRuntime.PhotonDomainManager from PhotonHostRuntime, Culture=neutral, PublicKeyToken=02C301B61B060C4D
22168: 17:38:38.869 - CLRBaseDirectory set to "C:\Users\duong\Desktop\XuSoMuonThu\ServerXuSoMuonThu\deploy"
22168: 17:38:38.869 - Optimising event broadcast for 20 or more peers
22168: 17:38:38.870 - Start: About to load CLR - versions available:
22168: 17:38:38.870 - v2.0.50727
22168: 17:38:38.870 - v4.0.30319
22168: 17:38:38.870 - No preference in configuration file, will load latest.
22168: 17:38:38.870 - About to load version: "v4.0.30319"
22168: 17:38:38.870 - Loaded version: "v4.0.30319"
22168: 17:38:38.975 - Photon host runtime loaded
22168: 17:38:40.612 - License is valid.
22168: 17:38:40.612 - Licensed for 100 concurrent connections.
22168: 17:38:40.612 - ENet: Max Reliable Data In Transit (awaiting ACKs) per peer : 51200 bytes
22168: 17:38:40.612 - ENet: Per peer bandwidth limit
22168: 17:38:40.612 - ENet: Transmit Rate Limit: 256 KB/Sec
22168: 17:38:40.612 - ENet: Limit period: 200ms
22168: 17:38:40.612 - ENet: Limit per period: 52428 bytes
22168: 17:38:40.612 - ENet: Max queued data for transmission per peer: 512000 bytes
22168: 17:38:40.612 - ENet: Minimum retransmit timeout: 200
22168: 17:38:40.612 - No Maximum retransmit timeout
22168: 17:38:40.612 - ENet: Minimum timeout: 40000ms
22168: 17:38:40.612 - ENet: Maximum timeout: 50000ms
22168: 17:38:40.612 - ENet: Max Inbound Reliable Data Queued (awaiting resends of earlier sequence numbers) per peer : 163840 bytes
22168: 17:38:40.612 - No RTT ACK adjustment timeout
22168: 17:38:40.612 - About to load application: myConfig from srcServerXuSoMuonThu
22168: 17:38:40.656 - Taking reference on default app domain
22168: 17:38:40.714 - Application: "myConfig" started in app domain: 2
22168: 17:38:40.715 - Adding TCP listener on: 0.0.0.0: 4530 with a listen backlog of: 150
22168: 17:38:40.715 - TCP inactivity timeout: 10000ms
22168: 17:38:40.715 - TCP disconnect timeout: 120000ms
22168: 17:38:40.715 - MaxInboundMessageSize: 512000
22168: 17:38:40.715 - MaxOutboundMessageSize: 512000
22168: 17:38:40.715 - Forcing all applications ids to: "myConfig"
22168: 17:38:40.715 - Serving policy file requests from: "C:\Users\duong\Desktop\XuSoMuonThu\ServerXuSoMuonThu\deploy\Policy\assets\socket-policy.xml"
22168: 17:38:40.715 - Adding TCP listener on: 0.0.0.0: 4520 with a listen backlog of: 150
22168: 17:38:40.715 - TCP inactivity timeout: 5000ms
22168: 17:38:40.715 - TCP disconnect timeout: 120000ms
22168: 17:38:40.715 - MaxInboundMessageSize: 512000
22168: 17:38:40.715 - MaxOutboundMessageSize: 512000
22168: 17:38:40.715 - Forcing all applications ids to: "myConfig"
22168: 17:38:40.715 - MaxInboundMessageSize: 512000
22168: 17:38:40.715 - MaxOutboundMessageSize: 512000
22168: 17:38:40.715 - UDP address specified as: "0.0.0.0" adding listener to each available IPv4 address
22168: 17:38:40.715 - Adding UDP listener on: 192.168.241.128: 5055 with a listen backlog of: 500
22168: 17:38:40.715 - Adding UDP listener on: 127.0.0.1: 5055 with a listen backlog of: 500
22168: 17:38:40.715 - Adding WebSocket TCP listener on: 0.0.0.0: 9090 with a listen backlog of: 150
22168: 17:38:40.715 - Nagle disabled
22168: 17:38:40.715 - TCP inactivity timeout: 10000ms
22168: 17:38:40.715 - MaxInboundMessageSize: 512000
22168: 17:38:40.716 - MaxOutboundMessageSize: 512000
22168: 17:38:40.716 - Forcing all applications ids to: "myConfig"
22168: 17:38:40.716 - Will accept ANY sub-protocols from the client
22168: 17:38:40.716 - No automatic WebSocket ping
22168: 17:38:40.716 - Adding Policy File listener on: 0.0.0.0: 843 with a listen backlog of: 150 and serving Policy File: "C:\Users\duong\Desktop\XuSoMuonThu\ServerXuSoMuonThu\deploy\Policy\assets\socket-policy.xml"
22168: 17:38:40.716 - TCP inactivity timeout: 1000ms
22168: 17:38:40.716 - Adding Policy File listener on: 0.0.0.0: 943 with a listen backlog of: 150 and serving Policy File: "C:\Users\duong\Desktop\XuSoMuonThu\ServerXuSoMuonThu\deploy\Policy\assets\socket-policy-silverlight.xml"
22168: 17:38:40.716 - TCP inactivity timeout: 1000ms
22168: 17:38:40.734 - Service is running...
