28044: 15:00:27.219 - ---
28044: 15:00:27.219 - Service: "Photon Socket Server" starting
28044: 15:00:27.219 - Config File: C:\Users\duong\Desktop\XuSoMuonThu\ServerXuSoMuonThu\deploy\bin_Win64\PhotonServer.config
28044: 15:00:27.221 - Will produce at most: 10 crash dumps
28044: 15:00:27.221 - Service shutting down
28044: 15:00:27.222 - Service shut down complete
12144: 15:43:11.152 - ---
12144: 15:43:11.152 - Service: "Photon Socket Server" starting
12144: 15:43:11.152 - Config File: C:\Users\duong\Desktop\XuSoMuonThu\ServerXuSoMuonThu\deploy\bin_Win64\PhotonServer.config
12144: 15:43:11.154 - Will produce at most: 10 crash dumps
12144: 15:43:11.154 - Service shutting down
12144: 15:43:11.156 - Service shut down complete
29292: 15:56:46.780 - ---
29292: 15:56:46.780 - Service: "Photon Socket Server" starting
29292: 15:56:46.784 - Config File: C:\Users\duong\Desktop\XuSoMuonThu\ServerXuSoMuonThu\deploy\bin_Win64\PhotonServer.config
29292: 15:56:46.793 - Will produce at most: 10 crash dumps
29292: 15:56:46.793 - Service shutting down
29292: 15:56:46.802 - Service shut down complete
20204: 16:00:01.523 - ---
20204: 16:00:01.523 - Service: "Photon Socket Server" starting
20204: 16:00:01.523 - Config File: C:\Users\duong\Desktop\XuSoMuonThu\ServerXuSoMuonThu\deploy\bin_Win64\PhotonServer.config
20204: 16:00:01.525 - Will produce at most: 10 crash dumps
20204: 16:00:01.525 - Service shutting down
20204: 16:00:01.526 - Service shut down complete
14880: 16:06:44.361 - ---
14880: 16:06:44.362 - Service: "Photon Socket Server" starting
14880: 16:06:44.362 - Config File: C:\Users\duong\Desktop\XuSoMuonThu\ServerXuSoMuonThu\deploy\bin_Win64\PhotonServer.config
14880: 16:06:44.365 - Will produce at most: 10 crash dumps
14880: 16:06:44.365 - Service shutting down
14880: 16:06:44.368 - Service shut down complete
19680: 16:11:42.999 - ---
19680: 16:11:42.999 - Service: "Photon Socket Server" starting
19680: 16:11:43.019 - Config File: C:\Users\duong\Desktop\XuSoMuonThu\ServerXuSoMuonThu\deploy\bin_Win64\PhotonServer.config
19680: 16:11:43.025 - Will produce at most: 10 crash dumps
19680: 16:11:43.025 - Service shutting down
19680: 16:11:43.035 - Service shut down complete
5628: 16:13:40.630 - ---
5628: 16:13:40.630 - Service: "Photon Socket Server" starting
5628: 16:13:40.630 - Config File: C:\Users\duong\Desktop\XuSoMuonThu\ServerXuSoMuonThu\deploy\bin_Win64\PhotonServer.config
5628: 16:13:40.635 - Will produce at most: 10 crash dumps
5628: 16:13:40.635 - Service shutting down
5628: 16:13:40.641 - Service shut down complete
25540: 16:20:33.365 - ---
25540: 16:20:33.365 - Service: "Photon Socket Server" starting
25540: 16:20:33.366 - Config File: C:\Users\duong\Desktop\XuSoMuonThu\ServerXuSoMuonThu\deploy\bin_Win64\PhotonServer.config
25540: 16:20:33.369 - Will produce at most: 10 crash dumps
25540: 16:20:33.369 - Service shutting down
25540: 16:20:33.372 - Service shut down complete
27144: 16:21:05.464 - ---
27144: 16:21:05.464 - Service: "Photon Socket Server" starting
27144: 16:21:05.465 - Config File: C:\Users\duong\Desktop\XuSoMuonThu\ServerXuSoMuonThu\deploy\bin_Win64\PhotonServer.config
27144: 16:21:05.469 - Will produce at most: 10 crash dumps
27144: 16:21:05.469 - Service shutting down
27144: 16:21:05.473 - Service shut down complete
17332: 16:23:46.850 - ---
17332: 16:23:46.850 - Service: "Photon Socket Server" starting
17332: 16:23:46.851 - Config File: C:\Users\duong\Desktop\XuSoMuonThu\ServerXuSoMuonThu\deploy\bin_Win64\PhotonServer.config
17332: 16:23:46.858 - Will produce at most: 10 crash dumps
17332: 16:23:46.859 - Service shutting down
17332: 16:23:46.868 - Service shut down complete
15144: 16:29:06.156 - ---
15144: 16:29:06.156 - Service: "Photon Socket Server" starting
15144: 16:29:06.156 - Config File: C:\Users\duong\Desktop\XuSoMuonThu\ServerXuSoMuonThu\deploy\bin_Win64\PhotonServer.config
15144: 16:29:06.162 - Will produce at most: 10 crash dumps
15144: 16:29:06.162 - Service shutting down
15144: 16:29:06.166 - Service shut down complete
10388: 16:31:04.473 - ---
10388: 16:31:04.473 - Service: "Photon Socket Server" starting
10388: 16:31:04.474 - Config File: C:\Users\duong\Desktop\XuSoMuonThu\ServerXuSoMuonThu\deploy\bin_Win64\PhotonServer.config
10388: 16:31:04.475 - Will produce at most: 10 crash dumps
10388: 16:31:04.475 - Service shutting down
10388: 16:31:04.477 - Service shut down complete
15408: 16:32:43.906 - ---
15408: 16:32:43.906 - Service: "Photon Socket Server" starting
15408: 16:32:43.907 - Config File: C:\Users\duong\Desktop\XuSoMuonThu\ServerXuSoMuonThu\deploy\bin_Win64\PhotonServer.config
15408: 16:32:43.910 - Will produce at most: 10 crash dumps
15408: 16:32:43.911 - Service shutting down
15408: 16:32:43.913 - Service shut down complete
9828: 16:42:09.470 - ---
9828: 16:42:09.470 - Service: "Photon Socket Server" starting
9828: 16:42:09.470 - Config File: C:\Users\duong\Desktop\XuSoMuonThu\ServerXuSoMuonThu\deploy\bin_Win64\PhotonServer.config
9828: 16:42:09.479 - Will produce at most: 10 crash dumps
9828: 16:42:09.480 - Service shutting down
9828: 16:42:09.490 - Service shut down complete
28392: 22:22:39.568 - ---
28392: 22:22:39.568 - Service: "Photon Socket Server" starting
28392: 22:22:39.569 - Config File: C:\Users\duong\Desktop\XuSoMuonThu\ServerXuSoMuonThu\deploy\bin_Win64\PhotonServer.config
28392: 22:22:39.571 - Will produce at most: 10 crash dumps
28392: 22:22:39.571 - Service shutting down
28392: 22:22:39.572 - Service shut down complete
13568: 22:25:21.865 - ---
13568: 22:25:21.865 - Service: "Photon Socket Server" starting
13568: 22:25:21.865 - Config File: C:\Users\duong\Desktop\XuSoMuonThu\ServerXuSoMuonThu\deploy\bin_Win64\PhotonServer.config
13568: 22:25:21.869 - Will produce at most: 10 crash dumps
13568: 22:25:21.870 - Service shutting down
13568: 22:25:21.873 - Service shut down complete
13844: 22:31:23.610 - ---
13844: 22:31:23.610 - Service: "Photon Socket Server" starting
13844: 22:31:23.610 - Config File: C:\Users\duong\Desktop\XuSoMuonThu\ServerXuSoMuonThu\deploy\bin_Win64\PhotonServer.config
13844: 22:31:23.612 - Will produce at most: 10 crash dumps
13844: 22:31:23.612 - Service shutting down
13844: 22:31:23.613 - Service shut down complete
19800: 22:32:13.068 - ---
19800: 22:32:13.068 - Service: "Photon Socket Server" starting
19800: 22:32:13.068 - Config File: C:\Users\duong\Desktop\XuSoMuonThu\ServerXuSoMuonThu\deploy\bin_Win64\PhotonServer.config
19800: 22:32:13.071 - Will produce at most: 10 crash dumps
19800: 22:32:13.072 - Service shutting down
19800: 22:32:13.075 - Service shut down complete
16092: 22:33:42.368 - ---
16092: 22:33:42.368 - Service: "Photon Socket Server" starting
16092: 22:33:42.369 - Config File: C:\Users\duong\Desktop\XuSoMuonThu\ServerXuSoMuonThu\deploy\bin_Win64\PhotonServer.config
16092: 22:33:42.371 - Will produce at most: 10 crash dumps
16092: 22:33:42.371 - Service shutting down
16092: 22:33:42.373 - Service shut down complete
