20908: 01:29:59.237 - ---
20908: 01:29:59.237 - Service: "Photon Socket Server" starting
20908: 01:29:59.237 - Config File: C:\Users\duong\Desktop\XuSoMuonThu\ServerXuSoMuonThu\deploy\bin_Win64\PhotonServer.config
20908: 01:29:59.239 - Will produce at most: 10 crash dumps
20908: 01:29:59.239 - Action: run as exe
20908: 01:29:59.240 - Server Starting...
20908: 01:29:59.241 -    Tick count: 476266187 (wraps in: 44.1979 days)
20908: 01:29:59.241 - Tick count 64: 476266187
20908: 01:29:59.241 - Photon Version: 4.0.28.2962
20908: 01:29:59.241 - PID: 20904
20908: 01:29:59.241 - Config File: C:\Users\duong\Desktop\XuSoMuonThu\ServerXuSoMuonThu\deploy\bin_Win64\PhotonServer.config
20908: 01:29:59.241 - Will NOT log unimportant exceptions
20908: 01:29:59.246 - Not using performance counters as they are not currently installed. Run the service with /InstallCounters to install them.
20908: 01:29:59.246 - Shutdown timeout enabled: 30000ms
20908: 01:29:59.246 - Starting I/O thread pool with 2 threads
20908: 01:29:59.247 - Using Standard allocator
20908: 01:29:59.247 - Max message size: 512000
20908: 01:29:59.248 - Starting business logic thread pool with the following settings
20908: 01:29:59.248 - InitialThreads: 4 threads
20908: 01:29:59.248 - MinThreads: 4 threads
20908: 01:29:59.248 - Thread pool is fixed size
20908: 01:29:59.248 - Starting ENet thread pool with the following settings
20908: 01:29:59.248 - InitialThreads: 2 threads
20908: 01:29:59.248 - MinThreads: 2 threads
20908: 01:29:59.248 - Thread pool is fixed size
20908: 01:29:59.248 - OnlyDispatchTimers: False
20908: 01:29:59.248 - S2S: flow control: Max pending writes: 50
20908: 01:29:59.248 - S2S: flow control: Max queued buffers: 200
20908: 01:29:59.248 - S2S: flow control: Max pending writes MUX: 500
20908: 01:29:59.248 - S2S: flow control: Max queued buffers MUX: 2000
20908: 01:29:59.248 - S2S: MaxInboundMessageSize: 512000
20908: 01:29:59.248 - S2S: MaxOutboundMessageSize: 512000
20908: 01:29:59.248 - S2S: No inactivity timeout
20908: 01:29:59.252 - WebSocket S2S: MaxInboundMessageSize: 512000
20908: 01:29:59.252 - WebSocket S2S: MaxOutboundMessageSize: 512000
20908: 01:29:59.252 - WebSocket S2S: No inactivity timeout
20908: 01:29:59.253 - Max Reliable Data In Transit (awaiting ACKs) per peer : 51200 bytes
20908: 01:29:59.253 - Per peer bandwidth limit
20908: 01:29:59.253 - Transmit Rate Limit: 256 KB/Sec
20908: 01:29:59.253 - Limit period: 200ms
20908: 01:29:59.253 - Limit per period: 52428 bytes
20908: 01:29:59.253 - Max queued data for transmission per peer: 512000 bytes
20908: 01:29:59.253 - Minimum retransmit timeout: 200
20908: 01:29:59.253 - No Maximum retransmit timeout
20908: 01:29:59.253 - Minimum ENet timeout: 40000ms
20908: 01:29:59.253 - Maximum ENet timeout: 50000ms
20908: 01:29:59.253 - Max Inbound Reliable Data Queued (awaiting resends of earlier sequence numbers) per peer : 163840 bytes
20908: 01:29:59.253 - No RTT ACK adjustment timeout
20908: 01:29:59.253 - Outbound ENet: MaxInboundMessageSize: 512000
20908: 01:29:59.253 - Outbound ENet: MaxOutboundMessageSize: 512000
20908: 01:29:59.260 - GetRuntime - About to load CLR - versions available:
20908: 01:29:59.260 - v2.0.50727
20908: 01:29:59.260 - v4.0.30319
20908: 01:29:59.260 - Configuration requests: "v2.0.50727"
20908: 01:29:59.260 - About to load version: "v2.0.50727"
20908: 01:29:59.318 - About to load runtime: PhotonHostRuntime.PhotonDomainManager from PhotonHostRuntime, Culture=neutral, PublicKeyToken=02C301B61B060C4D
20908: 01:29:59.318 - CLRBaseDirectory set to "C:\Users\duong\Desktop\XuSoMuonThu\ServerXuSoMuonThu\deploy"
20908: 01:29:59.318 - Optimising event broadcast for 20 or more peers
20908: 01:29:59.320 - Start: About to load CLR - versions available:
20908: 01:29:59.320 - v2.0.50727
20908: 01:29:59.320 - v4.0.30319
20908: 01:29:59.320 - No preference in configuration file, will load latest.
20908: 01:29:59.320 - About to load version: "v4.0.30319"
20908: 01:29:59.321 - Loaded version: "v4.0.30319"
20908: 01:29:59.467 - Photon host runtime loaded
20908: 01:30:01.187 - License is valid.
20908: 01:30:01.187 - Licensed for 100 concurrent connections.
20908: 01:30:01.187 - ENet: Max Reliable Data In Transit (awaiting ACKs) per peer : 51200 bytes
20908: 01:30:01.187 - ENet: Per peer bandwidth limit
20908: 01:30:01.187 - ENet: Transmit Rate Limit: 256 KB/Sec
20908: 01:30:01.187 - ENet: Limit period: 200ms
20908: 01:30:01.187 - ENet: Limit per period: 52428 bytes
20908: 01:30:01.187 - ENet: Max queued data for transmission per peer: 512000 bytes
20908: 01:30:01.187 - ENet: Minimum retransmit timeout: 200
20908: 01:30:01.187 - No Maximum retransmit timeout
20908: 01:30:01.187 - ENet: Minimum timeout: 40000ms
20908: 01:30:01.187 - ENet: Maximum timeout: 50000ms
20908: 01:30:01.187 - ENet: Max Inbound Reliable Data Queued (awaiting resends of earlier sequence numbers) per peer : 163840 bytes
20908: 01:30:01.187 - No RTT ACK adjustment timeout
20908: 01:30:01.187 - About to load application: myConfig from srcServerXuSoMuonThu
20908: 01:30:01.307 - Taking reference on default app domain
20908: 01:30:01.551 - Application: "myConfig" started in app domain: 2
20908: 01:30:01.552 - Adding TCP listener on: 0.0.0.0: 4530 with a listen backlog of: 150
20908: 01:30:01.552 - TCP inactivity timeout: 10000ms
20908: 01:30:01.552 - TCP disconnect timeout: 120000ms
20908: 01:30:01.552 - MaxInboundMessageSize: 512000
20908: 01:30:01.552 - MaxOutboundMessageSize: 512000
20908: 01:30:01.552 - Forcing all applications ids to: "myConfig"
20908: 01:30:01.557 - Serving policy file requests from: "C:\Users\duong\Desktop\XuSoMuonThu\ServerXuSoMuonThu\deploy\Policy\assets\socket-policy.xml"
20908: 01:30:01.557 - Adding TCP listener on: 0.0.0.0: 4520 with a listen backlog of: 150
20908: 01:30:01.557 - TCP inactivity timeout: 5000ms
20908: 01:30:01.557 - TCP disconnect timeout: 120000ms
20908: 01:30:01.557 - MaxInboundMessageSize: 512000
20908: 01:30:01.557 - MaxOutboundMessageSize: 512000
20908: 01:30:01.557 - Forcing all applications ids to: "myConfig"
20908: 01:30:01.557 - MaxInboundMessageSize: 512000
20908: 01:30:01.557 - MaxOutboundMessageSize: 512000
20908: 01:30:01.557 - UDP address specified as: "0.0.0.0" adding listener to each available IPv4 address
20908: 01:30:01.557 - Adding UDP listener on: 192.168.1.6: 5055 with a listen backlog of: 500
20908: 01:30:01.557 - Adding UDP listener on: 127.0.0.1: 5055 with a listen backlog of: 500
20908: 01:30:01.557 - Adding WebSocket TCP listener on: 0.0.0.0: 9090 with a listen backlog of: 150
20908: 01:30:01.557 - Nagle disabled
20908: 01:30:01.558 - TCP inactivity timeout: 10000ms
20908: 01:30:01.558 - MaxInboundMessageSize: 512000
20908: 01:30:01.558 - MaxOutboundMessageSize: 512000
20908: 01:30:01.558 - Forcing all applications ids to: "myConfig"
20908: 01:30:01.558 - Will accept ANY sub-protocols from the client
20908: 01:30:01.558 - No automatic WebSocket ping
20908: 01:30:01.559 - Adding Policy File listener on: 0.0.0.0: 843 with a listen backlog of: 150 and serving Policy File: "C:\Users\duong\Desktop\XuSoMuonThu\ServerXuSoMuonThu\deploy\Policy\assets\socket-policy.xml"
20908: 01:30:01.559 - TCP inactivity timeout: 1000ms
20908: 01:30:01.568 - Adding Policy File listener on: 0.0.0.0: 943 with a listen backlog of: 150 and serving Policy File: "C:\Users\duong\Desktop\XuSoMuonThu\ServerXuSoMuonThu\deploy\Policy\assets\socket-policy-silverlight.xml"
20908: 01:30:01.568 - TCP inactivity timeout: 1000ms
20908: 01:30:01.593 - Service is running...
11464: 08:59:30.858 - ---
11464: 08:59:30.858 - Service: "Photon Socket Server" starting
11464: 08:59:30.858 - Config File: C:\Users\duong\Desktop\XuSoMuonThu\ServerXuSoMuonThu\deploy\bin_Win64\PhotonServer.config
11464: 08:59:30.860 - Will produce at most: 10 crash dumps
11464: 08:59:30.860 - Action: run as exe
11464: 08:59:30.861 - Server Starting...
11464: 08:59:30.861 -    Tick count: 503237812 (wraps in: 43.8858 days)
11464: 08:59:30.861 - Tick count 64: 503237812
11464: 08:59:30.861 - Photon Version: 4.0.28.2962
11464: 08:59:30.861 - PID: 9196
11464: 08:59:30.861 - Config File: C:\Users\duong\Desktop\XuSoMuonThu\ServerXuSoMuonThu\deploy\bin_Win64\PhotonServer.config
11464: 08:59:30.861 - Will NOT log unimportant exceptions
11464: 08:59:30.863 - Not using performance counters as they are not currently installed. Run the service with /InstallCounters to install them.
11464: 08:59:30.863 - Shutdown timeout enabled: 30000ms
11464: 08:59:30.863 - Starting I/O thread pool with 2 threads
11464: 08:59:30.863 - Using Standard allocator
11464: 08:59:30.863 - Max message size: 512000
11464: 08:59:30.863 - Starting business logic thread pool with the following settings
11464: 08:59:30.863 - InitialThreads: 4 threads
11464: 08:59:30.863 - MinThreads: 4 threads
11464: 08:59:30.863 - Thread pool is fixed size
11464: 08:59:30.863 - Starting ENet thread pool with the following settings
11464: 08:59:30.863 - InitialThreads: 2 threads
11464: 08:59:30.863 - MinThreads: 2 threads
11464: 08:59:30.863 - Thread pool is fixed size
11464: 08:59:30.863 - OnlyDispatchTimers: False
11464: 08:59:30.864 - S2S: flow control: Max pending writes: 50
11464: 08:59:30.864 - S2S: flow control: Max queued buffers: 200
11464: 08:59:30.864 - S2S: flow control: Max pending writes MUX: 500
11464: 08:59:30.864 - S2S: flow control: Max queued buffers MUX: 2000
11464: 08:59:30.864 - S2S: MaxInboundMessageSize: 512000
11464: 08:59:30.864 - S2S: MaxOutboundMessageSize: 512000
11464: 08:59:30.864 - S2S: No inactivity timeout
11464: 08:59:30.866 - WebSocket S2S: MaxInboundMessageSize: 512000
11464: 08:59:30.866 - WebSocket S2S: MaxOutboundMessageSize: 512000
11464: 08:59:30.866 - WebSocket S2S: No inactivity timeout
11464: 08:59:30.866 - Max Reliable Data In Transit (awaiting ACKs) per peer : 51200 bytes
11464: 08:59:30.866 - Per peer bandwidth limit
11464: 08:59:30.866 - Transmit Rate Limit: 256 KB/Sec
11464: 08:59:30.866 - Limit period: 200ms
11464: 08:59:30.866 - Limit per period: 52428 bytes
11464: 08:59:30.866 - Max queued data for transmission per peer: 512000 bytes
11464: 08:59:30.866 - Minimum retransmit timeout: 200
11464: 08:59:30.866 - No Maximum retransmit timeout
11464: 08:59:30.866 - Minimum ENet timeout: 40000ms
11464: 08:59:30.866 - Maximum ENet timeout: 50000ms
11464: 08:59:30.866 - Max Inbound Reliable Data Queued (awaiting resends of earlier sequence numbers) per peer : 163840 bytes
11464: 08:59:30.866 - No RTT ACK adjustment timeout
11464: 08:59:30.866 - Outbound ENet: MaxInboundMessageSize: 512000
11464: 08:59:30.866 - Outbound ENet: MaxOutboundMessageSize: 512000
11464: 08:59:30.867 - GetRuntime - About to load CLR - versions available:
11464: 08:59:30.867 - v2.0.50727
11464: 08:59:30.867 - v4.0.30319
11464: 08:59:30.867 - Configuration requests: "v2.0.50727"
11464: 08:59:30.867 - About to load version: "v2.0.50727"
11464: 08:59:30.874 - About to load runtime: PhotonHostRuntime.PhotonDomainManager from PhotonHostRuntime, Culture=neutral, PublicKeyToken=02C301B61B060C4D
11464: 08:59:30.874 - CLRBaseDirectory set to "C:\Users\duong\Desktop\XuSoMuonThu\ServerXuSoMuonThu\deploy"
11464: 08:59:30.874 - Optimising event broadcast for 20 or more peers
11464: 08:59:30.874 - Start: About to load CLR - versions available:
11464: 08:59:30.874 - v2.0.50727
11464: 08:59:30.874 - v4.0.30319
11464: 08:59:30.874 - No preference in configuration file, will load latest.
11464: 08:59:30.874 - About to load version: "v4.0.30319"
11464: 08:59:30.875 - Loaded version: "v4.0.30319"
11464: 08:59:31.015 - Photon host runtime loaded
11464: 08:59:32.603 - License is valid.
11464: 08:59:32.603 - Licensed for 100 concurrent connections.
11464: 08:59:32.603 - ENet: Max Reliable Data In Transit (awaiting ACKs) per peer : 51200 bytes
11464: 08:59:32.603 - ENet: Per peer bandwidth limit
11464: 08:59:32.603 - ENet: Transmit Rate Limit: 256 KB/Sec
11464: 08:59:32.603 - ENet: Limit period: 200ms
11464: 08:59:32.603 - ENet: Limit per period: 52428 bytes
11464: 08:59:32.603 - ENet: Max queued data for transmission per peer: 512000 bytes
11464: 08:59:32.603 - ENet: Minimum retransmit timeout: 200
11464: 08:59:32.603 - No Maximum retransmit timeout
11464: 08:59:32.603 - ENet: Minimum timeout: 40000ms
11464: 08:59:32.603 - ENet: Maximum timeout: 50000ms
11464: 08:59:32.603 - ENet: Max Inbound Reliable Data Queued (awaiting resends of earlier sequence numbers) per peer : 163840 bytes
11464: 08:59:32.603 - No RTT ACK adjustment timeout
11464: 08:59:32.603 - About to load application: myConfig from srcServerXuSoMuonThu
11464: 08:59:32.666 - Taking reference on default app domain
11464: 08:59:32.694 - Application: "myConfig" started in app domain: 2
11464: 08:59:32.694 - Adding TCP listener on: 0.0.0.0: 4530 with a listen backlog of: 150
11464: 08:59:32.694 - TCP inactivity timeout: 10000ms
11464: 08:59:32.694 - TCP disconnect timeout: 120000ms
11464: 08:59:32.694 - MaxInboundMessageSize: 512000
11464: 08:59:32.694 - MaxOutboundMessageSize: 512000
11464: 08:59:32.694 - Forcing all applications ids to: "myConfig"
11464: 08:59:32.698 - Serving policy file requests from: "C:\Users\duong\Desktop\XuSoMuonThu\ServerXuSoMuonThu\deploy\Policy\assets\socket-policy.xml"
11464: 08:59:32.700 - Adding TCP listener on: 0.0.0.0: 4520 with a listen backlog of: 150
11464: 08:59:32.700 - TCP inactivity timeout: 5000ms
11464: 08:59:32.700 - TCP disconnect timeout: 120000ms
11464: 08:59:32.700 - MaxInboundMessageSize: 512000
11464: 08:59:32.700 - MaxOutboundMessageSize: 512000
11464: 08:59:32.700 - Forcing all applications ids to: "myConfig"
11464: 08:59:32.700 - MaxInboundMessageSize: 512000
11464: 08:59:32.700 - MaxOutboundMessageSize: 512000
11464: 08:59:32.700 - UDP address specified as: "0.0.0.0" adding listener to each available IPv4 address
11464: 08:59:32.700 - Adding UDP listener on: 192.168.1.6: 5055 with a listen backlog of: 500
11464: 08:59:32.701 - Adding UDP listener on: 127.0.0.1: 5055 with a listen backlog of: 500
11464: 08:59:32.701 - Adding WebSocket TCP listener on: 0.0.0.0: 9090 with a listen backlog of: 150
11464: 08:59:32.701 - Nagle disabled
11464: 08:59:32.701 - TCP inactivity timeout: 10000ms
11464: 08:59:32.701 - MaxInboundMessageSize: 512000
11464: 08:59:32.701 - MaxOutboundMessageSize: 512000
11464: 08:59:32.701 - Forcing all applications ids to: "myConfig"
11464: 08:59:32.701 - Will accept ANY sub-protocols from the client
11464: 08:59:32.701 - No automatic WebSocket ping
11464: 08:59:32.703 - Adding Policy File listener on: 0.0.0.0: 843 with a listen backlog of: 150 and serving Policy File: "C:\Users\duong\Desktop\XuSoMuonThu\ServerXuSoMuonThu\deploy\Policy\assets\socket-policy.xml"
11464: 08:59:32.703 - TCP inactivity timeout: 1000ms
11464: 08:59:32.710 - Adding Policy File listener on: 0.0.0.0: 943 with a listen backlog of: 150 and serving Policy File: "C:\Users\duong\Desktop\XuSoMuonThu\ServerXuSoMuonThu\deploy\Policy\assets\socket-policy-silverlight.xml"
11464: 08:59:32.710 - TCP inactivity timeout: 1000ms
11464: 08:59:32.735 - Service is running...
6268: 15:47:16.284 - ---
6268: 15:47:16.284 - Service: "Photon Socket Server" starting
6268: 15:47:16.284 - Config File: C:\Users\duong\Desktop\XuSoMuonThu\ServerXuSoMuonThu\deploy\bin_Win64\PhotonServer.config
6268: 15:47:16.286 - Will produce at most: 10 crash dumps
6268: 15:47:16.286 - Action: run as exe
6268: 15:47:16.286 - Server Starting...
6268: 15:47:16.286 -    Tick count: 527703234 (wraps in: 43.6026 days)
6268: 15:47:16.286 - Tick count 64: 527703234
6268: 15:47:16.286 - Photon Version: 4.0.28.2962
6268: 15:47:16.286 - PID: 9556
6268: 15:47:16.286 - Config File: C:\Users\duong\Desktop\XuSoMuonThu\ServerXuSoMuonThu\deploy\bin_Win64\PhotonServer.config
6268: 15:47:16.287 - Will NOT log unimportant exceptions
6268: 15:47:16.288 - Not using performance counters as they are not currently installed. Run the service with /InstallCounters to install them.
6268: 15:47:16.288 - Shutdown timeout enabled: 30000ms
6268: 15:47:16.288 - Starting I/O thread pool with 2 threads
6268: 15:47:16.289 - Using Standard allocator
6268: 15:47:16.289 - Max message size: 512000
6268: 15:47:16.289 - Starting business logic thread pool with the following settings
6268: 15:47:16.289 - InitialThreads: 4 threads
6268: 15:47:16.289 - MinThreads: 4 threads
6268: 15:47:16.289 - Thread pool is fixed size
6268: 15:47:16.289 - Starting ENet thread pool with the following settings
6268: 15:47:16.289 - InitialThreads: 2 threads
6268: 15:47:16.289 - MinThreads: 2 threads
6268: 15:47:16.289 - Thread pool is fixed size
6268: 15:47:16.289 - OnlyDispatchTimers: False
6268: 15:47:16.289 - S2S: flow control: Max pending writes: 50
6268: 15:47:16.289 - S2S: flow control: Max queued buffers: 200
6268: 15:47:16.289 - S2S: flow control: Max pending writes MUX: 500
6268: 15:47:16.289 - S2S: flow control: Max queued buffers MUX: 2000
6268: 15:47:16.289 - S2S: MaxInboundMessageSize: 512000
6268: 15:47:16.289 - S2S: MaxOutboundMessageSize: 512000
6268: 15:47:16.289 - S2S: No inactivity timeout
6268: 15:47:16.292 - WebSocket S2S: MaxInboundMessageSize: 512000
6268: 15:47:16.292 - WebSocket S2S: MaxOutboundMessageSize: 512000
6268: 15:47:16.292 - WebSocket S2S: No inactivity timeout
6268: 15:47:16.292 - Max Reliable Data In Transit (awaiting ACKs) per peer : 51200 bytes
6268: 15:47:16.292 - Per peer bandwidth limit
6268: 15:47:16.292 - Transmit Rate Limit: 256 KB/Sec
6268: 15:47:16.292 - Limit period: 200ms
6268: 15:47:16.292 - Limit per period: 52428 bytes
6268: 15:47:16.292 - Max queued data for transmission per peer: 512000 bytes
6268: 15:47:16.292 - Minimum retransmit timeout: 200
6268: 15:47:16.292 - No Maximum retransmit timeout
6268: 15:47:16.292 - Minimum ENet timeout: 40000ms
6268: 15:47:16.292 - Maximum ENet timeout: 50000ms
6268: 15:47:16.292 - Max Inbound Reliable Data Queued (awaiting resends of earlier sequence numbers) per peer : 163840 bytes
6268: 15:47:16.292 - No RTT ACK adjustment timeout
6268: 15:47:16.292 - Outbound ENet: MaxInboundMessageSize: 512000
6268: 15:47:16.292 - Outbound ENet: MaxOutboundMessageSize: 512000
6268: 15:47:16.294 - GetRuntime - About to load CLR - versions available:
6268: 15:47:16.294 - v2.0.50727
6268: 15:47:16.294 - v4.0.30319
6268: 15:47:16.294 - Configuration requests: "v2.0.50727"
6268: 15:47:16.294 - About to load version: "v2.0.50727"
6268: 15:47:16.301 - About to load runtime: PhotonHostRuntime.PhotonDomainManager from PhotonHostRuntime, Culture=neutral, PublicKeyToken=02C301B61B060C4D
6268: 15:47:16.301 - CLRBaseDirectory set to "C:\Users\duong\Desktop\XuSoMuonThu\ServerXuSoMuonThu\deploy"
6268: 15:47:16.301 - Optimising event broadcast for 20 or more peers
6268: 15:47:16.302 - Start: About to load CLR - versions available:
6268: 15:47:16.302 - v2.0.50727
6268: 15:47:16.302 - v4.0.30319
6268: 15:47:16.302 - No preference in configuration file, will load latest.
6268: 15:47:16.302 - About to load version: "v4.0.30319"
6268: 15:47:16.303 - Loaded version: "v4.0.30319"
6268: 15:47:16.437 - Photon host runtime loaded
6268: 15:47:18.104 - License is valid.
6268: 15:47:18.104 - Licensed for 100 concurrent connections.
6268: 15:47:18.105 - ENet: Max Reliable Data In Transit (awaiting ACKs) per peer : 51200 bytes
6268: 15:47:18.105 - ENet: Per peer bandwidth limit
6268: 15:47:18.105 - ENet: Transmit Rate Limit: 256 KB/Sec
6268: 15:47:18.105 - ENet: Limit period: 200ms
6268: 15:47:18.105 - ENet: Limit per period: 52428 bytes
6268: 15:47:18.105 - ENet: Max queued data for transmission per peer: 512000 bytes
6268: 15:47:18.105 - ENet: Minimum retransmit timeout: 200
6268: 15:47:18.105 - No Maximum retransmit timeout
6268: 15:47:18.105 - ENet: Minimum timeout: 40000ms
6268: 15:47:18.105 - ENet: Maximum timeout: 50000ms
6268: 15:47:18.105 - ENet: Max Inbound Reliable Data Queued (awaiting resends of earlier sequence numbers) per peer : 163840 bytes
6268: 15:47:18.105 - No RTT ACK adjustment timeout
6268: 15:47:18.106 - About to load application: myConfig from srcServerXuSoMuonThu
6268: 15:47:18.270 - Taking reference on default app domain
6268: 15:47:18.529 - Application: "myConfig" started in app domain: 2
6268: 15:47:18.529 - Adding TCP listener on: 0.0.0.0: 4530 with a listen backlog of: 150
6268: 15:47:18.529 - TCP inactivity timeout: 10000ms
6268: 15:47:18.529 - TCP disconnect timeout: 120000ms
6268: 15:47:18.529 - MaxInboundMessageSize: 512000
6268: 15:47:18.529 - MaxOutboundMessageSize: 512000
6268: 15:47:18.529 - Forcing all applications ids to: "myConfig"
6268: 15:47:18.534 - Serving policy file requests from: "C:\Users\duong\Desktop\XuSoMuonThu\ServerXuSoMuonThu\deploy\Policy\assets\socket-policy.xml"
6268: 15:47:18.535 - Adding TCP listener on: 0.0.0.0: 4520 with a listen backlog of: 150
6268: 15:47:18.535 - TCP inactivity timeout: 5000ms
6268: 15:47:18.535 - TCP disconnect timeout: 120000ms
6268: 15:47:18.535 - MaxInboundMessageSize: 512000
6268: 15:47:18.535 - MaxOutboundMessageSize: 512000
6268: 15:47:18.535 - Forcing all applications ids to: "myConfig"
6268: 15:47:18.535 - MaxInboundMessageSize: 512000
6268: 15:47:18.535 - MaxOutboundMessageSize: 512000
6268: 15:47:18.535 - UDP address specified as: "0.0.0.0" adding listener to each available IPv4 address
6268: 15:47:18.536 - Adding UDP listener on: 192.168.1.6: 5055 with a listen backlog of: 500
6268: 15:47:18.536 - Adding UDP listener on: 127.0.0.1: 5055 with a listen backlog of: 500
6268: 15:47:18.536 - Adding WebSocket TCP listener on: 0.0.0.0: 9090 with a listen backlog of: 150
6268: 15:47:18.536 - Nagle disabled
6268: 15:47:18.536 - TCP inactivity timeout: 10000ms
6268: 15:47:18.536 - MaxInboundMessageSize: 512000
6268: 15:47:18.536 - MaxOutboundMessageSize: 512000
6268: 15:47:18.536 - Forcing all applications ids to: "myConfig"
6268: 15:47:18.536 - Will accept ANY sub-protocols from the client
6268: 15:47:18.536 - No automatic WebSocket ping
6268: 15:47:18.538 - Adding Policy File listener on: 0.0.0.0: 843 with a listen backlog of: 150 and serving Policy File: "C:\Users\duong\Desktop\XuSoMuonThu\ServerXuSoMuonThu\deploy\Policy\assets\socket-policy.xml"
6268: 15:47:18.538 - TCP inactivity timeout: 1000ms
6268: 15:47:18.546 - Adding Policy File listener on: 0.0.0.0: 943 with a listen backlog of: 150 and serving Policy File: "C:\Users\duong\Desktop\XuSoMuonThu\ServerXuSoMuonThu\deploy\Policy\assets\socket-policy-silverlight.xml"
6268: 15:47:18.546 - TCP inactivity timeout: 1000ms
6268: 15:47:18.569 - Service is running...
6268: 16:17:58.309 - Service is stopped...
6268: 16:17:58.310 - Server shutting down...
6268: 16:17:58.310 - Shutdown monitoring enabled, 30000ms before process abort
6268: 16:17:58.310 - Notifying CLR applications of shutdown...
6268: 16:17:58.310 - RequestApplicationStop: 2
6268: 16:17:58.312 - RequestStop: defalt app domain
6268: 16:17:58.314 - Shutting down WebSocket Outbound Connection Manager...
6268: 16:17:58.314 - Shutting down TCP Outbound Connection Manager...
6268: 16:17:58.314 - Shutting down ENet Outbound Connection Manager...
6268: 16:17:58.314 - Disconnecting all outbound peers...
6268: 16:17:58.315 - Shutting down ENet host...
6268: 16:17:58.315 - Disconnecting all peers...
6268: 16:17:58.315 - Shutting down socket servers...
6268: 16:17:58.315 - Shutting down ENet thread pool...
6268: 16:17:58.315 - Shutting down TCP inactivity timers...
6268: 16:17:58.315 - WaitingForShutdownToComplete: NativePolicy:0.0.0.0:843
6268: 16:17:58.315 - OnShutdownCompleted: NativePolicy:0.0.0.0:843
6268: 16:17:58.315 - WaitingForShutdownToComplete: NativePolicy:0.0.0.0:943
6268: 16:17:58.315 - OnShutdownCompleted: NativePolicy:0.0.0.0:943
6268: 16:17:58.315 - WaitingForShutdownToComplete: TCP:0.0.0.0:4520
6268: 16:17:58.315 - OnShutdownCompleted: TCP:0.0.0.0:4520
6268: 16:17:58.315 - WaitingForShutdownToComplete: TCP:0.0.0.0:4530
6268: 16:17:58.315 - OnShutdownCompleted: TCP:0.0.0.0:4530
6268: 16:17:58.315 - WaitingForShutdownToComplete: UDP:127.0.0.1:5055
6268: 16:17:58.315 - OnShutdownCompleted: UDP:127.0.0.1:5055
6268: 16:17:58.315 - WaitingForShutdownToComplete: UDP:192.168.1.6:5055
6268: 16:17:58.315 - OnShutdownCompleted: UDP:192.168.1.6:5055
6268: 16:17:58.315 - WaitingForShutdownToComplete: WebSocket:0.0.0.0:9090
6268: 16:17:58.315 - OnShutdownCompleted: WebSocket:0.0.0.0:9090
6268: 16:17:58.315 - Shutting down CLR applications...
6268: 16:17:58.318 - Shutting down business logic thread pool...
6068: 16:17:58.318 - CManagedHost::OnDefaultAction() - OPR_AppDomainUnload - eUnloadAppDomain
6268: 16:17:58.318 - Shutting down I/O thread pool...
6268: 16:17:58.319 - Destroying servers
6268: 16:17:58.319 - Destroying WebSocket Outbound Connection Manager
6268: 16:17:58.319 - Destroying TCP Outbound Connection Manager
6268: 16:17:58.319 - Destroying TCP inactivity timer
6268: 16:17:58.319 - Destroying ENet timer wheel
6268: 16:17:58.319 - Destroying ENet host
6268: 16:17:58.319 - Destroying ENet outbound host
6268: 16:17:58.319 - Destroying HTTP inactivity timer
6268: 16:17:58.319 - Destroying HTTP host
6268: 16:17:58.319 - Destroying HTTP Chunk host
6268: 16:17:58.319 - Flushing ENET buffer allocator...
6268: 16:17:58.320 - Flushing TCP buffer handle allocator...
6268: 16:17:58.320 - Flushing stream socket allocator...
6268: 16:17:58.320 - Flushing inbound datagram socket allocator...
6268: 16:17:58.321 - Flushing outbound datagram socket allocator...
6268: 16:17:58.321 - Destroying CLR dispatcher
6268: 16:17:58.321 - Destroying CLR applications
6268: 16:17:58.321 - ~CCLRApplicationCollection() - Waiting up to 10 seconds for the CLR to release all of our objects
7540: 16:17:58.328 - Unloading Domain: ApplicationName = 'myConfig', DomainId='2'
6068: 16:17:58.356 - CManagedHost::OnDomainUnload() - 2
6268: 16:17:58.357 - ~CCLRApplicationCollection() - Done. All objects released
6268: 16:17:58.357 - ~CManagedHost() - Release default app domain
6268: 16:17:58.357 - CManagedHost::OnDomainUnload() - 1
6268: 16:17:58.357 - ~CManagedHost() - Waiting up to 10 seconds for CLR shutdown...
6268: 16:17:58.357 - ~CManagedHost
6268: 16:17:58.357 - Destroying ENet thread pool
6268: 16:17:58.357 - Destroying Business logic thread pool
6268: 16:17:58.357 - Destroying I/O thread pool
6268: 16:17:58.357 - Destroying ENet buffer allocator
6268: 16:17:58.357 - Destroying TCP buffer allocator
6268: 16:17:58.357 - Destroying TCP socket allocator
6268: 16:17:58.357 - Destroying ENet inbound socket allocator
6268: 16:17:58.357 - Destroying ENet outbound socket allocator
6268: 16:17:58.357 - Destroying shared datagram flow control data
6268: 16:17:58.358 - Shutdown complete...
6268: 16:17:58.358 - Service shutting down
6268: 16:17:58.360 - Service shut down complete
18356: 16:18:06.220 - ---
18356: 16:18:06.220 - Service: "Photon Socket Server" starting
18356: 16:18:06.220 - Config File: C:\Users\duong\Desktop\XuSoMuonThu\ServerXuSoMuonThu\deploy\bin_Win64\PhotonServer.config
18356: 16:18:06.221 - Will produce at most: 10 crash dumps
18356: 16:18:06.221 - Action: run as exe
18356: 16:18:06.222 - Server Starting...
18356: 16:18:06.222 -    Tick count: 529553171 (wraps in: 43.5812 days)
18356: 16:18:06.222 - Tick count 64: 529553171
18356: 16:18:06.222 - Photon Version: 4.0.28.2962
18356: 16:18:06.222 - PID: 10784
18356: 16:18:06.222 - Config File: C:\Users\duong\Desktop\XuSoMuonThu\ServerXuSoMuonThu\deploy\bin_Win64\PhotonServer.config
18356: 16:18:06.222 - Will NOT log unimportant exceptions
18356: 16:18:06.224 - Not using performance counters as they are not currently installed. Run the service with /InstallCounters to install them.
18356: 16:18:06.224 - Shutdown timeout enabled: 30000ms
18356: 16:18:06.224 - Starting I/O thread pool with 2 threads
18356: 16:18:06.224 - Using Standard allocator
18356: 16:18:06.224 - Max message size: 512000
18356: 16:18:06.224 - Starting business logic thread pool with the following settings
18356: 16:18:06.224 - InitialThreads: 4 threads
18356: 16:18:06.224 - MinThreads: 4 threads
18356: 16:18:06.224 - Thread pool is fixed size
18356: 16:18:06.224 - Starting ENet thread pool with the following settings
18356: 16:18:06.224 - InitialThreads: 2 threads
18356: 16:18:06.224 - MinThreads: 2 threads
18356: 16:18:06.224 - Thread pool is fixed size
18356: 16:18:06.224 - OnlyDispatchTimers: False
18356: 16:18:06.224 - S2S: flow control: Max pending writes: 50
18356: 16:18:06.224 - S2S: flow control: Max queued buffers: 200
18356: 16:18:06.224 - S2S: flow control: Max pending writes MUX: 500
18356: 16:18:06.224 - S2S: flow control: Max queued buffers MUX: 2000
18356: 16:18:06.224 - S2S: MaxInboundMessageSize: 512000
18356: 16:18:06.224 - S2S: MaxOutboundMessageSize: 512000
18356: 16:18:06.224 - S2S: No inactivity timeout
18356: 16:18:06.227 - WebSocket S2S: MaxInboundMessageSize: 512000
18356: 16:18:06.227 - WebSocket S2S: MaxOutboundMessageSize: 512000
18356: 16:18:06.227 - WebSocket S2S: No inactivity timeout
18356: 16:18:06.227 - Max Reliable Data In Transit (awaiting ACKs) per peer : 51200 bytes
18356: 16:18:06.227 - Per peer bandwidth limit
18356: 16:18:06.227 - Transmit Rate Limit: 256 KB/Sec
18356: 16:18:06.227 - Limit period: 200ms
18356: 16:18:06.227 - Limit per period: 52428 bytes
18356: 16:18:06.227 - Max queued data for transmission per peer: 512000 bytes
18356: 16:18:06.227 - Minimum retransmit timeout: 200
18356: 16:18:06.227 - No Maximum retransmit timeout
18356: 16:18:06.227 - Minimum ENet timeout: 40000ms
18356: 16:18:06.227 - Maximum ENet timeout: 50000ms
18356: 16:18:06.227 - Max Inbound Reliable Data Queued (awaiting resends of earlier sequence numbers) per peer : 163840 bytes
18356: 16:18:06.227 - No RTT ACK adjustment timeout
18356: 16:18:06.227 - Outbound ENet: MaxInboundMessageSize: 512000
18356: 16:18:06.227 - Outbound ENet: MaxOutboundMessageSize: 512000
18356: 16:18:06.228 - GetRuntime - About to load CLR - versions available:
18356: 16:18:06.228 - v2.0.50727
18356: 16:18:06.228 - v4.0.30319
18356: 16:18:06.228 - Configuration requests: "v2.0.50727"
18356: 16:18:06.228 - About to load version: "v2.0.50727"
18356: 16:18:06.231 - About to load runtime: PhotonHostRuntime.PhotonDomainManager from PhotonHostRuntime, Culture=neutral, PublicKeyToken=02C301B61B060C4D
18356: 16:18:06.231 - CLRBaseDirectory set to "C:\Users\duong\Desktop\XuSoMuonThu\ServerXuSoMuonThu\deploy"
18356: 16:18:06.231 - Optimising event broadcast for 20 or more peers
18356: 16:18:06.232 - Start: About to load CLR - versions available:
18356: 16:18:06.232 - v2.0.50727
18356: 16:18:06.232 - v4.0.30319
18356: 16:18:06.232 - No preference in configuration file, will load latest.
18356: 16:18:06.232 - About to load version: "v4.0.30319"
18356: 16:18:06.233 - Loaded version: "v4.0.30319"
18356: 16:18:06.349 - Photon host runtime loaded
18356: 16:18:08.003 - License is valid.
18356: 16:18:08.003 - Licensed for 100 concurrent connections.
18356: 16:18:08.003 - ENet: Max Reliable Data In Transit (awaiting ACKs) per peer : 51200 bytes
18356: 16:18:08.003 - ENet: Per peer bandwidth limit
18356: 16:18:08.003 - ENet: Transmit Rate Limit: 256 KB/Sec
18356: 16:18:08.003 - ENet: Limit period: 200ms
18356: 16:18:08.003 - ENet: Limit per period: 52428 bytes
18356: 16:18:08.003 - ENet: Max queued data for transmission per peer: 512000 bytes
18356: 16:18:08.003 - ENet: Minimum retransmit timeout: 200
18356: 16:18:08.003 - No Maximum retransmit timeout
18356: 16:18:08.003 - ENet: Minimum timeout: 40000ms
18356: 16:18:08.003 - ENet: Maximum timeout: 50000ms
18356: 16:18:08.003 - ENet: Max Inbound Reliable Data Queued (awaiting resends of earlier sequence numbers) per peer : 163840 bytes
18356: 16:18:08.003 - No RTT ACK adjustment timeout
18356: 16:18:08.004 - About to load application: myConfig from srcServerXuSoMuonThu
18356: 16:18:08.063 - Taking reference on default app domain
18356: 16:18:08.148 - Application: "myConfig" started in app domain: 2
18356: 16:18:08.148 - Adding TCP listener on: 0.0.0.0: 4530 with a listen backlog of: 150
18356: 16:18:08.148 - TCP inactivity timeout: 10000ms
18356: 16:18:08.148 - TCP disconnect timeout: 120000ms
18356: 16:18:08.148 - MaxInboundMessageSize: 512000
18356: 16:18:08.148 - MaxOutboundMessageSize: 512000
18356: 16:18:08.148 - Forcing all applications ids to: "myConfig"
18356: 16:18:08.148 - Serving policy file requests from: "C:\Users\duong\Desktop\XuSoMuonThu\ServerXuSoMuonThu\deploy\Policy\assets\socket-policy.xml"
18356: 16:18:08.148 - Adding TCP listener on: 0.0.0.0: 4520 with a listen backlog of: 150
18356: 16:18:08.148 - TCP inactivity timeout: 5000ms
18356: 16:18:08.148 - TCP disconnect timeout: 120000ms
18356: 16:18:08.148 - MaxInboundMessageSize: 512000
18356: 16:18:08.148 - MaxOutboundMessageSize: 512000
18356: 16:18:08.148 - Forcing all applications ids to: "myConfig"
18356: 16:18:08.148 - MaxInboundMessageSize: 512000
18356: 16:18:08.148 - MaxOutboundMessageSize: 512000
18356: 16:18:08.148 - UDP address specified as: "0.0.0.0" adding listener to each available IPv4 address
18356: 16:18:08.148 - Adding UDP listener on: 192.168.1.6: 5055 with a listen backlog of: 500
18356: 16:18:08.149 - Adding UDP listener on: 127.0.0.1: 5055 with a listen backlog of: 500
18356: 16:18:08.149 - Adding WebSocket TCP listener on: 0.0.0.0: 9090 with a listen backlog of: 150
18356: 16:18:08.149 - Nagle disabled
18356: 16:18:08.149 - TCP inactivity timeout: 10000ms
18356: 16:18:08.149 - MaxInboundMessageSize: 512000
18356: 16:18:08.149 - MaxOutboundMessageSize: 512000
18356: 16:18:08.149 - Forcing all applications ids to: "myConfig"
18356: 16:18:08.149 - Will accept ANY sub-protocols from the client
18356: 16:18:08.149 - No automatic WebSocket ping
18356: 16:18:08.149 - Adding Policy File listener on: 0.0.0.0: 843 with a listen backlog of: 150 and serving Policy File: "C:\Users\duong\Desktop\XuSoMuonThu\ServerXuSoMuonThu\deploy\Policy\assets\socket-policy.xml"
18356: 16:18:08.149 - TCP inactivity timeout: 1000ms
18356: 16:18:08.149 - Adding Policy File listener on: 0.0.0.0: 943 with a listen backlog of: 150 and serving Policy File: "C:\Users\duong\Desktop\XuSoMuonThu\ServerXuSoMuonThu\deploy\Policy\assets\socket-policy-silverlight.xml"
18356: 16:18:08.149 - TCP inactivity timeout: 1000ms
18356: 16:18:08.170 - Service is running...
18356: 16:33:44.436 - Service is stopped...
18356: 16:33:44.437 - Server shutting down...
18356: 16:33:44.437 - Shutdown monitoring enabled, 30000ms before process abort
18356: 16:33:44.437 - Notifying CLR applications of shutdown...
18356: 16:33:44.437 - RequestApplicationStop: 2
18356: 16:33:44.441 - RequestStop: defalt app domain
18356: 16:33:44.442 - Shutting down WebSocket Outbound Connection Manager...
18356: 16:33:44.442 - Shutting down TCP Outbound Connection Manager...
18356: 16:33:44.442 - Shutting down ENet Outbound Connection Manager...
18356: 16:33:44.442 - Disconnecting all outbound peers...
18356: 16:33:44.442 - Shutting down ENet host...
18356: 16:33:44.442 - Disconnecting all peers...
18356: 16:33:44.442 - Shutting down socket servers...
18356: 16:33:44.442 - Shutting down ENet thread pool...
18356: 16:33:44.442 - Shutting down TCP inactivity timers...
18356: 16:33:44.442 - WaitingForShutdownToComplete: NativePolicy:0.0.0.0:843
18356: 16:33:44.442 - OnShutdownCompleted: NativePolicy:0.0.0.0:843
18356: 16:33:44.442 - WaitingForShutdownToComplete: NativePolicy:0.0.0.0:943
18356: 16:33:44.442 - OnShutdownCompleted: NativePolicy:0.0.0.0:943
18356: 16:33:44.442 - WaitingForShutdownToComplete: TCP:0.0.0.0:4520
18356: 16:33:44.442 - OnShutdownCompleted: TCP:0.0.0.0:4520
18356: 16:33:44.442 - WaitingForShutdownToComplete: TCP:0.0.0.0:4530
18356: 16:33:44.442 - OnShutdownCompleted: TCP:0.0.0.0:4530
18356: 16:33:44.442 - WaitingForShutdownToComplete: UDP:127.0.0.1:5055
18356: 16:33:44.442 - OnShutdownCompleted: UDP:127.0.0.1:5055
18356: 16:33:44.442 - WaitingForShutdownToComplete: UDP:192.168.1.6:5055
18356: 16:33:44.442 - OnShutdownCompleted: UDP:192.168.1.6:5055
18356: 16:33:44.442 - WaitingForShutdownToComplete: WebSocket:0.0.0.0:9090
18356: 16:33:44.442 - OnShutdownCompleted: WebSocket:0.0.0.0:9090
18356: 16:33:44.442 - Shutting down CLR applications...
18356: 16:33:44.445 - Shutting down business logic thread pool...
24860: 16:33:44.445 - CManagedHost::OnDefaultAction() - OPR_AppDomainUnload - eUnloadAppDomain
18356: 16:33:44.445 - Shutting down I/O thread pool...
18356: 16:33:44.445 - Destroying servers
18356: 16:33:44.446 - Destroying WebSocket Outbound Connection Manager
18356: 16:33:44.446 - Destroying TCP Outbound Connection Manager
18356: 16:33:44.446 - Destroying TCP inactivity timer
18356: 16:33:44.446 - Destroying ENet timer wheel
18356: 16:33:44.446 - Destroying ENet host
18356: 16:33:44.446 - Destroying ENet outbound host
18356: 16:33:44.446 - Destroying HTTP inactivity timer
18356: 16:33:44.446 - Destroying HTTP host
18356: 16:33:44.446 - Destroying HTTP Chunk host
18356: 16:33:44.446 - Flushing ENET buffer allocator...
18356: 16:33:44.446 - Flushing TCP buffer handle allocator...
18356: 16:33:44.446 - Flushing stream socket allocator...
18356: 16:33:44.447 - Flushing inbound datagram socket allocator...
18356: 16:33:44.448 - Flushing outbound datagram socket allocator...
18356: 16:33:44.448 - Destroying CLR dispatcher
18356: 16:33:44.448 - Destroying CLR applications
18356: 16:33:44.448 - ~CCLRApplicationCollection() - Waiting up to 10 seconds for the CLR to release all of our objects
8104: 16:33:44.452 - Unloading Domain: ApplicationName = 'myConfig', DomainId='2'
24860: 16:33:44.479 - CManagedHost::OnDomainUnload() - 2
18356: 16:33:44.480 - ~CCLRApplicationCollection() - Done. All objects released
18356: 16:33:44.481 - ~CManagedHost() - Release default app domain
18356: 16:33:44.481 - CManagedHost::OnDomainUnload() - 1
18356: 16:33:44.481 - ~CManagedHost() - Waiting up to 10 seconds for CLR shutdown...
18356: 16:33:44.481 - ~CManagedHost
18356: 16:33:44.481 - Destroying ENet thread pool
18356: 16:33:44.481 - Destroying Business logic thread pool
18356: 16:33:44.481 - Destroying I/O thread pool
18356: 16:33:44.481 - Destroying ENet buffer allocator
18356: 16:33:44.481 - Destroying TCP buffer allocator
18356: 16:33:44.481 - Destroying TCP socket allocator
18356: 16:33:44.481 - Destroying ENet inbound socket allocator
18356: 16:33:44.481 - Destroying ENet outbound socket allocator
18356: 16:33:44.481 - Destroying shared datagram flow control data
18356: 16:33:44.481 - Shutdown complete...
18356: 16:33:44.481 - Service shutting down
18356: 16:33:44.483 - Service shut down complete
16796: 16:33:54.607 - ---
16796: 16:33:54.607 - Service: "Photon Socket Server" starting
16796: 16:33:54.607 - Config File: C:\Users\duong\Desktop\XuSoMuonThu\ServerXuSoMuonThu\deploy\bin_Win64\PhotonServer.config
16796: 16:33:54.608 - Will produce at most: 10 crash dumps
16796: 16:33:54.609 - Action: run as exe
16796: 16:33:54.609 - Server Starting...
16796: 16:33:54.609 -    Tick count: 530501562 (wraps in: 43.5702 days)
16796: 16:33:54.609 - Tick count 64: 530501562
16796: 16:33:54.609 - Photon Version: 4.0.28.2962
16796: 16:33:54.609 - PID: 10836
16796: 16:33:54.609 - Config File: C:\Users\duong\Desktop\XuSoMuonThu\ServerXuSoMuonThu\deploy\bin_Win64\PhotonServer.config
16796: 16:33:54.609 - Will NOT log unimportant exceptions
16796: 16:33:54.611 - Not using performance counters as they are not currently installed. Run the service with /InstallCounters to install them.
16796: 16:33:54.612 - Shutdown timeout enabled: 30000ms
16796: 16:33:54.612 - Starting I/O thread pool with 2 threads
16796: 16:33:54.612 - Using Standard allocator
16796: 16:33:54.612 - Max message size: 512000
16796: 16:33:54.612 - Starting business logic thread pool with the following settings
16796: 16:33:54.612 - InitialThreads: 4 threads
16796: 16:33:54.612 - MinThreads: 4 threads
16796: 16:33:54.612 - Thread pool is fixed size
16796: 16:33:54.612 - Starting ENet thread pool with the following settings
16796: 16:33:54.612 - InitialThreads: 2 threads
16796: 16:33:54.612 - MinThreads: 2 threads
16796: 16:33:54.612 - Thread pool is fixed size
16796: 16:33:54.612 - OnlyDispatchTimers: False
16796: 16:33:54.612 - S2S: flow control: Max pending writes: 50
16796: 16:33:54.612 - S2S: flow control: Max queued buffers: 200
16796: 16:33:54.612 - S2S: flow control: Max pending writes MUX: 500
16796: 16:33:54.612 - S2S: flow control: Max queued buffers MUX: 2000
16796: 16:33:54.612 - S2S: MaxInboundMessageSize: 512000
16796: 16:33:54.612 - S2S: MaxOutboundMessageSize: 512000
16796: 16:33:54.612 - S2S: No inactivity timeout
16796: 16:33:54.614 - WebSocket S2S: MaxInboundMessageSize: 512000
16796: 16:33:54.614 - WebSocket S2S: MaxOutboundMessageSize: 512000
16796: 16:33:54.614 - WebSocket S2S: No inactivity timeout
16796: 16:33:54.614 - Max Reliable Data In Transit (awaiting ACKs) per peer : 51200 bytes
16796: 16:33:54.614 - Per peer bandwidth limit
16796: 16:33:54.614 - Transmit Rate Limit: 256 KB/Sec
16796: 16:33:54.614 - Limit period: 200ms
16796: 16:33:54.614 - Limit per period: 52428 bytes
16796: 16:33:54.614 - Max queued data for transmission per peer: 512000 bytes
16796: 16:33:54.614 - Minimum retransmit timeout: 200
16796: 16:33:54.614 - No Maximum retransmit timeout
16796: 16:33:54.614 - Minimum ENet timeout: 40000ms
16796: 16:33:54.614 - Maximum ENet timeout: 50000ms
16796: 16:33:54.614 - Max Inbound Reliable Data Queued (awaiting resends of earlier sequence numbers) per peer : 163840 bytes
16796: 16:33:54.614 - No RTT ACK adjustment timeout
16796: 16:33:54.614 - Outbound ENet: MaxInboundMessageSize: 512000
16796: 16:33:54.614 - Outbound ENet: MaxOutboundMessageSize: 512000
16796: 16:33:54.615 - GetRuntime - About to load CLR - versions available:
16796: 16:33:54.615 - v2.0.50727
16796: 16:33:54.615 - v4.0.30319
16796: 16:33:54.615 - Configuration requests: "v2.0.50727"
16796: 16:33:54.615 - About to load version: "v2.0.50727"
16796: 16:33:54.619 - About to load runtime: PhotonHostRuntime.PhotonDomainManager from PhotonHostRuntime, Culture=neutral, PublicKeyToken=02C301B61B060C4D
16796: 16:33:54.619 - CLRBaseDirectory set to "C:\Users\duong\Desktop\XuSoMuonThu\ServerXuSoMuonThu\deploy"
16796: 16:33:54.619 - Optimising event broadcast for 20 or more peers
16796: 16:33:54.620 - Start: About to load CLR - versions available:
16796: 16:33:54.620 - v2.0.50727
16796: 16:33:54.620 - v4.0.30319
16796: 16:33:54.620 - No preference in configuration file, will load latest.
16796: 16:33:54.620 - About to load version: "v4.0.30319"
16796: 16:33:54.621 - Loaded version: "v4.0.30319"
16796: 16:33:54.733 - Photon host runtime loaded
16796: 16:33:56.354 - License is valid.
16796: 16:33:56.354 - Licensed for 100 concurrent connections.
16796: 16:33:56.354 - ENet: Max Reliable Data In Transit (awaiting ACKs) per peer : 51200 bytes
16796: 16:33:56.354 - ENet: Per peer bandwidth limit
16796: 16:33:56.354 - ENet: Transmit Rate Limit: 256 KB/Sec
16796: 16:33:56.354 - ENet: Limit period: 200ms
16796: 16:33:56.354 - ENet: Limit per period: 52428 bytes
16796: 16:33:56.354 - ENet: Max queued data for transmission per peer: 512000 bytes
16796: 16:33:56.354 - ENet: Minimum retransmit timeout: 200
16796: 16:33:56.354 - No Maximum retransmit timeout
16796: 16:33:56.354 - ENet: Minimum timeout: 40000ms
16796: 16:33:56.354 - ENet: Maximum timeout: 50000ms
16796: 16:33:56.354 - ENet: Max Inbound Reliable Data Queued (awaiting resends of earlier sequence numbers) per peer : 163840 bytes
16796: 16:33:56.354 - No RTT ACK adjustment timeout
16796: 16:33:56.354 - About to load application: myConfig from srcServerXuSoMuonThu
16796: 16:33:56.402 - Taking reference on default app domain
16796: 16:33:56.498 - Application: "myConfig" started in app domain: 2
16796: 16:33:56.499 - Adding TCP listener on: 0.0.0.0: 4530 with a listen backlog of: 150
16796: 16:33:56.499 - TCP inactivity timeout: 10000ms
16796: 16:33:56.499 - TCP disconnect timeout: 120000ms
16796: 16:33:56.499 - MaxInboundMessageSize: 512000
16796: 16:33:56.499 - MaxOutboundMessageSize: 512000
16796: 16:33:56.499 - Forcing all applications ids to: "myConfig"
16796: 16:33:56.499 - Serving policy file requests from: "C:\Users\duong\Desktop\XuSoMuonThu\ServerXuSoMuonThu\deploy\Policy\assets\socket-policy.xml"
16796: 16:33:56.499 - Adding TCP listener on: 0.0.0.0: 4520 with a listen backlog of: 150
16796: 16:33:56.499 - TCP inactivity timeout: 5000ms
16796: 16:33:56.499 - TCP disconnect timeout: 120000ms
16796: 16:33:56.499 - MaxInboundMessageSize: 512000
16796: 16:33:56.499 - MaxOutboundMessageSize: 512000
16796: 16:33:56.499 - Forcing all applications ids to: "myConfig"
16796: 16:33:56.499 - MaxInboundMessageSize: 512000
16796: 16:33:56.499 - MaxOutboundMessageSize: 512000
16796: 16:33:56.499 - UDP address specified as: "0.0.0.0" adding listener to each available IPv4 address
16796: 16:33:56.499 - Adding UDP listener on: 192.168.1.6: 5055 with a listen backlog of: 500
16796: 16:33:56.499 - Adding UDP listener on: 127.0.0.1: 5055 with a listen backlog of: 500
16796: 16:33:56.499 - Adding WebSocket TCP listener on: 0.0.0.0: 9090 with a listen backlog of: 150
16796: 16:33:56.499 - Nagle disabled
16796: 16:33:56.499 - TCP inactivity timeout: 10000ms
16796: 16:33:56.499 - MaxInboundMessageSize: 512000
16796: 16:33:56.499 - MaxOutboundMessageSize: 512000
16796: 16:33:56.499 - Forcing all applications ids to: "myConfig"
16796: 16:33:56.499 - Will accept ANY sub-protocols from the client
16796: 16:33:56.499 - No automatic WebSocket ping
16796: 16:33:56.500 - Adding Policy File listener on: 0.0.0.0: 843 with a listen backlog of: 150 and serving Policy File: "C:\Users\duong\Desktop\XuSoMuonThu\ServerXuSoMuonThu\deploy\Policy\assets\socket-policy.xml"
16796: 16:33:56.500 - TCP inactivity timeout: 1000ms
16796: 16:33:56.500 - Adding Policy File listener on: 0.0.0.0: 943 with a listen backlog of: 150 and serving Policy File: "C:\Users\duong\Desktop\XuSoMuonThu\ServerXuSoMuonThu\deploy\Policy\assets\socket-policy-silverlight.xml"
16796: 16:33:56.500 - TCP inactivity timeout: 1000ms
16796: 16:33:56.518 - Service is running...
16796: 16:38:12.089 - Service is stopped...
16796: 16:38:12.089 - Server shutting down...
16796: 16:38:12.089 - Shutdown monitoring enabled, 30000ms before process abort
16796: 16:38:12.089 - Notifying CLR applications of shutdown...
16796: 16:38:12.089 - RequestApplicationStop: 2
16796: 16:38:12.092 - RequestStop: defalt app domain
16796: 16:38:12.093 - Shutting down WebSocket Outbound Connection Manager...
16796: 16:38:12.093 - Shutting down TCP Outbound Connection Manager...
16796: 16:38:12.093 - Shutting down ENet Outbound Connection Manager...
16796: 16:38:12.093 - Disconnecting all outbound peers...
16796: 16:38:12.093 - Shutting down ENet host...
16796: 16:38:12.093 - Disconnecting all peers...
16796: 16:38:12.093 - Shutting down socket servers...
16796: 16:38:12.094 - Shutting down ENet thread pool...
16796: 16:38:12.094 - Shutting down TCP inactivity timers...
16796: 16:38:12.094 - WaitingForShutdownToComplete: NativePolicy:0.0.0.0:843
16796: 16:38:12.094 - OnShutdownCompleted: NativePolicy:0.0.0.0:843
16796: 16:38:12.094 - WaitingForShutdownToComplete: NativePolicy:0.0.0.0:943
16796: 16:38:12.094 - OnShutdownCompleted: NativePolicy:0.0.0.0:943
16796: 16:38:12.094 - WaitingForShutdownToComplete: TCP:0.0.0.0:4520
16796: 16:38:12.094 - OnShutdownCompleted: TCP:0.0.0.0:4520
16796: 16:38:12.094 - WaitingForShutdownToComplete: TCP:0.0.0.0:4530
16796: 16:38:12.094 - OnShutdownCompleted: TCP:0.0.0.0:4530
16796: 16:38:12.094 - WaitingForShutdownToComplete: UDP:127.0.0.1:5055
16796: 16:38:12.094 - OnShutdownCompleted: UDP:127.0.0.1:5055
16796: 16:38:12.094 - WaitingForShutdownToComplete: UDP:192.168.1.6:5055
16796: 16:38:12.094 - OnShutdownCompleted: UDP:192.168.1.6:5055
16796: 16:38:12.094 - WaitingForShutdownToComplete: WebSocket:0.0.0.0:9090
16796: 16:38:12.094 - OnShutdownCompleted: WebSocket:0.0.0.0:9090
16796: 16:38:12.094 - Shutting down CLR applications...
5544: 16:38:12.098 - CManagedHost::OnDefaultAction() - OPR_AppDomainUnload - eUnloadAppDomain
16796: 16:38:12.098 - Shutting down business logic thread pool...
16796: 16:38:12.099 - Shutting down I/O thread pool...
16796: 16:38:12.099 - Destroying servers
16796: 16:38:12.099 - Destroying WebSocket Outbound Connection Manager
16796: 16:38:12.100 - Destroying TCP Outbound Connection Manager
16796: 16:38:12.100 - Destroying TCP inactivity timer
16796: 16:38:12.100 - Destroying ENet timer wheel
16796: 16:38:12.100 - Destroying ENet host
16796: 16:38:12.100 - Destroying ENet outbound host
16796: 16:38:12.100 - Destroying HTTP inactivity timer
16796: 16:38:12.100 - Destroying HTTP host
16796: 16:38:12.100 - Destroying HTTP Chunk host
16796: 16:38:12.100 - Flushing ENET buffer allocator...
16796: 16:38:12.100 - Flushing TCP buffer handle allocator...
16796: 16:38:12.101 - Flushing stream socket allocator...
16796: 16:38:12.101 - Flushing inbound datagram socket allocator...
16796: 16:38:12.102 - Flushing outbound datagram socket allocator...
16796: 16:38:12.102 - Destroying CLR dispatcher
16796: 16:38:12.102 - Destroying CLR applications
16796: 16:38:12.102 - ~CCLRApplicationCollection() - Waiting up to 10 seconds for the CLR to release all of our objects
19980: 16:38:12.109 - Unloading Domain: ApplicationName = 'myConfig', DomainId='2'
5544: 16:38:12.128 - CManagedHost::OnDomainUnload() - 2
16796: 16:38:12.129 - ~CCLRApplicationCollection() - Done. All objects released
16796: 16:38:12.129 - ~CManagedHost() - Release default app domain
16796: 16:38:12.129 - CManagedHost::OnDomainUnload() - 1
16796: 16:38:12.129 - ~CManagedHost() - Waiting up to 10 seconds for CLR shutdown...
16796: 16:38:12.129 - ~CManagedHost
16796: 16:38:12.129 - Destroying ENet thread pool
16796: 16:38:12.129 - Destroying Business logic thread pool
16796: 16:38:12.129 - Destroying I/O thread pool
16796: 16:38:12.129 - Destroying ENet buffer allocator
16796: 16:38:12.129 - Destroying TCP buffer allocator
16796: 16:38:12.129 - Destroying TCP socket allocator
16796: 16:38:12.129 - Destroying ENet inbound socket allocator
16796: 16:38:12.129 - Destroying ENet outbound socket allocator
16796: 16:38:12.129 - Destroying shared datagram flow control data
16796: 16:38:12.129 - Shutdown complete...
16796: 16:38:12.129 - Service shutting down
16796: 16:38:12.132 - Service shut down complete
18912: 16:38:22.114 - ---
18912: 16:38:22.114 - Service: "Photon Socket Server" starting
18912: 16:38:22.114 - Config File: C:\Users\duong\Desktop\XuSoMuonThu\ServerXuSoMuonThu\deploy\bin_Win64\PhotonServer.config
18912: 16:38:22.115 - Will produce at most: 10 crash dumps
18912: 16:38:22.115 - Action: run as exe
18912: 16:38:22.116 - Server Starting...
18912: 16:38:22.116 -    Tick count: 530769062 (wraps in: 43.5671 days)
18912: 16:38:22.116 - Tick count 64: 530769062
18912: 16:38:22.116 - Photon Version: 4.0.28.2962
18912: 16:38:22.116 - PID: 19340
18912: 16:38:22.116 - Config File: C:\Users\duong\Desktop\XuSoMuonThu\ServerXuSoMuonThu\deploy\bin_Win64\PhotonServer.config
18912: 16:38:22.116 - Will NOT log unimportant exceptions
18912: 16:38:22.118 - Not using performance counters as they are not currently installed. Run the service with /InstallCounters to install them.
18912: 16:38:22.118 - Shutdown timeout enabled: 30000ms
18912: 16:38:22.118 - Starting I/O thread pool with 2 threads
18912: 16:38:22.118 - Using Standard allocator
18912: 16:38:22.118 - Max message size: 512000
18912: 16:38:22.118 - Starting business logic thread pool with the following settings
18912: 16:38:22.118 - InitialThreads: 4 threads
18912: 16:38:22.118 - MinThreads: 4 threads
18912: 16:38:22.118 - Thread pool is fixed size
18912: 16:38:22.118 - Starting ENet thread pool with the following settings
18912: 16:38:22.118 - InitialThreads: 2 threads
18912: 16:38:22.118 - MinThreads: 2 threads
18912: 16:38:22.118 - Thread pool is fixed size
18912: 16:38:22.118 - OnlyDispatchTimers: False
18912: 16:38:22.118 - S2S: flow control: Max pending writes: 50
18912: 16:38:22.118 - S2S: flow control: Max queued buffers: 200
18912: 16:38:22.118 - S2S: flow control: Max pending writes MUX: 500
18912: 16:38:22.118 - S2S: flow control: Max queued buffers MUX: 2000
18912: 16:38:22.118 - S2S: MaxInboundMessageSize: 512000
18912: 16:38:22.118 - S2S: MaxOutboundMessageSize: 512000
18912: 16:38:22.118 - S2S: No inactivity timeout
18912: 16:38:22.121 - WebSocket S2S: MaxInboundMessageSize: 512000
18912: 16:38:22.121 - WebSocket S2S: MaxOutboundMessageSize: 512000
18912: 16:38:22.121 - WebSocket S2S: No inactivity timeout
18912: 16:38:22.121 - Max Reliable Data In Transit (awaiting ACKs) per peer : 51200 bytes
18912: 16:38:22.121 - Per peer bandwidth limit
18912: 16:38:22.121 - Transmit Rate Limit: 256 KB/Sec
18912: 16:38:22.121 - Limit period: 200ms
18912: 16:38:22.121 - Limit per period: 52428 bytes
18912: 16:38:22.121 - Max queued data for transmission per peer: 512000 bytes
18912: 16:38:22.121 - Minimum retransmit timeout: 200
18912: 16:38:22.121 - No Maximum retransmit timeout
18912: 16:38:22.121 - Minimum ENet timeout: 40000ms
18912: 16:38:22.121 - Maximum ENet timeout: 50000ms
18912: 16:38:22.121 - Max Inbound Reliable Data Queued (awaiting resends of earlier sequence numbers) per peer : 163840 bytes
18912: 16:38:22.121 - No RTT ACK adjustment timeout
18912: 16:38:22.121 - Outbound ENet: MaxInboundMessageSize: 512000
18912: 16:38:22.121 - Outbound ENet: MaxOutboundMessageSize: 512000
18912: 16:38:22.122 - GetRuntime - About to load CLR - versions available:
18912: 16:38:22.122 - v2.0.50727
18912: 16:38:22.122 - v4.0.30319
18912: 16:38:22.122 - Configuration requests: "v2.0.50727"
18912: 16:38:22.122 - About to load version: "v2.0.50727"
18912: 16:38:22.126 - About to load runtime: PhotonHostRuntime.PhotonDomainManager from PhotonHostRuntime, Culture=neutral, PublicKeyToken=02C301B61B060C4D
18912: 16:38:22.126 - CLRBaseDirectory set to "C:\Users\duong\Desktop\XuSoMuonThu\ServerXuSoMuonThu\deploy"
18912: 16:38:22.126 - Optimising event broadcast for 20 or more peers
18912: 16:38:22.126 - Start: About to load CLR - versions available:
18912: 16:38:22.126 - v2.0.50727
18912: 16:38:22.126 - v4.0.30319
18912: 16:38:22.126 - No preference in configuration file, will load latest.
18912: 16:38:22.126 - About to load version: "v4.0.30319"
18912: 16:38:22.127 - Loaded version: "v4.0.30319"
18912: 16:38:22.242 - Photon host runtime loaded
18912: 16:38:23.867 - License is valid.
18912: 16:38:23.867 - Licensed for 100 concurrent connections.
18912: 16:38:23.867 - ENet: Max Reliable Data In Transit (awaiting ACKs) per peer : 51200 bytes
18912: 16:38:23.867 - ENet: Per peer bandwidth limit
18912: 16:38:23.867 - ENet: Transmit Rate Limit: 256 KB/Sec
18912: 16:38:23.867 - ENet: Limit period: 200ms
18912: 16:38:23.867 - ENet: Limit per period: 52428 bytes
18912: 16:38:23.867 - ENet: Max queued data for transmission per peer: 512000 bytes
18912: 16:38:23.867 - ENet: Minimum retransmit timeout: 200
18912: 16:38:23.867 - No Maximum retransmit timeout
18912: 16:38:23.867 - ENet: Minimum timeout: 40000ms
18912: 16:38:23.867 - ENet: Maximum timeout: 50000ms
18912: 16:38:23.867 - ENet: Max Inbound Reliable Data Queued (awaiting resends of earlier sequence numbers) per peer : 163840 bytes
18912: 16:38:23.867 - No RTT ACK adjustment timeout
18912: 16:38:23.867 - About to load application: myConfig from srcServerXuSoMuonThu
18912: 16:38:23.911 - Taking reference on default app domain
18912: 16:38:24.028 - Application: "myConfig" started in app domain: 2
18912: 16:38:24.028 - Adding TCP listener on: 0.0.0.0: 4530 with a listen backlog of: 150
18912: 16:38:24.028 - TCP inactivity timeout: 10000ms
18912: 16:38:24.028 - TCP disconnect timeout: 120000ms
18912: 16:38:24.028 - MaxInboundMessageSize: 512000
18912: 16:38:24.028 - MaxOutboundMessageSize: 512000
18912: 16:38:24.028 - Forcing all applications ids to: "myConfig"
18912: 16:38:24.029 - Serving policy file requests from: "C:\Users\duong\Desktop\XuSoMuonThu\ServerXuSoMuonThu\deploy\Policy\assets\socket-policy.xml"
18912: 16:38:24.029 - Adding TCP listener on: 0.0.0.0: 4520 with a listen backlog of: 150
18912: 16:38:24.029 - TCP inactivity timeout: 5000ms
18912: 16:38:24.029 - TCP disconnect timeout: 120000ms
18912: 16:38:24.029 - MaxInboundMessageSize: 512000
18912: 16:38:24.029 - MaxOutboundMessageSize: 512000
18912: 16:38:24.029 - Forcing all applications ids to: "myConfig"
18912: 16:38:24.029 - MaxInboundMessageSize: 512000
18912: 16:38:24.029 - MaxOutboundMessageSize: 512000
18912: 16:38:24.029 - UDP address specified as: "0.0.0.0" adding listener to each available IPv4 address
18912: 16:38:24.029 - Adding UDP listener on: 192.168.1.6: 5055 with a listen backlog of: 500
18912: 16:38:24.029 - Adding UDP listener on: 127.0.0.1: 5055 with a listen backlog of: 500
18912: 16:38:24.029 - Adding WebSocket TCP listener on: 0.0.0.0: 9090 with a listen backlog of: 150
18912: 16:38:24.029 - Nagle disabled
18912: 16:38:24.029 - TCP inactivity timeout: 10000ms
18912: 16:38:24.029 - MaxInboundMessageSize: 512000
18912: 16:38:24.029 - MaxOutboundMessageSize: 512000
18912: 16:38:24.029 - Forcing all applications ids to: "myConfig"
18912: 16:38:24.029 - Will accept ANY sub-protocols from the client
18912: 16:38:24.029 - No automatic WebSocket ping
18912: 16:38:24.029 - Adding Policy File listener on: 0.0.0.0: 843 with a listen backlog of: 150 and serving Policy File: "C:\Users\duong\Desktop\XuSoMuonThu\ServerXuSoMuonThu\deploy\Policy\assets\socket-policy.xml"
18912: 16:38:24.029 - TCP inactivity timeout: 1000ms
18912: 16:38:24.029 - Adding Policy File listener on: 0.0.0.0: 943 with a listen backlog of: 150 and serving Policy File: "C:\Users\duong\Desktop\XuSoMuonThu\ServerXuSoMuonThu\deploy\Policy\assets\socket-policy-silverlight.xml"
18912: 16:38:24.029 - TCP inactivity timeout: 1000ms
18912: 16:38:24.056 - Service is running...
