16824: 20:23:05.909 - ---
16824: 20:23:05.909 - Service: "Photon Socket Server" starting
16824: 20:23:05.909 - Config File: C:\Users\duong\Desktop\XuSoMuonThu\ServerXuSoMuonThu\deploy\bin_Win64\PhotonServer.config
16824: 20:23:05.911 - Will produce at most: 10 crash dumps
16824: 20:23:05.911 - Service shutting down
16824: 20:23:05.912 - Service shut down complete
828: 21:03:31.230 - ---
828: 21:03:31.230 - Service: "Photon Socket Server" starting
828: 21:03:31.230 - Config File: C:\Users\duong\Desktop\XuSoMuonThu\ServerXuSoMuonThu\deploy\bin_Win64\PhotonServer.config
828: 21:03:31.232 - Will produce at most: 10 crash dumps
828: 21:03:31.232 - Service shutting down
828: 21:03:31.233 - Service shut down complete
26584: 21:37:45.073 - ---
26584: 21:37:45.073 - Service: "Photon Socket Server" starting
26584: 21:37:45.073 - Config File: C:\Users\duong\Desktop\XuSoMuonThu\ServerXuSoMuonThu\deploy\bin_Win64\PhotonServer.config
26584: 21:37:45.075 - Will produce at most: 10 crash dumps
26584: 21:37:45.075 - Service shutting down
26584: 21:37:45.076 - Service shut down complete
12540: 21:57:44.259 - ---
12540: 21:57:44.260 - Service: "Photon Socket Server" starting
12540: 21:57:44.260 - Config File: C:\Users\duong\Desktop\XuSoMuonThu\ServerXuSoMuonThu\deploy\bin_Win64\PhotonServer.config
12540: 21:57:44.261 - Will produce at most: 10 crash dumps
12540: 21:57:44.262 - Service shutting down
12540: 21:57:44.262 - Service shut down complete
804: 22:26:22.212 - ---
804: 22:26:22.212 - Service: "Photon Socket Server" starting
804: 22:26:22.212 - Config File: C:\Users\duong\Desktop\XuSoMuonThu\ServerXuSoMuonThu\deploy\bin_Win64\PhotonServer.config
804: 22:26:22.215 - Will produce at most: 10 crash dumps
804: 22:26:22.216 - Service shutting down
804: 22:26:22.220 - Service shut down complete
2540: 22:29:38.235 - ---
2540: 22:29:38.235 - Service: "Photon Socket Server" starting
2540: 22:29:38.235 - Config File: C:\Users\duong\Desktop\XuSoMuonThu\ServerXuSoMuonThu\deploy\bin_Win64\PhotonServer.config
2540: 22:29:38.238 - Will produce at most: 10 crash dumps
2540: 22:29:38.238 - Service shutting down
2540: 22:29:38.241 - Service shut down complete
11756: 23:40:58.671 - ---
11756: 23:40:58.671 - Service: "Photon Socket Server" starting
11756: 23:40:58.671 - Config File: C:\Users\duong\Desktop\XuSoMuonThu\ServerXuSoMuonThu\deploy\bin_Win64\PhotonServer.config
11756: 23:40:58.673 - Will produce at most: 10 crash dumps
11756: 23:40:58.673 - Service shutting down
11756: 23:40:58.674 - Service shut down complete
23836: 23:58:26.538 - ---
23836: 23:58:26.538 - Service: "Photon Socket Server" starting
23836: 23:58:26.539 - Config File: C:\Users\duong\Desktop\XuSoMuonThu\ServerXuSoMuonThu\deploy\bin_Win64\PhotonServer.config
23836: 23:58:26.540 - Will produce at most: 10 crash dumps
23836: 23:58:26.540 - Service shutting down
23836: 23:58:26.542 - Service shut down complete
