23596: 14:00:14.863 - ---
23596: 14:00:14.863 - Service: "Photon Socket Server" starting
23596: 14:00:14.863 - Config File: C:\Users\duong\Desktop\XuSoMuonThu\ServerXuSoMuonThu\deploy\bin_Win64\PhotonServer.config
23596: 14:00:14.865 - Will produce at most: 10 crash dumps
23596: 14:00:14.865 - Service shutting down
23596: 14:00:14.866 - Service shut down complete
22960: 20:42:07.562 - ---
22960: 20:42:07.562 - Service: "Photon Socket Server" starting
22960: 20:42:07.562 - Config File: C:\Users\duong\Desktop\XuSoMuonThu\ServerXuSoMuonThu\deploy\bin_Win64\PhotonServer.config
22960: 20:42:07.564 - Will produce at most: 10 crash dumps
22960: 20:42:07.564 - Service shutting down
22960: 20:42:07.566 - Service shut down complete
13972: 20:46:31.394 - ---
13972: 20:46:31.394 - Service: "Photon Socket Server" starting
13972: 20:46:31.394 - Config File: C:\Users\duong\Desktop\XuSoMuonThu\ServerXuSoMuonThu\deploy\bin_Win64\PhotonServer.config
13972: 20:46:31.407 - Will produce at most: 10 crash dumps
13972: 20:46:31.415 - Service shutting down
13972: 20:46:31.427 - Service shut down complete
15868: 20:49:52.290 - ---
15868: 20:49:52.290 - Service: "Photon Socket Server" starting
15868: 20:49:52.290 - Config File: C:\Users\duong\Desktop\XuSoMuonThu\ServerXuSoMuonThu\deploy\bin_Win64\PhotonServer.config
15868: 20:49:52.291 - Will produce at most: 10 crash dumps
15868: 20:49:52.291 - Service shutting down
15868: 20:49:52.293 - Service shut down complete
13216: 20:57:30.145 - ---
13216: 20:57:30.145 - Service: "Photon Socket Server" starting
13216: 20:57:30.145 - Config File: C:\Users\duong\Desktop\XuSoMuonThu\ServerXuSoMuonThu\deploy\bin_Win64\PhotonServer.config
13216: 20:57:30.146 - Will produce at most: 10 crash dumps
13216: 20:57:30.146 - Service shutting down
13216: 20:57:30.147 - Service shut down complete
