26116: 01:19:21.999 - ---
26116: 01:19:21.999 - Service: "Photon Socket Server" starting
26116: 01:19:21.999 - Config File: C:\Users\duong\Desktop\XuSoMuonThu\ServerXuSoMuonThu\deploy\bin_Win64\PhotonServer.config
26116: 01:19:22.000 - Will produce at most: 10 crash dumps
26116: 01:19:22.000 - Service shutting down
26116: 01:19:22.001 - Service shut down complete
27236: 01:21:39.209 - ---
27236: 01:21:39.209 - Service: "Photon Socket Server" starting
27236: 01:21:39.209 - Config File: C:\Users\duong\Desktop\XuSoMuonThu\ServerXuSoMuonThu\deploy\bin_Win64\PhotonServer.config
27236: 01:21:39.214 - Will produce at most: 10 crash dumps
27236: 01:21:39.214 - Service shutting down
27236: 01:21:39.216 - Service shut down complete
15904: 01:25:59.792 - ---
15904: 01:25:59.792 - Service: "Photon Socket Server" starting
15904: 01:25:59.793 - Config File: C:\Users\duong\Desktop\XuSoMuonThu\ServerXuSoMuonThu\deploy\bin_Win64\PhotonServer.config
15904: 01:25:59.795 - Will produce at most: 10 crash dumps
15904: 01:25:59.795 - Service shutting down
15904: 01:25:59.797 - Service shut down complete
22992: 02:26:35.180 - ---
22992: 02:26:35.180 - Service: "Photon Socket Server" starting
22992: 02:26:35.180 - Config File: C:\Users\duong\Desktop\XuSoMuonThu\ServerXuSoMuonThu\deploy\bin_Win64\PhotonServer.config
22992: 02:26:35.181 - Will produce at most: 10 crash dumps
22992: 02:26:35.181 - Service shutting down
22992: 02:26:35.182 - Service shut down complete
21228: 15:56:03.966 - ---
21228: 15:56:03.966 - Service: "Photon Socket Server" starting
21228: 15:56:03.966 - Config File: C:\Users\duong\Desktop\XuSoMuonThu\ServerXuSoMuonThu\deploy\bin_Win64\PhotonServer.config
21228: 15:56:03.968 - Will produce at most: 10 crash dumps
21228: 15:56:03.968 - Service shutting down
21228: 15:56:03.968 - Service shut down complete
12996: 19:28:53.252 - ---
12996: 19:28:53.252 - Service: "Photon Socket Server" starting
12996: 19:28:53.252 - Config File: C:\Users\duong\Desktop\XuSoMuonThu\ServerXuSoMuonThu\deploy\bin_Win64\PhotonServer.config
12996: 19:28:53.254 - Will produce at most: 10 crash dumps
12996: 19:28:53.254 - Service shutting down
12996: 19:28:53.255 - Service shut down complete
7056: 19:49:14.426 - ---
7056: 19:49:14.426 - Service: "Photon Socket Server" starting
7056: 19:49:14.426 - Config File: C:\Users\duong\Desktop\XuSoMuonThu\ServerXuSoMuonThu\deploy\bin_Win64\PhotonServer.config
7056: 19:49:14.429 - Will produce at most: 10 crash dumps
7056: 19:49:14.429 - Service shutting down
7056: 19:49:14.430 - Service shut down complete
804: 20:08:36.201 - ---
804: 20:08:36.201 - Service: "Photon Socket Server" starting
804: 20:08:36.202 - Config File: C:\Users\duong\Desktop\XuSoMuonThu\ServerXuSoMuonThu\deploy\bin_Win64\PhotonServer.config
804: 20:08:36.203 - Will produce at most: 10 crash dumps
804: 20:08:36.203 - Service shutting down
804: 20:08:36.204 - Service shut down complete
28064: 21:53:38.795 - ---
28064: 21:53:38.795 - Service: "Photon Socket Server" starting
28064: 21:53:38.795 - Config File: C:\Users\duong\Desktop\XuSoMuonThu\ServerXuSoMuonThu\deploy\bin_Win64\PhotonServer.config
28064: 21:53:38.798 - Will produce at most: 10 crash dumps
28064: 21:53:38.798 - Service shutting down
28064: 21:53:38.799 - Service shut down complete
