22296: 08:02:41.107 - ---
22296: 08:02:41.107 - Service: "Photon Socket Server" starting
22296: 08:02:41.107 - Config File: C:\Users\duong\Desktop\XuSoMuonThu\ServerXuSoMuonThu\deploy\bin_Win64\PhotonServer.config
22296: 08:02:41.109 - Will produce at most: 10 crash dumps
22296: 08:02:41.109 - Service shutting down
22296: 08:02:41.111 - Service shut down complete
11580: 08:05:03.657 - ---
11580: 08:05:03.657 - Service: "Photon Socket Server" starting
11580: 08:05:03.657 - Config File: C:\Users\duong\Desktop\XuSoMuonThu\ServerXuSoMuonThu\deploy\bin_Win64\PhotonServer.config
11580: 08:05:03.659 - Will produce at most: 10 crash dumps
11580: 08:05:03.660 - Service shutting down
11580: 08:05:03.663 - Service shut down complete
22432: 08:20:55.187 - ---
22432: 08:20:55.187 - Service: "Photon Socket Server" starting
22432: 08:20:55.188 - Config File: C:\Users\duong\Desktop\XuSoMuonThu\ServerXuSoMuonThu\deploy\bin_Win64\PhotonServer.config
22432: 08:20:55.191 - Will produce at most: 10 crash dumps
22432: 08:20:55.191 - Service shutting down
22432: 08:20:55.193 - Service shut down complete
616: 08:33:42.210 - ---
616: 08:33:42.210 - Service: "Photon Socket Server" starting
616: 08:33:42.210 - Config File: C:\Users\duong\Desktop\XuSoMuonThu\ServerXuSoMuonThu\deploy\bin_Win64\PhotonServer.config
616: 08:33:42.211 - Will produce at most: 10 crash dumps
616: 08:33:42.212 - Service shutting down
616: 08:33:42.213 - Service shut down complete
23140: 17:30:38.293 - ---
23140: 17:30:38.294 - Service: "Photon Socket Server" starting
23140: 17:30:38.294 - Config File: C:\Users\duong\Desktop\XuSoMuonThu\ServerXuSoMuonThu\deploy\bin_Win64\PhotonServer.config
23140: 17:30:38.298 - Will produce at most: 10 crash dumps
23140: 17:30:38.298 - Service shutting down
23140: 17:30:38.303 - Service shut down complete
23064: 17:36:05.324 - ---
23064: 17:36:05.324 - Service: "Photon Socket Server" starting
23064: 17:36:05.324 - Config File: C:\Users\duong\Desktop\XuSoMuonThu\ServerXuSoMuonThu\deploy\bin_Win64\PhotonServer.config
23064: 17:36:05.326 - Will produce at most: 10 crash dumps
23064: 17:36:05.326 - Service shutting down
23064: 17:36:05.328 - Service shut down complete
13660: 17:39:30.206 - ---
13660: 17:39:30.206 - Service: "Photon Socket Server" starting
13660: 17:39:30.206 - Config File: C:\Users\duong\Desktop\XuSoMuonThu\ServerXuSoMuonThu\deploy\bin_Win64\PhotonServer.config
13660: 17:39:30.208 - Will produce at most: 10 crash dumps
13660: 17:39:30.208 - Service shutting down
13660: 17:39:30.210 - Service shut down complete
6308: 17:55:45.438 - ---
6308: 17:55:45.438 - Service: "Photon Socket Server" starting
6308: 17:55:45.438 - Config File: C:\Users\duong\Desktop\XuSoMuonThu\ServerXuSoMuonThu\deploy\bin_Win64\PhotonServer.config
6308: 17:55:45.439 - Will produce at most: 10 crash dumps
6308: 17:55:45.439 - Service shutting down
6308: 17:55:45.441 - Service shut down complete
1700: 22:23:54.272 - ---
1700: 22:23:54.272 - Service: "Photon Socket Server" starting
1700: 22:23:54.272 - Config File: C:\Users\duong\Desktop\XuSoMuonThu\ServerXuSoMuonThu\deploy\bin_Win64\PhotonServer.config
1700: 22:23:54.275 - Will produce at most: 10 crash dumps
1700: 22:23:54.275 - Service shutting down
1700: 22:23:54.277 - Service shut down complete
25004: 22:34:17.507 - ---
25004: 22:34:17.507 - Service: "Photon Socket Server" starting
25004: 22:34:17.507 - Config File: C:\Users\duong\Desktop\XuSoMuonThu\ServerXuSoMuonThu\deploy\bin_Win64\PhotonServer.config
25004: 22:34:17.508 - Will produce at most: 10 crash dumps
25004: 22:34:17.509 - Service shutting down
25004: 22:34:17.511 - Service shut down complete
11124: 22:39:31.118 - ---
11124: 22:39:31.118 - Service: "Photon Socket Server" starting
11124: 22:39:31.118 - Config File: C:\Users\duong\Desktop\XuSoMuonThu\ServerXuSoMuonThu\deploy\bin_Win64\PhotonServer.config
11124: 22:39:31.120 - Will produce at most: 10 crash dumps
11124: 22:39:31.120 - Service shutting down
11124: 22:39:31.122 - Service shut down complete
