16928: 15:02:29.307 - ---
16928: 15:02:29.307 - Service: "Photon Socket Server" starting
16928: 15:02:29.308 - Config File: C:\Users\duong\Desktop\XuSoMuonThu\ServerXuSoMuonThu\deploy\bin_Win64\PhotonServer.config
16928: 15:02:29.311 - Will produce at most: 10 crash dumps
16928: 15:02:29.311 - Service shutting down
16928: 15:02:29.316 - Service shut down complete
14972: 15:10:33.643 - ---
14972: 15:10:33.643 - Service: "Photon Socket Server" starting
14972: 15:10:33.643 - Config File: C:\Users\duong\Desktop\XuSoMuonThu\ServerXuSoMuonThu\deploy\bin_Win64\PhotonServer.config
14972: 15:10:33.652 - Will produce at most: 10 crash dumps
14972: 15:10:33.653 - Service shutting down
14972: 15:10:33.661 - Service shut down complete
20264: 15:20:25.107 - ---
20264: 15:20:25.107 - Service: "Photon Socket Server" starting
20264: 15:20:25.107 - Config File: C:\Users\duong\Desktop\XuSoMuonThu\ServerXuSoMuonThu\deploy\bin_Win64\PhotonServer.config
20264: 15:20:25.110 - Will produce at most: 10 crash dumps
20264: 15:20:25.110 - Service shutting down
20264: 15:20:25.112 - Service shut down complete
21140: 15:24:15.870 - ---
21140: 15:24:15.870 - Service: "Photon Socket Server" starting
21140: 15:24:15.870 - Config File: C:\Users\duong\Desktop\XuSoMuonThu\ServerXuSoMuonThu\deploy\bin_Win64\PhotonServer.config
21140: 15:24:15.872 - Will produce at most: 10 crash dumps
21140: 15:24:15.872 - Service shutting down
21140: 15:24:15.873 - Service shut down complete
